<?xml version="1.0" encoding="UTF-8"?>
<!-- Generated by org.testng.reporters.JUnitReportReporter -->
<testsuite skipped="0" hostname="MJLT-2643" name="com.BidSubmission.Create_Multi_Tender_BidSubmission_FromPR" tests="2" failures="0" timestamp="2025-01-27T18:54:32 IST" time="1446.801" errors="0">
  <testcase name="createTenderBidSubmissionFromPR_Dynamically" time="667.978" classname="com.BidSubmission.Create_Multi_Tender_BidSubmission_FromPR"/>
  <system-out/>
  <testcase name="createTenderBidSubmissionFromPR_Dynamically" time="778.823" classname="com.BidSubmission.Create_Multi_Tender_BidSubmission_FromPR"/>
  <system-out/>
</testsuite> <!-- com.BidSubmission.Create_Multi_Tender_BidSubmission_FromPR -->
