<?xml version="1.0" encoding="UTF-8"?>
<!-- Generated by org.testng.reporters.JUnitReportReporter -->
<testsuite skipped="0" hostname="MJLT-1563" name="com.testScripts_mjunction.TG1_TC_GRN_Create3StagesGRN_From_Indent_E2E" tests="1" failures="0" timestamp="2024-03-03T22:58:35 IST" time="985.676" errors="0">
  <testcase name="Create3StagesGRN_WithoutApprovalFlow" time="985.676" classname="com.testScripts_mjunction.TG1_TC_GRN_Create3StagesGRN_From_Indent_E2E"/>
  <system-out/>
</testsuite> <!-- com.testScripts_mjunction.TG1_TC_GRN_Create3StagesGRN_From_Indent_E2E -->
