<?xml version="1.0" encoding="UTF-8"?>
<!-- Generated by org.testng.reporters.JUnitReportReporter -->
<testsuite skipped="0" hostname="MJLT-1411" name="com.testScripts_mjunction.TG4_TC_Corrigendum_05_DateCorrigendum_withApprovalReview_Closedstate" tests="1" failures="0" timestamp="31 Mar 2021 08:07:23 GMT" time="1238.237" errors="0">
  <testcase name="Date_Corrigendum_approval_review_closed_state_TG4" time="1238.237" classname="com.testScripts_mjunction.TG4_TC_Corrigendum_05_DateCorrigendum_withApprovalReview_Closedstate"/>
</testsuite> <!-- com.testScripts_mjunction.TG4_TC_Corrigendum_05_DateCorrigendum_withApprovalReview_Closedstate -->
