<?xml version="1.0" encoding="UTF-8"?>
<!-- Generated by org.testng.reporters.JUnitReportReporter -->
<testsuite skipped="0" hostname="MJLT-2170" name="com.ProductionDefects.Tender_PD_132382" tests="1" failures="0" timestamp="2025-01-28T11:50:15 IST" time="925.396" errors="0">
  <testcase name="ProductionDefect_135540" time="925.396" classname="com.ProductionDefects.Tender_PD_132382"/>
  <system-out/>
</testsuite> <!-- com.ProductionDefects.Tender_PD_132382 -->
