<?xml version="1.0" encoding="UTF-8"?>
<!-- Generated by org.testng.reporters.JUnitReportReporter -->
<testsuite skipped="0" hostname="MJLT-2170" name="com.testScripts_mjunction.TC_EPS_PO_08_Repeat_order" tests="1" failures="0" timestamp="2024-06-06T15:43:48 IST" time="506.173" errors="0">
  <testcase name="f" time="506.173" classname="com.testScripts_mjunction.TC_EPS_PO_08_Repeat_order"/>
  <system-out/>
</testsuite> <!-- com.testScripts_mjunction.TC_EPS_PO_08_Repeat_order -->
