<?xml version="1.0" encoding="UTF-8"?>
<!-- Generated by org.testng.reporters.JUnitReportReporter -->
<testsuite skipped="0" hostname="MJLT-1553" name="com.testScripts_mjunction.TG1_TC_BidSubmission_09_verifying_Withdraw_functionality" tests="1" failures="0" timestamp="2024-04-22T17:27:34 IST" time="2343.999" errors="0">
  <testcase name="Verifying_Withdrawbid_functionality" time="2343.999" classname="com.testScripts_mjunction.TG1_TC_BidSubmission_09_verifying_Withdraw_functionality"/>
  <system-out/>
</testsuite> <!-- com.testScripts_mjunction.TG1_TC_BidSubmission_09_verifying_Withdraw_functionality -->
