<?xml version="1.0" encoding="UTF-8"?>
<!-- Generated by org.testng.reporters.JUnitReportReporter -->
<testsuite skipped="0" hostname="MJLT-1563" name="com.testScripts_mjunction.TC_SN_07VerifyEndToEndWorkFlowOfSanctionNoteWith_Team_Workflow" tests="1" failures="0" timestamp="2024-03-02T15:39:45 IST" time="335.460" errors="0">
  <testcase name="f" time="335.460" classname="com.testScripts_mjunction.TC_SN_07VerifyEndToEndWorkFlowOfSanctionNoteWith_Team_Workflow"/>
  <system-out/>
</testsuite> <!-- com.testScripts_mjunction.TC_SN_07VerifyEndToEndWorkFlowOfSanctionNoteWith_Team_Workflow -->
