<?xml version="1.0" encoding="UTF-8"?>
<!-- Generated by org.testng.reporters.JUnitReportReporter -->
<testsuite skipped="0" hostname="MJLT-1563" name="com.testScripts_mjunction.TG7_TC_Corrigendum_03_DateCorrigendum_withApproval_Livestate" tests="1" failures="0" timestamp="2021-05-19T21:31:38 IST" time="1228.193" errors="0">
  <testcase name="Date_Corrigendum_approval_Live_state_TG7" time="1228.193" classname="com.testScripts_mjunction.TG7_TC_Corrigendum_03_DateCorrigendum_withApproval_Livestate"/>
</testsuite> <!-- com.testScripts_mjunction.TG7_TC_Corrigendum_03_DateCorrigendum_withApproval_Livestate -->
