<?xml version="1.0" encoding="UTF-8"?>
<!-- Generated by org.testng.reporters.JUnitReportReporter -->
<testsuite skipped="0" hostname="MLJT-2647" name="com.Dynamicity.CreateTender_BidSubmission_FromPR_Dynamically" tests="1" failures="0" timestamp="2024-11-08T15:00:15 IST" time="1280.637" errors="0">
  <testcase name="createTenderBidSubmissionFromPR_Dynamically" time="1280.637" classname="com.Dynamicity.CreateTender_BidSubmission_FromPR_Dynamically"/>
  <system-out/>
</testsuite> <!-- com.Dynamicity.CreateTender_BidSubmission_FromPR_Dynamically -->
