<?xml version="1.0" encoding="UTF-8"?>
<!-- Generated by org.testng.reporters.JUnitReportReporter -->
<testsuite skipped="0" hostname="MJLT-2643" name="com.Dynamicity.CreateTenderFromIndent_Dynamically" tests="1" failures="0" timestamp="2024-09-17T14:05:42 IST" time="1324.366" errors="0">
  <testcase name="CreateTenderFromIndentDynamically" time="1324.366" classname="com.Dynamicity.CreateTenderFromIndent_Dynamically"/>
  <system-out/>
</testsuite> <!-- com.Dynamicity.CreateTenderFromIndent_Dynamically -->
