<?xml version="1.0" encoding="UTF-8"?>
<!-- Generated by org.testng.reporters.JUnitReportReporter -->
<testsuite skipped="0" hostname="MJLT-2643" name="com.ProductionDefects.Tender_135540" tests="1" failures="0" timestamp="2024-07-29T23:48:28 IST" time="175.388" errors="0">
  <testcase name="ProductionDefect_135540" time="175.388" classname="com.ProductionDefects.Tender_135540"/>
  <system-out/>
</testsuite> <!-- com.ProductionDefects.Tender_135540 -->
