<?xml version="1.0" encoding="UTF-8"?>
<!-- Generated by org.testng.reporters.JUnitReportReporter -->
<testsuite skipped="0" hostname="MJLT-2170" name="com.ProductionDefects.Indent_PD_134437" tests="1" failures="0" timestamp="2025-01-20T12:45:46 IST" time="353.787" errors="0">
  <testcase name="ProductionDefect_135540" time="353.787" classname="com.ProductionDefects.Indent_PD_134437"/>
  <system-out/>
</testsuite> <!-- com.ProductionDefects.Indent_PD_134437 -->
