<?xml version="1.0" encoding="UTF-8"?>
<!-- Generated by org.testng.reporters.JUnitReportReporter -->
<testsuite skipped="0" hostname="MJLT-1563" name="com.testScripts_mjunction.TG1_TC_Corrigendum_03_DateCorrigendum_withApproval_Livestate" tests="1" failures="0" timestamp="2024-01-11T15:04:33 IST" time="131.614" errors="0">
  <testcase name="Date_Corrigendum_approval_Live_state" time="131.614" classname="com.testScripts_mjunction.TG1_TC_Corrigendum_03_DateCorrigendum_withApproval_Livestate"/>
  <system-out/>
</testsuite> <!-- com.testScripts_mjunction.TG1_TC_Corrigendum_03_DateCorrigendum_withApproval_Livestate -->
