<?xml version="1.0" encoding="UTF-8"?>
<!-- Generated by org.testng.reporters.JUnitReportReporter -->
<testsuite skipped="0" hostname="MJLT-1563" name="com.testScripts_mjunction.TG1_TC_Indent_02_Creation_with_multiple_Approvers" tests="1" failures="0" timestamp="2024-01-05T09:54:17 IST" time="3502.708" errors="0">
  <testcase name="Indent_creation_with_approval" time="3502.708" classname="com.testScripts_mjunction.TG1_TC_Indent_02_Creation_with_multiple_Approvers"/>
  <system-out/>
</testsuite> <!-- com.testScripts_mjunction.TG1_TC_Indent_02_Creation_with_multiple_Approvers -->
