<?xml version="1.0" encoding="UTF-8"?>
<!-- Generated by org.testng.reporters.JUnitReportReporter -->
<testsuite skipped="0" hostname="MJLT-1563" name="com.testScripts_mjunction.TG1_TC_Indent_06_Assignment_Process_Assign_approver" tests="1" failures="0" timestamp="2022-12-29T21:17:08 IST" time="420.874" errors="0">
  <testcase name="Verifying_indent_AssignmentProcess_assignApprover" time="420.874" classname="com.testScripts_mjunction.TG1_TC_Indent_06_Assignment_Process_Assign_approver"/>
  <system-out/>
</testsuite> <!-- com.testScripts_mjunction.TG1_TC_Indent_06_Assignment_Process_Assign_approver -->
