<?xml version="1.0" encoding="UTF-8"?>
<!-- Generated by org.testng.reporters.JUnitReportReporter -->
<testsuite skipped="0" hostname="MJLT-2170" name="com.testScripts_mjunction.Supplier_Registration" tests="1" failures="0" timestamp="2024-07-03T12:49:26 IST" time="118.729" errors="0">
  <testcase name="Indent_creation_with_approval" time="118.729" classname="com.testScripts_mjunction.Supplier_Registration"/>
  <system-out/>
</testsuite> <!-- com.testScripts_mjunction.Supplier_Registration -->
