<?xml version="1.0" encoding="UTF-8"?>
<!-- Generated by org.testng.reporters.JUnitReportReporter -->
<testsuite skipped="0" hostname="MLJT-2647" name="com.VerifyIndividualFunctionalityofApprovalFlow_Dynamic.TC_01_Indent_Approver_Forward_functionality" tests="1" failures="0" timestamp="2025-01-22T13:49:40 IST" time="399.355" errors="0">
  <testcase name="Indent_creation_with_approval" time="399.355" classname="com.VerifyIndividualFunctionalityofApprovalFlow_Dynamic.TC_01_Indent_Approver_Forward_functionality"/>
  <system-out/>
</testsuite> <!-- com.VerifyIndividualFunctionalityofApprovalFlow_Dynamic.TC_01_Indent_Approver_Forward_functionality -->
