<?xml version="1.0" encoding="UTF-8"?>
<!-- Generated by org.testng.reporters.JUnitReportReporter -->
<testsuite skipped="0" hostname="MJLT-2170" name="com.ProductionDefects.Tender_PD_135673" tests="1" failures="0" timestamp="2025-01-30T12:57:26 IST" time="59.162" errors="0">
  <testcase name="ProductionDefect_135540" time="59.162" classname="com.ProductionDefects.Tender_PD_135673"/>
  <system-out/>
</testsuite> <!-- com.ProductionDefects.Tender_PD_135673 -->
