<?xml version="1.0" encoding="UTF-8"?>
<!-- Generated by org.testng.reporters.JUnitReportReporter -->
<testsuite skipped="0" hostname="MLJT-2647" name="com.testScripts_mjunction.TC_SN_04VerifyDeleteOfSanctionNoteTest" tests="1" failures="0" timestamp="2024-07-02T15:29:50 IST" time="166.952" errors="0">
  <testcase name="f" time="166.952" classname="com.testScripts_mjunction.TC_SN_04VerifyDeleteOfSanctionNoteTest"/>
  <system-out/>
</testsuite> <!-- com.testScripts_mjunction.TC_SN_04VerifyDeleteOfSanctionNoteTest -->
