<?xml version="1.0" encoding="UTF-8"?>
<!-- Generated by org.testng.reporters.JUnitReportReporter -->
<testsuite skipped="0" hostname="MJLT-1563" name="com.testScripts_mjunction.TG9_TC_Indent_04_Mark_for_RFQ_functionality" tests="1" failures="0" timestamp="2021-12-20T19:47:05 IST" time="319.016" errors="0">
  <testcase name="Verifying_indent_MarkForRFQ_functionality_TG8" time="319.016" classname="com.testScripts_mjunction.TG9_TC_Indent_04_Mark_for_RFQ_functionality"/>
  <system-out/>
</testsuite> <!-- com.testScripts_mjunction.TG9_TC_Indent_04_Mark_for_RFQ_functionality -->
