<?xml version="1.0" encoding="UTF-8"?>
<!-- Generated by org.testng.reporters.JUnitReportReporter -->
<testsuite skipped="0" hostname="MLJT-2647" name="com.testScripts_mjunction.TG1_TC_Indent_07_Creation_with_Predefined_approval" tests="1" failures="0" timestamp="2024-06-20T17:39:21 IST" time="1028.056" errors="0">
  <testcase name="Indent_creation_with_approval" time="1028.056" classname="com.testScripts_mjunction.TG1_TC_Indent_07_Creation_with_Predefined_approval"/>
  <system-out/>
</testsuite> <!-- com.testScripts_mjunction.TG1_TC_Indent_07_Creation_with_Predefined_approval -->
