<?xml version="1.0" encoding="UTF-8"?>
<!-- Generated by org.testng.reporters.JUnitReportReporter -->
<testsuite skipped="0" hostname="MLJT-2647" name="com.VerifyIndividualFunctionalityofApprovalFlow_Dynamic.TC_01_Indent_Approver_Recall_by_creator" tests="1" failures="0" timestamp="2025-01-22T14:55:41 IST" time="318.829" errors="0">
  <testcase name="Indent_creation_with_approval" time="318.829" classname="com.VerifyIndividualFunctionalityofApprovalFlow_Dynamic.TC_01_Indent_Approver_Recall_by_creator"/>
  <system-out/>
</testsuite> <!-- com.VerifyIndividualFunctionalityofApprovalFlow_Dynamic.TC_01_Indent_Approver_Recall_by_creator -->
