<?xml version="1.0" encoding="UTF-8"?>
<!-- Generated by org.testng.reporters.JUnitReportReporter -->
<testsuite skipped="0" hostname="MLJT-2647" name="com.testScripts_mjunction.TC_EPS_PO_04_Deleted_Test" tests="1" failures="0" timestamp="2024-06-26T17:22:39 IST" time="369.325" errors="0">
  <testcase name="f" time="369.325" classname="com.testScripts_mjunction.TC_EPS_PO_04_Deleted_Test"/>
  <system-out/>
</testsuite> <!-- com.testScripts_mjunction.TC_EPS_PO_04_Deleted_Test -->
