<?xml version="1.0" encoding="UTF-8"?>
<!-- Generated by org.testng.reporters.JUnitReportReporter -->
<testsuite skipped="0" hostname="MJLT-1563" name="com.testScripts_mjunction.TG8_TC_Corrigendum_04_DateCorrigendum_withApproval_Closedstate" tests="1" failures="0" timestamp="2021-06-03T21:14:11 IST" time="1310.025" errors="0">
  <testcase name="Date_Corrigendum_approval_closed_state_TG8" time="1310.025" classname="com.testScripts_mjunction.TG8_TC_Corrigendum_04_DateCorrigendum_withApproval_Closedstate"/>
</testsuite> <!-- com.testScripts_mjunction.TG8_TC_Corrigendum_04_DateCorrigendum_withApproval_Closedstate -->
