<?xml version="1.0" encoding="UTF-8"?>
<!-- Generated by org.testng.reporters.JUnitReportReporter -->
<testsuite skipped="0" hostname="MJLT-2170" name="com.Tender_Creation.TC_02_TenderCreation_From_PR_with_multiple_approver" tests="1" failures="0" timestamp="2024-12-19T15:54:25 IST" time="1966.711" errors="0">
  <testcase name="Tenderpublished_after_tender_approval_TG1" time="1966.711" classname="com.Tender_Creation.TC_02_TenderCreation_From_PR_with_multiple_approver"/>
  <system-out/>
</testsuite> <!-- com.Tender_Creation.TC_02_TenderCreation_From_PR_with_multiple_approver -->
