<?xml version="1.0" encoding="UTF-8"?>
<!-- Generated by org.testng.reporters.JUnitReportReporter -->
<testsuite skipped="0" hostname="MJLT-1563" name="com.dynamicity.FetchAllFieldNames" tests="1" failures="0" timestamp="2024-03-11T15:42:47 IST" time="233.109" errors="0">
  <testcase name="validateCover1Cover2WithApprovalRequiredWhereApproveOneBidderAndRejectOneBidder" time="233.109" classname="com.dynamicity.FetchAllFieldNames"/>
  <system-out/>
</testsuite> <!-- com.dynamicity.FetchAllFieldNames -->
