<?xml version="1.0" encoding="UTF-8"?>
<!-- Generated by org.testng.reporters.JUnitReportReporter -->
<testsuite skipped="0" hostname="MJLT-1553" name="com.testScripts_mjunction.TG1_TC_BidSubmission_10_dataValidation" tests="1" failures="0" timestamp="2024-04-22T18:07:17 IST" time="1558.594" errors="0">
  <testcase name="Verifying_Rebid_functionality" time="1558.594" classname="com.testScripts_mjunction.TG1_TC_BidSubmission_10_dataValidation"/>
  <system-out/>
</testsuite> <!-- com.testScripts_mjunction.TG1_TC_BidSubmission_10_dataValidation -->
