<?xml version="1.0" encoding="UTF-8"?>
<!-- Generated by org.testng.reporters.JUnitReportReporter -->
<testsuite skipped="0" hostname="MJLT-2170" name="com.Indent_Creation.TC_01_Indent_creation_with_multiple_approver" tests="1" failures="0" timestamp="2024-12-18T16:09:08 IST" time="2048.705" errors="0">
  <testcase name="CreateIndentDynamically" time="2048.705" classname="com.Indent_Creation.TC_01_Indent_creation_with_multiple_approver"/>
  <system-out/>
</testsuite> <!-- com.Indent_Creation.TC_01_Indent_creation_with_multiple_approver -->
