<?xml version="1.0" encoding="UTF-8"?>
<!-- Generated by org.testng.reporters.JUnitReportReporter -->
<testsuite skipped="0" hostname="MJLT-1563" name="com.testScripts_mjunction.TG8_TC_TenderCreation_01_tender_publish_with_tender_approval" tests="1" failures="0" timestamp="2021-06-03T17:58:03 IST" time="1535.937" errors="0">
  <testcase name="Tenderpublished_after_tender_approval_TG8" time="1535.937" classname="com.testScripts_mjunction.TG8_TC_TenderCreation_01_tender_publish_with_tender_approval"/>
</testsuite> <!-- com.testScripts_mjunction.TG8_TC_TenderCreation_01_tender_publish_with_tender_approval -->
