<?xml version="1.0" encoding="UTF-8"?>
<!-- Generated by org.testng.reporters.JUnitReportReporter -->
<testsuite skipped="0" hostname="MJLT-1563" name="com.testScripts_mjunction.TC_SN_06_VerifyEndToEndWorkFlowOfSanctionNoteWithUserdefinedWorkFlowMultipleApprover" tests="1" failures="0" timestamp="2024-03-02T18:06:24 IST" time="3290.475" errors="0">
  <testcase name="f" time="3290.475" classname="com.testScripts_mjunction.TC_SN_06_VerifyEndToEndWorkFlowOfSanctionNoteWithUserdefinedWorkFlowMultipleApprover"/>
  <system-out/>
</testsuite> <!-- com.testScripts_mjunction.TC_SN_06_VerifyEndToEndWorkFlowOfSanctionNoteWithUserdefinedWorkFlowMultipleApprover -->
