<?xml version="1.0" encoding="UTF-8"?>
<!-- Generated by org.testng.reporters.JUnitReportReporter -->
<testsuite skipped="0" hostname="MJLT-2170" name="com.VerifyPagesUpAndRunning.VerifyEvaluationPending_CompletedWFPage" tests="1" failures="0" timestamp="2024-05-14T14:57:05 IST" time="129.766" errors="0">
  <testcase name="EvaluationPending_CompletedWFPage" time="129.766" classname="com.VerifyPagesUpAndRunning.VerifyEvaluationPending_CompletedWFPage"/>
  <system-out/>
</testsuite> <!-- com.VerifyPagesUpAndRunning.VerifyEvaluationPending_CompletedWFPage -->
