<?xml version="1.0" encoding="UTF-8"?>
<!-- Generated by org.testng.reporters.JUnitReportReporter -->
<testsuite skipped="0" hostname="MJLT-2170" name="com.VerifyPagesUpAndRunning.VerifyOrderListingPage" tests="1" failures="0" timestamp="2024-05-14T15:05:38 IST" time="108.311" errors="0">
  <testcase name="OrderListingPage" time="108.311" classname="com.VerifyPagesUpAndRunning.VerifyOrderListingPage"/>
  <system-out/>
</testsuite> <!-- com.VerifyPagesUpAndRunning.VerifyOrderListingPage -->
