<?xml version="1.0" encoding="UTF-8"?>
<!-- Generated by org.testng.reporters.JUnitReportReporter -->
<testsuite skipped="0" hostname="MJLT-1411" name="com.testScripts_mjunction.TG1_TC_Indent_05_Assignment_Process_Self_Claim" tests="1" failures="0" timestamp="19 Feb 2021 08:02:22 GMT" time="490.353" errors="0">
  <testcase name="Verifying_indent_AssignmentProcess_selfClaim" time="490.353" classname="com.testScripts_mjunction.TG1_TC_Indent_05_Assignment_Process_Self_Claim"/>
</testsuite> <!-- com.testScripts_mjunction.TG1_TC_Indent_05_Assignment_Process_Self_Claim -->
