<?xml version="1.0" encoding="UTF-8"?>
<!-- Generated by org.testng.reporters.JUnitReportReporter -->
<testsuite skipped="0" hostname="MJLT-1563" name="com.testScripts_mjunction.TC_GRN_01_Create3StagesGRN_WithoutApprovalFlow" tests="1" failures="0" timestamp="2024-02-27T17:19:40 IST" time="1289.594" errors="0">
  <testcase name="Create3StagesGRN_WithoutApprovalFlow" time="1289.594" classname="com.testScripts_mjunction.TC_GRN_01_Create3StagesGRN_WithoutApprovalFlow"/>
  <system-out/>
</testsuite> <!-- com.testScripts_mjunction.TC_GRN_01_Create3StagesGRN_WithoutApprovalFlow -->
