<?xml version="1.0" encoding="UTF-8"?>
<!-- Generated by org.testng.reporters.JUnitReportReporter -->
<testsuite skipped="0" hostname="MJLT-2170" name="com.ProductionDefects.SN_139791" tests="1" failures="0" timestamp="2025-01-24T11:49:54 IST" time="517.996" errors="0">
  <testcase name="ProductionDefect_134435" time="517.996" classname="com.ProductionDefects.SN_139791"/>
  <system-out/>
</testsuite> <!-- com.ProductionDefects.SN_139791 -->
