<?xml version="1.0" encoding="UTF-8"?>
<!-- Generated by org.testng.reporters.JUnitReportReporter -->
<testsuite skipped="0" hostname="MJLT-1563" name="com.testScripts_mjunction.TG8_TC_Evaluation_11_Openingapproval_Y_Evaluationapproval_Y" tests="1" failures="0" timestamp="2021-06-09T15:33:44 IST" time="3755.412" errors="0">
  <testcase name="Tender_Evaluation_with_OpeningApproval_Y_Evaluationapproval_Y_TG8" time="3755.412" classname="com.testScripts_mjunction.TG8_TC_Evaluation_11_Openingapproval_Y_Evaluationapproval_Y"/>
</testsuite> <!-- com.testScripts_mjunction.TG8_TC_Evaluation_11_Openingapproval_Y_Evaluationapproval_Y -->
