<?xml version="1.0" encoding="UTF-8"?>
<!-- Generated by org.testng.reporters.JUnitReportReporter -->
<testsuite skipped="0" hostname="MJLT-1563" name="com.testScripts_mjunction.TG1_TC_Indent_04_Mark_for_RFQ_functionality" tests="1" failures="0" timestamp="2022-12-30T10:18:59 IST" time="313.790" errors="0">
  <testcase name="Verifying_indent_MarkForRFQ_functionality" time="313.790" classname="com.testScripts_mjunction.TG1_TC_Indent_04_Mark_for_RFQ_functionality"/>
  <system-out/>
</testsuite> <!-- com.testScripts_mjunction.TG1_TC_Indent_04_Mark_for_RFQ_functionality -->
