<?xml version="1.0" encoding="UTF-8"?>
<!-- Generated by org.testng.reporters.JUnitReportReporter -->
<testsuite skipped="0" hostname="MJLT-2643" name="com.Sanction_Note_Creation.SN_07_Create_SN_From_Indent_Without_Approver" tests="1" failures="0" timestamp="2025-02-04T09:31:03 IST" time="570.942" errors="0">
  <testcase name="CreateFreshTenderDynamically" time="570.942" classname="com.Sanction_Note_Creation.SN_07_Create_SN_From_Indent_Without_Approver"/>
  <system-out/>
</testsuite> <!-- com.Sanction_Note_Creation.SN_07_Create_SN_From_Indent_Without_Approver -->
