<?xml version="1.0" encoding="UTF-8"?>
<!-- Generated by org.testng.reporters.JUnitReportReporter -->
<testsuite skipped="0" hostname="MJLT-2170" name="com.ChangeRequest.Notesheet_Notesheet_with_User_defined_With_Multiple_Approver_4" tests="1" failures="0" timestamp="2024-12-20T16:28:07 IST" time="1952.364" errors="0">
  <testcase name="f" time="1952.364" classname="com.ChangeRequest.Notesheet_Notesheet_with_User_defined_With_Multiple_Approver_4"/>
  <system-out/>
</testsuite> <!-- com.ChangeRequest.Notesheet_Notesheet_with_User_defined_With_Multiple_Approver_4 -->
