<?xml version="1.0" encoding="UTF-8"?>
<!-- Generated by org.testng.reporters.JUnitReportReporter -->
<testsuite skipped="0" hostname="MJLT-2170" name="com.Tender_Creation.TC_11_All_ClarificationOrDiscussion" tests="1" failures="0" timestamp="2024-11-06T16:45:24 IST" time="652.737" errors="0">
  <testcase name="CreateIndentDynamically" time="652.737" classname="com.Tender_Creation.TC_11_All_ClarificationOrDiscussion"/>
  <system-out/>
</testsuite> <!-- com.Tender_Creation.TC_11_All_ClarificationOrDiscussion -->
