<?xml version="1.0" encoding="UTF-8"?>
<!-- Generated by org.testng.reporters.JUnitReportReporter -->
<testsuite skipped="0" hostname="MJLT-2170" name="com.Dynamicity.Create_Saction_from_Indent_Dynamically" tests="1" failures="0" timestamp="2024-09-24T09:40:29 IST" time="205.994" errors="0">
  <testcase name="CreateSNFromIndentDynamically" time="205.994" classname="com.Dynamicity.Create_Saction_from_Indent_Dynamically"/>
  <system-out/>
</testsuite> <!-- com.Dynamicity.Create_Saction_from_Indent_Dynamically -->
