<?xml version="1.0" encoding="UTF-8"?>
<!-- Generated by org.testng.reporters.JUnitReportReporter -->
<testsuite skipped="0" hostname="MJLT-1563" name="com.testScripts_mjunction.TG1_TC_Indent_08_Creation_with_multiple_Approvers_with_branching" tests="1" failures="0" timestamp="2024-02-29T17:53:54 IST" time="1053.262" errors="0">
  <testcase name="Indent_creation_with_approval" time="1053.262" classname="com.testScripts_mjunction.TG1_TC_Indent_08_Creation_with_multiple_Approvers_with_branching"/>
  <system-out/>
</testsuite> <!-- com.testScripts_mjunction.TG1_TC_Indent_08_Creation_with_multiple_Approvers_with_branching -->
