<?xml version="1.0" encoding="UTF-8"?>
<!-- Generated by org.testng.reporters.JUnitReportReporter -->
<testsuite skipped="0" hostname="MJLT-1411" name="com.testScripts_mjunction.TG1_TC_TenderCreation_02_tender_reject_during_tender_approval" tests="1" failures="0" timestamp="15 Feb 2021 07:53:41 GMT" time="1321.138" errors="0">
  <testcase name="TenderReject_after_tender_approval_TG1" time="1321.138" classname="com.testScripts_mjunction.TG1_TC_TenderCreation_02_tender_reject_during_tender_approval"/>
</testsuite> <!-- com.testScripts_mjunction.TG1_TC_TenderCreation_02_tender_reject_during_tender_approval -->
