<?xml version="1.0" encoding="UTF-8"?>
<!-- Generated by org.testng.reporters.JUnitReportReporter -->
<testsuite skipped="0" hostname="MJLT-2170" name="com.testScripts_mjunction.TG1_TC_Indent_07_Creation_with_Predefined_approval" tests="1" failures="0" timestamp="2024-01-29T22:52:19 IST" time="689.937" errors="0">
  <testcase name="Indent_creation_with_approval" time="689.937" classname="com.testScripts_mjunction.TG1_TC_Indent_07_Creation_with_Predefined_approval"/>
  <system-out/>
</testsuite> <!-- com.testScripts_mjunction.TG1_TC_Indent_07_Creation_with_Predefined_approval -->
