<?xml version="1.0" encoding="UTF-8"?>
<!-- Generated by org.testng.reporters.JUnitReportReporter -->
<testsuite skipped="0" hostname="MJLT-2170" name="com.VerifyPagesUpAndRunning.VerifyTenderListingPage" tests="1" failures="0" timestamp="2024-05-14T15:17:28 IST" time="85.763" errors="0">
  <testcase name="TenderListingPage" time="85.763" classname="com.VerifyPagesUpAndRunning.VerifyTenderListingPage"/>
  <system-out/>
</testsuite> <!-- com.VerifyPagesUpAndRunning.VerifyTenderListingPage -->
