<?xml version="1.0" encoding="UTF-8"?>
<!-- Generated by org.testng.reporters.JUnitReportReporter -->
<testsuite skipped="0" hostname="MJLT-1563" name="com.testScripts_mjunction.TG1_TC_Indent_04_Create_RFQ_from_Indent" tests="1" failures="0" timestamp="2024-01-18T11:45:32 IST" time="644.966" errors="0">
  <testcase name="Verifying_Create_RFQ_from_indent" time="644.966" classname="com.testScripts_mjunction.TG1_TC_Indent_04_Create_RFQ_from_Indent"/>
  <system-out/>
</testsuite> <!-- com.testScripts_mjunction.TG1_TC_Indent_04_Create_RFQ_from_Indent -->
