<?xml version="1.0" encoding="UTF-8"?>
<!-- Generated by org.testng.reporters.JUnitReportReporter -->
<testsuite skipped="0" hostname="MJLT-1563" name="com.testScripts_mjunction.TG1_TC_Corrigendum_05_DateCorrigendum_withApprovalReview_Closedstate" tests="1" failures="0" timestamp="2023-01-12T19:01:01 IST" time="1116.231" errors="0">
  <testcase name="Date_Corrigendum_approval_review_closed_state" time="1116.231" classname="com.testScripts_mjunction.TG1_TC_Corrigendum_05_DateCorrigendum_withApprovalReview_Closedstate"/>
  <system-out/>
</testsuite> <!-- com.testScripts_mjunction.TG1_TC_Corrigendum_05_DateCorrigendum_withApprovalReview_Closedstate -->
