<?xml version="1.0" encoding="UTF-8"?>
<!-- Generated by org.testng.reporters.JUnitReportReporter -->
<testsuite skipped="0" hostname="MJLT-1563" name="com.testScripts_mjunction.TG8_TC_Indent_07_Assignment_Process_Revert_to_Indent_creator" tests="1" failures="0" timestamp="2021-06-03T13:21:20 IST" time="436.484" errors="0">
  <testcase name="Verifying_indent_AssignmentProcess_selfClaim_Revert_to_Indent_creator_TG8" time="436.484" classname="com.testScripts_mjunction.TG8_TC_Indent_07_Assignment_Process_Revert_to_Indent_creator"/>
</testsuite> <!-- com.testScripts_mjunction.TG8_TC_Indent_07_Assignment_Process_Revert_to_Indent_creator -->
