<?xml version="1.0" encoding="UTF-8"?>
<!-- Generated by org.testng.reporters.JUnitReportReporter -->
<testsuite skipped="0" hostname="MJLT-1411" name="com.testScripts_mjunction.TG6_TC_BidSubmission_07_verifying_Rebid_functionality" tests="1" failures="0" timestamp="13 May 2021 08:17:58 GMT" time="671.113" errors="0">
  <testcase name="Verifying_Rebid_functionality_TG6" time="671.113" classname="com.testScripts_mjunction.TG6_TC_BidSubmission_07_verifying_Rebid_functionality"/>
</testsuite> <!-- com.testScripts_mjunction.TG6_TC_BidSubmission_07_verifying_Rebid_functionality -->
