<?xml version="1.0" encoding="UTF-8"?>
<!-- Generated by org.testng.reporters.JUnitReportReporter -->
<testsuite skipped="0" hostname="MJLT-1563" name="com.testScripts_mjunction.TC_ASN_01_CreateASNbyInputingAllData" tests="1" failures="0" timestamp="2024-02-15T17:48:12 IST" time="706.717" errors="0">
  <testcase name="CreateASNbyInputingAllData" time="706.717" classname="com.testScripts_mjunction.TC_ASN_01_CreateASNbyInputingAllData"/>
  <system-out/>
</testsuite> <!-- com.testScripts_mjunction.TC_ASN_01_CreateASNbyInputingAllData -->
