<?xml version="1.0" encoding="UTF-8"?>
<!-- Generated by org.testng.reporters.JUnitReportReporter -->
<testsuite skipped="0" hostname="MJLT-2170" name="com.testScripts_mjunction.TG1_TC_DeleteTender_03" tests="1" failures="0" timestamp="2024-02-19T15:17:39 IST" time="523.518" errors="0">
  <testcase name="Tenderpublished_after_tender_approval_TG1" time="523.518" classname="com.testScripts_mjunction.TG1_TC_DeleteTender_03"/>
  <system-out/>
</testsuite> <!-- com.testScripts_mjunction.TG1_TC_DeleteTender_03 -->
