<?xml version="1.0" encoding="UTF-8"?>
<!-- Generated by org.testng.reporters.JUnitReportReporter -->
<testsuite skipped="0" hostname="MJLT-2170" name="com.testScripts_mjunction.TC_ASN_01_CreateASNbyInputingAllData" tests="1" failures="0" timestamp="2024-03-01T15:44:54 IST" time="640.839" errors="0">
  <testcase name="CreateASNbyInputingAllData" time="640.839" classname="com.testScripts_mjunction.TC_ASN_01_CreateASNbyInputingAllData"/>
  <system-out/>
</testsuite> <!-- com.testScripts_mjunction.TC_ASN_01_CreateASNbyInputingAllData -->
