<?xml version="1.0" encoding="UTF-8"?>
<!-- Generated by org.testng.reporters.JUnitReportReporter -->
<testsuite skipped="0" hostname="MJLT-1563" name="com.testScripts_mjunction.TG8_TC_Evaluation_10_Openingapproval_Y_Evaluationapproval_N" tests="1" failures="0" timestamp="2021-06-09T13:47:43 IST" time="3458.475" errors="0">
  <testcase name="Tender_Evaluation_with_OpeningApproval_Y_Evaluationapproval_N_TG8" time="3458.475" classname="com.testScripts_mjunction.TG8_TC_Evaluation_10_Openingapproval_Y_Evaluationapproval_N"/>
</testsuite> <!-- com.testScripts_mjunction.TG8_TC_Evaluation_10_Openingapproval_Y_Evaluationapproval_N -->
