<?xml version="1.0" encoding="UTF-8"?>
<!-- Generated by org.testng.reporters.JUnitReportReporter -->
<testsuite skipped="0" hostname="MJLT-2170" name="com.Sanction_Note_Creation.SN_11_Create_SN_From_Completed_Tender_with_approver" tests="1" failures="0" timestamp="2024-10-21T13:58:26 IST" time="95.814" errors="0">
  <testcase name="CreateFreshTenderDynamically" time="95.814" classname="com.Sanction_Note_Creation.SN_11_Create_SN_From_Completed_Tender_with_approver"/>
  <system-out/>
</testsuite> <!-- com.Sanction_Note_Creation.SN_11_Create_SN_From_Completed_Tender_with_approver -->
