<?xml version="1.0" encoding="UTF-8"?>
<!-- Generated by org.testng.reporters.JUnitReportReporter -->
<testsuite skipped="0" hostname="MJLT-1563" name="com.testScripts_mjunction.TC_SN_05VerifyCancelOfSanctionNoteTest" tests="1" failures="0" timestamp="2024-03-02T14:04:43 IST" time="198.313" errors="0">
  <testcase name="f" time="198.313" classname="com.testScripts_mjunction.TC_SN_05VerifyCancelOfSanctionNoteTest"/>
  <system-out/>
</testsuite> <!-- com.testScripts_mjunction.TC_SN_05VerifyCancelOfSanctionNoteTest -->
