<?xml version="1.0" encoding="UTF-8"?>
<!-- Generated by org.testng.reporters.JUnitReportReporter -->
<testsuite skipped="0" hostname="MJLT-1563" name="com.testScripts_mjunction.TG9_TC_Indent_02_Creation_with_No_approval" tests="1" failures="0" timestamp="2021-12-20T17:12:28 IST" time="266.498" errors="0">
  <testcase name="Indent_creation_with_No_approval_TG8" time="266.498" classname="com.testScripts_mjunction.TG9_TC_Indent_02_Creation_with_No_approval"/>
  <system-out/>
</testsuite> <!-- com.testScripts_mjunction.TG9_TC_Indent_02_Creation_with_No_approval -->
