<?xml version="1.0" encoding="UTF-8"?>
<!-- Generated by org.testng.reporters.JUnitReportReporter -->
<testsuite skipped="0" hostname="MJLT-1411" name="com.testScripts_mjunction.TG6_TC_TenderCreation_01_tender_publish_with_tender_approval" tests="1" failures="0" timestamp="11 May 2021 10:04:03 GMT" time="1104.286" errors="0">
  <testcase name="Tenderpublished_after_tender_approval_TG6" time="1104.286" classname="com.testScripts_mjunction.TG6_TC_TenderCreation_01_tender_publish_with_tender_approval"/>
</testsuite> <!-- com.testScripts_mjunction.TG6_TC_TenderCreation_01_tender_publish_with_tender_approval -->
