<?xml version="1.0" encoding="UTF-8"?>
<!-- Generated by org.testng.reporters.JUnitReportReporter -->
<testsuite skipped="0" hostname="MJLT-1553" name="com.testScripts_mjunction.TG1_TC_BidSubmission_08_verifying_Draftbid_functionality" tests="1" failures="0" timestamp="2024-04-22T15:47:30 IST" time="1025.974" errors="0">
  <testcase name="Verifying_Draftbid_functionality" time="1025.974" classname="com.testScripts_mjunction.TG1_TC_BidSubmission_08_verifying_Draftbid_functionality"/>
  <system-out/>
</testsuite> <!-- com.testScripts_mjunction.TG1_TC_BidSubmission_08_verifying_Draftbid_functionality -->
