<?xml version="1.0" encoding="UTF-8"?>
<!-- Generated by org.testng.reporters.JUnitReportReporter -->
<testsuite skipped="0" hostname="MJLT-1411" name="com.testScripts_mjunction.TC_Evaluation_13_Openingapproval_N_Evaluationapproval_N" tests="1" failures="0" timestamp="08 Jan 2021 09:25:48 GMT" time="2501.833" errors="0">
  <testcase name="Tender_Evaluation_with_OpeningApproval_N_Evaluationapproval_N" time="2501.833" classname="com.testScripts_mjunction.TC_Evaluation_13_Openingapproval_N_Evaluationapproval_N"/>
</testsuite> <!-- com.testScripts_mjunction.TC_Evaluation_13_Openingapproval_N_Evaluationapproval_N -->
