<?xml version="1.0" encoding="UTF-8"?>
<!-- Generated by org.testng.reporters.JUnitReportReporter -->
<testsuite skipped="0" hostname="MJLT-2170" name="com.ProductionDefects.Indent_PD_134645" tests="1" failures="0" timestamp="2025-01-20T12:57:14 IST" time="293.922" errors="0">
  <testcase name="ProductionDefect_135540" time="293.922" classname="com.ProductionDefects.Indent_PD_134645"/>
  <system-out/>
</testsuite> <!-- com.ProductionDefects.Indent_PD_134645 -->
