<?xml version="1.0" encoding="UTF-8"?>
<!-- Generated by org.testng.reporters.JUnitReportReporter -->
<testsuite skipped="0" hostname="MJLT-1411" name="com.testScripts_mjunction.TG6_TC_TenderCreation_02_tender_reject_during_tender_approval" tests="1" failures="0" timestamp="11 May 2021 10:27:19 GMT" time="784.319" errors="0">
  <testcase name="TenderReject_after_tender_approval_TG6" time="784.319" classname="com.testScripts_mjunction.TG6_TC_TenderCreation_02_tender_reject_during_tender_approval"/>
</testsuite> <!-- com.testScripts_mjunction.TG6_TC_TenderCreation_02_tender_reject_during_tender_approval -->
