<?xml version="1.0" encoding="UTF-8"?>
<!-- Generated by org.testng.reporters.JUnitReportReporter -->
<testsuite skipped="0" hostname="MJLT-2643" name="com.BidSubmission.CreateTender_BidSubmission_FromPR" tests="1" failures="1" timestamp="2025-01-24T13:09:15 IST" time="38.803" errors="0">
  <testcase name="createTenderBidSubmissionFromPR_Dynamically" time="38.803" classname="com.BidSubmission.CreateTender_BidSubmission_FromPR">
    <failure type="java.lang.AssertionError" message="Error Message : Unable to click on the field : element click intercepted: Element &lt;button type=&quot;button&quot; theme=&quot;light&quot; placement=&quot;top&quot; class=&quot;btn refresh px-2&quot;&gt;...&lt;/button&gt; is not clickable at point (1393, 117). Other element would receive the click: &lt;div _ngcontent-ng-c2748038641=&quot;&quot; class=&quot;ngx-overlay loading-foreground&quot; style=&quot;background-color: rgba(40, 40, 40, 0.8); border-radius: 0px;&quot;&gt;...&lt;/div&gt;
  (Session info: chrome=131.0.6778.267)
Build info: version: &#039;3.141.59&#039;, revision: &#039;e82be7d358&#039;, time: &#039;2018-11-14T08:17:03&#039;
System info: host: &#039;MJLT-2643&#039;, ip: &#039;172.16.16.138&#039;, os.name: &#039;Windows 11&#039;, os.arch: &#039;amd64&#039;, os.version: &#039;10.0&#039;, java.version: &#039;1.8.0_401&#039;
Driver info: org.openqa.selenium.chrome.ChromeDriver
Capabilities {acceptInsecureCerts: false, browserName: chrome, browserVersion: 131.0.6778.267, chrome: {chromedriverVersion: 131.0.6778.85 (3d81e41b6f3a..., userDataDir: C:\Users\ARKA~1.DEY\AppData...}, fedcm:accounts: true, goog:chromeOptions: {debuggerAddress: localhost:61068}, javascriptEnabled: true, networkConnectionEnabled: false, pageLoadStrategy: normal, platform: WINDOWS, platformName: WINDOWS, proxy: Proxy(), setWindowRect: true, strictFileInteractability: false, timeouts: {implicit: 0, pageLoad: 300000, script: 30000}, unhandledPromptBehavior: dismiss and notify, webauthn:extension:credBlob: true, webauthn:extension:largeBlob: true, webauthn:extension:minPinLength: true, webauthn:extension:prf: true, webauthn:virtualAuthenticators: true}
Session ID: c8d77db15d5fb888a757b6c6a88290ec">
      <![CDATA[java.lang.AssertionError: Error Message : Unable to click on the field : element click intercepted: Element <button type="button" theme="light" placement="top" class="btn refresh px-2">...</button> is not clickable at point (1393, 117). Other element would receive the click: <div _ngcontent-ng-c2748038641="" class="ngx-overlay loading-foreground" style="background-color: rgba(40, 40, 40, 0.8); border-radius: 0px;">...</div>
  (Session info: chrome=131.0.6778.267)
Build info: version: '3.141.59', revision: 'e82be7d358', time: '2018-11-14T08:17:03'
System info: host: 'MJLT-2643', ip: '172.16.16.138', os.name: 'Windows 11', os.arch: 'amd64', os.version: '10.0', java.version: '1.8.0_401'
Driver info: org.openqa.selenium.chrome.ChromeDriver
Capabilities {acceptInsecureCerts: false, browserName: chrome, browserVersion: 131.0.6778.267, chrome: {chromedriverVersion: 131.0.6778.85 (3d81e41b6f3a..., userDataDir: C:\Users\ARKA~1.DEY\AppData...}, fedcm:accounts: true, goog:chromeOptions: {debuggerAddress: localhost:61068}, javascriptEnabled: true, networkConnectionEnabled: false, pageLoadStrategy: normal, platform: WINDOWS, platformName: WINDOWS, proxy: Proxy(), setWindowRect: true, strictFileInteractability: false, timeouts: {implicit: 0, pageLoad: 300000, script: 30000}, unhandledPromptBehavior: dismiss and notify, webauthn:extension:credBlob: true, webauthn:extension:largeBlob: true, webauthn:extension:minPinLength: true, webauthn:extension:prf: true, webauthn:virtualAuthenticators: true}
Session ID: c8d77db15d5fb888a757b6c6a88290ec
at com.baseClasses.AutomationException.<init>(AutomationException.java:11)
at com.baseClasses.BaseClass_Web.click(BaseClass_Web.java:201)
at com.components.RfqFromPRComponent.enterPRInSearch_ExceptHMEL(RfqFromPRComponent.java:193)
at com.BidSubmission.CreateTender_BidSubmission_FromPR.createTenderBidSubmissionFromPR_Dynamically(CreateTender_BidSubmission_FromPR.java:104)
at sun.reflect.NativeMethodAccessorImpl.invoke0(Native Method)
at sun.reflect.NativeMethodAccessorImpl.invoke(NativeMethodAccessorImpl.java:62)
at sun.reflect.DelegatingMethodAccessorImpl.invoke(DelegatingMethodAccessorImpl.java:43)
at java.lang.reflect.Method.invoke(Method.java:498)
at org.testng.internal.MethodInvocationHelper.invokeMethod(MethodInvocationHelper.java:134)
at org.testng.internal.TestInvoker.invokeMethod(TestInvoker.java:597)
at org.testng.internal.TestInvoker.invokeTestMethod(TestInvoker.java:173)
at org.testng.internal.MethodRunner.runInSequence(MethodRunner.java:46)
at org.testng.internal.TestInvoker$MethodInvocationAgent.invoke(TestInvoker.java:816)
at org.testng.internal.TestInvoker.invokeTestMethods(TestInvoker.java:146)
at org.testng.internal.TestMethodWorker.invokeTestMethods(TestMethodWorker.java:146)
at org.testng.internal.TestMethodWorker.run(TestMethodWorker.java:128)
at java.util.ArrayList.forEach(ArrayList.java:1259)
at org.testng.TestRunner.privateRun(TestRunner.java:766)
at org.testng.TestRunner.run(TestRunner.java:587)
at org.testng.SuiteRunner.runTest(SuiteRunner.java:384)
at org.testng.SuiteRunner.runSequentially(SuiteRunner.java:378)
at org.testng.SuiteRunner.privateRun(SuiteRunner.java:337)
at org.testng.SuiteRunner.run(SuiteRunner.java:286)
at org.testng.SuiteRunnerWorker.runSuite(SuiteRunnerWorker.java:53)
at org.testng.SuiteRunnerWorker.run(SuiteRunnerWorker.java:96)
at org.testng.TestNG.runSuitesSequentially(TestNG.java:1187)
at org.testng.TestNG.runSuitesLocally(TestNG.java:1109)
at org.testng.TestNG.runSuites(TestNG.java:1039)
at org.testng.TestNG.run(TestNG.java:1007)
at org.testng.remote.AbstractRemoteTestNG.run(AbstractRemoteTestNG.java:115)
at org.testng.remote.RemoteTestNG.initAndRun(RemoteTestNG.java:251)
at org.testng.remote.RemoteTestNG.main(RemoteTestNG.java:77)
]]>
    </failure>
  </testcase> <!-- createTenderBidSubmissionFromPR_Dynamically -->
  <system-out/>
</testsuite> <!-- com.BidSubmission.CreateTender_BidSubmission_FromPR -->
