<?xml version="1.0" encoding="UTF-8"?>
<!-- Generated by org.testng.reporters.JUnitReportReporter -->
<testsuite skipped="0" hostname="MJLT-1563" name="com.testScripts_mjunction.TG8_TC_BidSubmission_09_verifying_Withdraw_functionality" tests="1" failures="0" timestamp="2021-06-08T22:57:13 IST" time="1156.437" errors="0">
  <testcase name="Verifying_Withdrawbid_functionality_TG8" time="1156.437" classname="com.testScripts_mjunction.TG8_TC_BidSubmission_09_verifying_Withdraw_functionality"/>
</testsuite> <!-- com.testScripts_mjunction.TG8_TC_BidSubmission_09_verifying_Withdraw_functionality -->
