<?xml version="1.0" encoding="UTF-8"?>
<!-- Generated by org.testng.reporters.JUnitReportReporter -->
<testsuite skipped="0" hostname="MJLT-2170" name="com.Sanction_Note_Creation.SN_02_Create_SN_From_Completed_Tender_Multiple_approver" tests="1" failures="0" timestamp="2024-12-18T12:47:00 IST" time="261.955" errors="0">
  <testcase name="CreateFreshTenderDynamically" time="261.955" classname="com.Sanction_Note_Creation.SN_02_Create_SN_From_Completed_Tender_Multiple_approver"/>
  <system-out/>
</testsuite> <!-- com.Sanction_Note_Creation.SN_02_Create_SN_From_Completed_Tender_Multiple_approver -->
