<?xml version="1.0" encoding="UTF-8"?>
<!-- Generated by org.testng.reporters.JUnitReportReporter -->
<testsuite skipped="0" hostname="MJLT-1563" name="com.testScripts_mjunction.TG1_TC_Indent_07_Assignment_Process_Revert_to_Indent_creator" tests="1" failures="0" timestamp="2023-01-20T21:10:53 IST" time="401.938" errors="0">
  <testcase name="Verifying_indent_AssignmentProcess_selfClaim_Revert_to_Indent_creator" time="401.938" classname="com.testScripts_mjunction.TG1_TC_Indent_07_Assignment_Process_Revert_to_Indent_creator"/>
  <system-out/>
</testsuite> <!-- com.testScripts_mjunction.TG1_TC_Indent_07_Assignment_Process_Revert_to_Indent_creator -->
