<?xml version="1.0" encoding="UTF-8"?>
<!-- Generated by org.testng.reporters.JUnitReportReporter -->
<testsuite skipped="0" hostname="MJLT-1411" name="com.testScripts_mjunction.TG5_TC_Evaluation_15_Openingapproval_Y_Evaluationapproval_Y_RejectOnebidder" tests="1" failures="0" timestamp="27 Apr 2021 16:46:23 GMT" time="3784.073" errors="0">
  <testcase name="Tender_Evaluation_with_OpeningApproval_Y_Evaluationapproval_Y_RejectOnebidder_TG5" time="3784.073" classname="com.testScripts_mjunction.TG5_TC_Evaluation_15_Openingapproval_Y_Evaluationapproval_Y_RejectOnebidder"/>
</testsuite> <!-- com.testScripts_mjunction.TG5_TC_Evaluation_15_Openingapproval_Y_Evaluationapproval_Y_RejectOnebidder -->
