<?xml version="1.0" encoding="UTF-8"?>
<!-- Generated by org.testng.reporters.JUnitReportReporter -->
<testsuite skipped="0" hostname="MJLT-2170" name="com.testScripts_mjunction.TC_EPS_PO_01_No_Approval" tests="1" failures="0" timestamp="2024-03-01T15:30:41 IST" time="348.201" errors="0">
  <testcase name="f" time="348.201" classname="com.testScripts_mjunction.TC_EPS_PO_01_No_Approval"/>
  <system-out/>
</testsuite> <!-- com.testScripts_mjunction.TC_EPS_PO_01_No_Approval -->
