<?xml version="1.0" encoding="UTF-8"?>
<!-- Generated by org.testng.reporters.JUnitReportReporter -->
<testsuite skipped="0" hostname="MJLT-2170" name="com.Sanction_Note_Creation.SN_10_Create_Saction_from_PR_with_multiple_approvers" tests="1" failures="0" timestamp="2024-10-02T22:01:20 IST" time="86.627" errors="0">
  <testcase name="CreateSNFromPRDynamically" time="86.627" classname="com.Sanction_Note_Creation.SN_10_Create_Saction_from_PR_with_multiple_approvers"/>
  <system-out/>
</testsuite> <!-- com.Sanction_Note_Creation.SN_10_Create_Saction_from_PR_with_multiple_approvers -->
