<?xml version="1.0" encoding="UTF-8"?>
<!-- Generated by org.testng.reporters.JUnitReportReporter -->
<testsuite skipped="0" hostname="MLJT-2647" name="com.VerifyIndividualFunctionalityofApprovalFlow_Dynamic.TC_Corrigendum_Corrigendum_Revert_back_to_creator" tests="1" failures="0" timestamp="2025-01-27T15:59:27 IST" time="604.234" errors="0">
  <testcase name="Date_Corrigendum_approval_Live_state" time="604.234" classname="com.VerifyIndividualFunctionalityofApprovalFlow_Dynamic.TC_Corrigendum_Corrigendum_Revert_back_to_creator"/>
  <system-out/>
</testsuite> <!-- com.VerifyIndividualFunctionalityofApprovalFlow_Dynamic.TC_Corrigendum_Corrigendum_Revert_back_to_creator -->
