<?xml version="1.0" encoding="UTF-8"?>
<!-- Generated by org.testng.reporters.JUnitReportReporter -->
<<<<<<< HEAD
<testsuite skipped="0" hostname="MJLT-2170" name="com.testScripts_mjunction.TG1_TC_Indent_01_Creation_with_approval" tests="1" failures="0" timestamp="2024-01-24T12:53:31 IST" time="513.168" errors="0">
  <testcase name="Indent_creation_with_approval" time="513.168" classname="com.testScripts_mjunction.TG1_TC_Indent_01_Creation_with_approval"/>
=======
<testsuite skipped="0" hostname="MJLT-1563" name="com.testScripts_mjunction.TG1_TC_Indent_01_Creation_with_approval" tests="1" failures="0" timestamp="2024-02-05T11:34:53 IST" time="485.208" errors="0">
  <testcase name="Indent_creation_with_approval" time="485.208" classname="com.testScripts_mjunction.TG1_TC_Indent_01_Creation_with_approval"/>
>>>>>>> 94c02cb56a03c648b9f2ca4ea3c8abe30066a468
  <system-out/>
</testsuite> <!-- com.testScripts_mjunction.TG1_TC_Indent_01_Creation_with_approval -->
