<?xml version="1.0" encoding="UTF-8"?>
<!-- Generated by org.testng.reporters.JUnitReportReporter -->
<testsuite skipped="0" hostname="MJLT-1411" name="com.testScripts_mjunction.TG4_TC_Negotiation_17_Openingapproval_N_Evaluationapproval_N_NegotiateTwobidder_RejectOnebidder" tests="1" failures="0" timestamp="08 Apr 2021 12:33:06 GMT" time="2784.924" errors="0">
  <testcase name="Tender_Evaluation_with_OpeningApproval_N_Evaluationapproval_N_NegotiateTwobidder_RejectOnebidder_TG4" time="2784.924" classname="com.testScripts_mjunction.TG4_TC_Negotiation_17_Openingapproval_N_Evaluationapproval_N_NegotiateTwobidder_RejectOnebidder"/>
</testsuite> <!-- com.testScripts_mjunction.TG4_TC_Negotiation_17_Openingapproval_N_Evaluationapproval_N_NegotiateTwobidder_RejectOnebidder -->
