<?xml version="1.0" encoding="UTF-8"?>
<!-- Generated by org.testng.reporters.JUnitReportReporter -->
<testsuite skipped="0" hostname="MLJT-2647" name="com.VerifyIndividualFunctionalityofApprovalFlow_Dynamic.TC_03_Tender_creation_From_Indent_Forward_functionality" tests="1" failures="0" timestamp="2024-11-12T16:37:49 IST" time="1979.455" errors="0">
  <testcase name="Tenderpublished_after_tender_approval_TG1" time="1979.455" classname="com.VerifyIndividualFunctionalityofApprovalFlow_Dynamic.TC_03_Tender_creation_From_Indent_Forward_functionality"/>
  <system-out/>
</testsuite> <!-- com.VerifyIndividualFunctionalityofApprovalFlow_Dynamic.TC_03_Tender_creation_From_Indent_Forward_functionality -->
