<?xml version="1.0" encoding="UTF-8"?>
<!-- Generated by org.testng.reporters.JUnitReportReporter -->
<testsuite skipped="0" hostname="MJLT-2170" name="com.ProductionDefects.Indent_PD_130974" tests="1" failures="0" timestamp="2025-01-17T15:02:34 IST" time="43.972" errors="0">
  <testcase name="ProductionDefect_135540" time="43.972" classname="com.ProductionDefects.Indent_PD_130974"/>
  <system-out/>
</testsuite> <!-- com.ProductionDefects.Indent_PD_130974 -->
