<?xml version="1.0" encoding="UTF-8"?>
<!-- Generated by org.testng.reporters.JUnitReportReporter -->
<testsuite skipped="0" hostname="MJLT-1563" name="com.testScripts_mjunction.TC_SN_04VerifyDeleteOfSanctionNoteTest" tests="1" failures="0" timestamp="2024-03-02T14:04:13 IST" time="203.228" errors="0">
  <testcase name="f" time="203.228" classname="com.testScripts_mjunction.TC_SN_04VerifyDeleteOfSanctionNoteTest"/>
  <system-out/>
</testsuite> <!-- com.testScripts_mjunction.TC_SN_04VerifyDeleteOfSanctionNoteTest -->
