<?xml version="1.0" encoding="UTF-8"?>
<!-- Generated by org.testng.reporters.JUnitReportReporter -->
<testsuite skipped="0" hostname="MJLT-1563" name="com.testScripts_mjunction.TG8_TC_BidSubmission_08_verifying_Draftbid_functionality" tests="1" failures="0" timestamp="2021-06-08T22:36:33 IST" time="1156.112" errors="0">
  <testcase name="Verifying_Draftbid_functionality_TG8" time="1156.112" classname="com.testScripts_mjunction.TG8_TC_BidSubmission_08_verifying_Draftbid_functionality"/>
</testsuite> <!-- com.testScripts_mjunction.TG8_TC_BidSubmission_08_verifying_Draftbid_functionality -->
