<?xml version="1.0" encoding="UTF-8"?>
<!-- Generated by org.testng.reporters.JUnitReportReporter -->
<testsuite skipped="0" hostname="MLJT-2647" name="com.testScripts_mjunction.TG1_TC_Indent_13_Create_Quick_Indent" tests="1" failures="0" timestamp="2024-07-03T15:15:48 IST" time="113.867" errors="0">
  <testcase name="Indent_creation_with_approval" time="113.867" classname="com.testScripts_mjunction.TG1_TC_Indent_13_Create_Quick_Indent"/>
  <system-out/>
</testsuite> <!-- com.testScripts_mjunction.TG1_TC_Indent_13_Create_Quick_Indent -->
