<?xml version="1.0" encoding="UTF-8"?>
<!-- Generated by org.testng.reporters.JUnitReportReporter -->
<testsuite skipped="0" hostname="MJLT-2170" name="com.ChangeRequest.Notesheet_Notesheet_with_User_defined_Approver_2$TC_SN_03VerifyEndToEndWorkFlowOfSanctionNoteWithPredefineWorkFlowTest" tests="1" failures="0" timestamp="2024-03-08T12:28:21 IST" time="274.665" errors="0">
  <testcase name="f" time="274.665" classname="com.ChangeRequest.Notesheet_Notesheet_with_User_defined_Approver_2$TC_SN_03VerifyEndToEndWorkFlowOfSanctionNoteWithPredefineWorkFlowTest"/>
  <system-out/>
</testsuite> <!-- com.ChangeRequest.Notesheet_Notesheet_with_User_defined_Approver_2$TC_SN_03VerifyEndToEndWorkFlowOfSanctionNoteWithPredefineWorkFlowTest -->
