<?xml version="1.0" encoding="UTF-8"?>
<!-- Generated by org.testng.reporters.JUnitReportReporter -->
<testsuite skipped="0" hostname="MJLT-2170" name="com.VerifyPagesUpAndRunning.VerifyIndentPending_CompletedWFPage" tests="1" failures="0" timestamp="2024-05-14T15:01:01 IST" time="123.823" errors="0">
  <testcase name="IndentPending_CompletedWFPage" time="123.823" classname="com.VerifyPagesUpAndRunning.VerifyIndentPending_CompletedWFPage"/>
  <system-out/>
</testsuite> <!-- com.VerifyPagesUpAndRunning.VerifyIndentPending_CompletedWFPage -->
