<?xml version="1.0" encoding="UTF-8"?>
<!-- Generated by org.testng.reporters.JUnitReportReporter -->
<testsuite skipped="0" hostname="MJLT-1411" name="com.testScripts_mjunction.TC_BidSubmission_06_BidSubmitted_withonebidder" tests="1" failures="0" timestamp="04 Jan 2021 05:11:22 GMT" time="962.769" errors="0">
  <testcase name="Bid_submisison_with_onebidder" time="962.769" classname="com.testScripts_mjunction.TC_BidSubmission_06_BidSubmitted_withonebidder"/>
</testsuite> <!-- com.testScripts_mjunction.TC_BidSubmission_06_BidSubmitted_withonebidder -->
