<?xml version="1.0" encoding="UTF-8"?>
<!-- Generated by org.testng.reporters.JUnitReportReporter -->
<testsuite skipped="0" hostname="MLJT-2647" name="com.VerifyIndividualFunctionalityofApprovalFlow_Dynamic.TC_01_Indent_Approver_Revert_back_to_creator" tests="1" failures="0" timestamp="2024-09-06T11:46:40 IST" time="1895.118" errors="0">
  <testcase name="Indent_creation_with_approval" time="1895.118" classname="com.VerifyIndividualFunctionalityofApprovalFlow_Dynamic.TC_01_Indent_Approver_Revert_back_to_creator"/>
  <system-out/>
</testsuite> <!-- com.VerifyIndividualFunctionalityofApprovalFlow_Dynamic.TC_01_Indent_Approver_Revert_back_to_creator -->
