<?xml version="1.0" encoding="UTF-8"?>
<!-- Generated by org.testng.reporters.JUnitReportReporter -->
<testsuite skipped="0" hostname="MJLT-1411" name="com.testScripts_mjunction.TG5_TC_BidSubmission_06_BidSubmitted_withonebidder" tests="1" failures="0" timestamp="21 Apr 2021 13:44:40 GMT" time="1230.137" errors="0">
  <testcase name="Bid_submisison_with_onebidder_TG5" time="1230.137" classname="com.testScripts_mjunction.TG5_TC_BidSubmission_06_BidSubmitted_withonebidder"/>
</testsuite> <!-- com.testScripts_mjunction.TG5_TC_BidSubmission_06_BidSubmitted_withonebidder -->
