<?xml version="1.0" encoding="UTF-8"?>
<!-- Generated by org.testng.reporters.JUnitReportReporter -->
<testsuite skipped="0" hostname="MJLT-2170" name="com.testScripts_mjunction.TG1_TC_CancelTender_02" tests="1" failures="0" timestamp="2024-02-19T15:18:37 IST" time="713.758" errors="0">
  <testcase name="Tenderpublished_after_tender_approval_TG1" time="713.758" classname="com.testScripts_mjunction.TG1_TC_CancelTender_02"/>
  <system-out/>
</testsuite> <!-- com.testScripts_mjunction.TG1_TC_CancelTender_02 -->
