<?xml version="1.0" encoding="UTF-8"?>
<!-- Generated by org.testng.reporters.JUnitReportReporter -->
<testsuite skipped="0" hostname="MJLT-1411" name="com.testScripts_mjunction.TG1_TC_BidSubmission_06_BidSubmitted_withonebidder" tests="1" failures="0" timestamp="25 Mar 2021 08:57:10 GMT" time="1239.885" errors="0">
  <testcase name="Bid_submisison_with_onebidder" time="1239.885" classname="com.testScripts_mjunction.TG1_TC_BidSubmission_06_BidSubmitted_withonebidder"/>
</testsuite> <!-- com.testScripts_mjunction.TG1_TC_BidSubmission_06_BidSubmitted_withonebidder -->
