<?xml version="1.0" encoding="UTF-8"?>
<!-- Generated by org.testng.reporters.JUnitReportReporter -->
<testsuite skipped="0" hostname="MJLT-2170" name="com.ProductionDefects.SN_134432" tests="1" failures="0" timestamp="2025-01-22T12:40:42 IST" time="361.625" errors="0">
  <testcase name="ProductionDefect_134435" time="361.625" classname="com.ProductionDefects.SN_134432"/>
  <system-out/>
</testsuite> <!-- com.ProductionDefects.SN_134432 -->
