<?xml version="1.0" encoding="UTF-8"?>
<!-- Generated by org.testng.reporters.JUnitReportReporter -->
<testsuite skipped="0" hostname="MJLT-1563" name="com.testScripts_mjunction.TC_EPS_PO_02UserDefinedApprovalTest" tests="1" failures="0" timestamp="2024-02-08T13:46:44 IST" time="487.765" errors="0">
  <testcase name="f" time="487.765" classname="com.testScripts_mjunction.TC_EPS_PO_02UserDefinedApprovalTest"/>
  <system-out/>
</testsuite> <!-- com.testScripts_mjunction.TC_EPS_PO_02UserDefinedApprovalTest -->
