<?xml version="1.0" encoding="UTF-8"?>
<!-- Generated by org.testng.reporters.JUnitReportReporter -->
<testsuite skipped="0" hostname="MJLT-2170" name="com.testScripts_mjunction.TC_EPS_PO_06_No_Approval_DataValidation" tests="1" failures="0" timestamp="2024-06-06T16:01:26 IST" time="553.130" errors="0">
  <testcase name="f" time="553.130" classname="com.testScripts_mjunction.TC_EPS_PO_06_No_Approval_DataValidation"/>
  <system-out/>
</testsuite> <!-- com.testScripts_mjunction.TC_EPS_PO_06_No_Approval_DataValidation -->
