<?xml version="1.0" encoding="UTF-8"?>
<!-- Generated by org.testng.reporters.JUnitReportReporter -->
<testsuite skipped="0" hostname="MJLT-1411" name="com.testScripts_mjunction.TG1_TC_Evaluation_10_Openingapproval_Y_Evaluationapproval_N" tests="1" failures="0" timestamp="24 Feb 2021 04:55:30 GMT" time="1106.323" errors="0">
  <testcase name="Tender_Evaluation_with_OpeningApproval_Y_Evaluationapproval_N" time="1106.323" classname="com.testScripts_mjunction.TG1_TC_Evaluation_10_Openingapproval_Y_Evaluationapproval_N"/>
</testsuite> <!-- com.testScripts_mjunction.TG1_TC_Evaluation_10_Openingapproval_Y_Evaluationapproval_N -->
