<?xml version="1.0" encoding="UTF-8"?>
<!-- Generated by org.testng.reporters.JUnitReportReporter -->
<testsuite skipped="0" hostname="MJLT-1563" name="com.testScripts_mjunction.TC_EPS_PO_02UserDefinedApprovalTest" tests="1" failures="0" timestamp="2024-03-02T19:31:07 IST" time="163.052" errors="0">
  <testcase name="f" time="163.052" classname="com.testScripts_mjunction.TC_EPS_PO_02UserDefinedApprovalTest"/>
  <system-out/>
</testsuite> <!-- com.testScripts_mjunction.TC_EPS_PO_02UserDefinedApprovalTest -->
