<?xml version="1.0" encoding="UTF-8"?>
<!-- Generated by org.testng.reporters.JUnitReportReporter -->
<testsuite skipped="0" hostname="MJLT-2170" name="com.ProductionDefects.Tender_PD_139007" tests="1" failures="0" timestamp="2024-10-30T17:17:40 IST" time="262.044" errors="0">
  <testcase name="ProductionDefect_135540" time="262.044" classname="com.ProductionDefects.Tender_PD_139007"/>
  <system-out/>
</testsuite> <!-- com.ProductionDefects.Tender_PD_139007 -->
