<?xml version="1.0" encoding="UTF-8"?>
<!-- Generated by org.testng.reporters.JUnitReportReporter -->
<testsuite skipped="0" hostname="MJLT-2170" name="com.Dynamicity.Create_ManualSaction_from_Tender_Dynamically" tests="1" failures="0" timestamp="2024-09-24T10:52:45 IST" time="180.151" errors="0">
  <testcase name="CreateMSNDynamically" time="180.151" classname="com.Dynamicity.Create_ManualSaction_from_Tender_Dynamically"/>
  <system-out/>
</testsuite> <!-- com.Dynamicity.Create_ManualSaction_from_Tender_Dynamically -->
