<?xml version="1.0" encoding="UTF-8"?>
<!-- Generated by org.testng.reporters.JUnitReportReporter -->
<testsuite skipped="0" hostname="MJLT-2170" name="com.ProductionDefects.Tender_PD_141027" tests="1" failures="0" timestamp="2024-10-30T16:42:55 IST" time="107.111" errors="0">
  <testcase name="ProductionDefect_135540" time="107.111" classname="com.ProductionDefects.Tender_PD_141027"/>
  <system-out/>
</testsuite> <!-- com.ProductionDefects.Tender_PD_141027 -->
