<?xml version="1.0" encoding="UTF-8"?>
<!-- Generated by org.testng.reporters.JUnitReportReporter -->
<testsuite skipped="0" hostname="MJLT-1411" name="com.testScripts_mjunction.TC_Evaluation_15_Openingapproval_Y_Evaluationapproval_Y_RejectOnebidder" tests="1" failures="0" timestamp="13 Jan 2021 15:21:05 GMT" time="3365.062" errors="0">
  <testcase name="Tender_Evaluation_with_OpeningApproval_Y_Evaluationapproval_Y_RejectOnebidder" time="3365.062" classname="com.testScripts_mjunction.TC_Evaluation_15_Openingapproval_Y_Evaluationapproval_Y_RejectOnebidder"/>
</testsuite> <!-- com.testScripts_mjunction.TC_Evaluation_15_Openingapproval_Y_Evaluationapproval_Y_RejectOnebidder -->
