<?xml version="1.0" encoding="UTF-8"?>
<!-- Generated by org.testng.reporters.JUnitReportReporter -->
<testsuite skipped="0" hostname="MJLT-1411" name="com.testScripts_mjunction.TG4_TC_Corrigendum_03_DateCorrigendum_withApproval_Livestate" tests="1" failures="0" timestamp="31 Mar 2021 07:18:41 GMT" time="1204.240" errors="0">
  <testcase name="Date_Corrigendum_approval_Live_state_TG4" time="1204.240" classname="com.testScripts_mjunction.TG4_TC_Corrigendum_03_DateCorrigendum_withApproval_Livestate"/>
</testsuite> <!-- com.testScripts_mjunction.TG4_TC_Corrigendum_03_DateCorrigendum_withApproval_Livestate -->
