<?xml version="1.0" encoding="UTF-8"?>
<!-- Generated by org.testng.reporters.JUnitReportReporter -->
<testsuite skipped="0" hostname="MJLT-1563" name="com.testScripts_mjunction.TG1_TC_Indent_03_Creation_with_No_approval" tests="1" failures="0" timestamp="2024-01-05T11:35:46 IST" time="319.843" errors="0">
  <testcase name="Indent_creation_with_No_approval" time="319.843" classname="com.testScripts_mjunction.TG1_TC_Indent_03_Creation_with_No_approval"/>
  <system-out/>
</testsuite> <!-- com.testScripts_mjunction.TG1_TC_Indent_03_Creation_with_No_approval -->
