<?xml version="1.0" encoding="UTF-8"?>
<!-- Generated by org.testng.reporters.JUnitReportReporter -->
<testsuite skipped="0" hostname="MJLT-2170" name="com.testScripts_mjunction.TG1_TC_Indent_08_Creation_with_multiple_Approvers_with_branching" tests="1" failures="0" timestamp="2024-02-19T12:45:53 IST" time="1025.983" errors="0">
  <testcase name="Indent_creation_with_approval" time="1025.983" classname="com.testScripts_mjunction.TG1_TC_Indent_08_Creation_with_multiple_Approvers_with_branching"/>
  <system-out/>
</testsuite> <!-- com.testScripts_mjunction.TG1_TC_Indent_08_Creation_with_multiple_Approvers_with_branching -->
