<?xml version="1.0" encoding="UTF-8"?>
<!-- Generated by org.testng.reporters.JUnitReportReporter -->
<testsuite skipped="0" hostname="MJLT-2170" name="com.ProductionDefects.Tender_PD_140642" tests="1" failures="0" timestamp="2024-08-23T13:06:36 IST" time="92.795" errors="0">
  <testcase name="ProductionDefect_135540" time="92.795" classname="com.ProductionDefects.Tender_PD_140642"/>
  <system-out/>
</testsuite> <!-- com.ProductionDefects.Tender_PD_140642 -->
