<?xml version="1.0" encoding="UTF-8"?>
<!-- Generated by org.testng.reporters.JUnitReportReporter -->
<testsuite skipped="0" hostname="MJLT-2170" name="com.testScripts_mjunction.TG1_TC_Indent_09_Mail_Validation" tests="1" failures="0" timestamp="2024-02-19T14:08:39 IST" time="3342.535" errors="0">
  <testcase name="Indent_creation_with_approval" time="3342.535" classname="com.testScripts_mjunction.TG1_TC_Indent_09_Mail_Validation"/>
  <system-out/>
</testsuite> <!-- com.testScripts_mjunction.TG1_TC_Indent_09_Mail_Validation -->
