<?xml version="1.0" encoding="UTF-8"?>
<!-- Generated by org.testng.reporters.JUnitReportReporter -->
<testsuite skipped="0" hostname="MJLT-2170" name="com.ProductionDefects.Tender_PD_135438" tests="1" failures="0" timestamp="2025-01-29T11:27:14 IST" time="103.174" errors="0">
  <testcase name="ProductionDefect_135540" time="103.174" classname="com.ProductionDefects.Tender_PD_135438"/>
  <system-out/>
</testsuite> <!-- com.ProductionDefects.Tender_PD_135438 -->
