<?xml version="1.0" encoding="UTF-8"?>
<!-- Generated by org.testng.reporters.JUnitReportReporter -->
<testsuite skipped="0" hostname="MJLT-1411" name="com.testScripts_mjunction.TG1_TC_BidSubmission_08_verifying_Draftbid_functionality" tests="1" failures="0" timestamp="22 Feb 2021 13:07:28 GMT" time="1214.225" errors="0">
  <testcase name="Verifying_Draftbid_functionality" time="1214.225" classname="com.testScripts_mjunction.TG1_TC_BidSubmission_08_verifying_Draftbid_functionality"/>
</testsuite> <!-- com.testScripts_mjunction.TG1_TC_BidSubmission_08_verifying_Draftbid_functionality -->
