<?xml version="1.0" encoding="UTF-8"?>
<!-- Generated by org.testng.reporters.JUnitReportReporter -->
<testsuite skipped="0" hostname="MJLT-1563" name="com.testScripts_mjunction.TC_EPS_PO_05_with_multiple_approvers" tests="1" failures="0" timestamp="2024-03-03T16:38:45 IST" time="3614.263" errors="0">
  <testcase name="f" time="3614.263" classname="com.testScripts_mjunction.TC_EPS_PO_05_with_multiple_approvers"/>
  <system-out/>
</testsuite> <!-- com.testScripts_mjunction.TC_EPS_PO_05_with_multiple_approvers -->
