<?xml version="1.0" encoding="UTF-8"?>
<!-- Generated by org.testng.reporters.JUnitReportReporter -->
<testsuite skipped="0" hostname="MLJT-2647" name="com.testScripts_mjunction.TC_SN_05VerifyCancelOfSanctionNoteTest" tests="1" failures="0" timestamp="2024-07-02T15:34:47 IST" time="213.576" errors="0">
  <testcase name="f" time="213.576" classname="com.testScripts_mjunction.TC_SN_05VerifyCancelOfSanctionNoteTest"/>
  <system-out/>
</testsuite> <!-- com.testScripts_mjunction.TC_SN_05VerifyCancelOfSanctionNoteTest -->
