<?xml version="1.0" encoding="UTF-8"?>
<!-- Generated by org.testng.reporters.JUnitReportReporter -->
<testsuite skipped="0" hostname="MLJT-2647" name="com.VerifyIndividualFunctionalityofApprovalFlow_Dynamic.TC_SN_From_PR_Recall_by_Creator_functionality" tests="1" failures="0" timestamp="2024-11-11T15:57:39 IST" time="607.322" errors="0">
  <testcase name="CreateSNFromPRDynamically" time="607.322" classname="com.VerifyIndividualFunctionalityofApprovalFlow_Dynamic.TC_SN_From_PR_Recall_by_Creator_functionality"/>
  <system-out/>
</testsuite> <!-- com.VerifyIndividualFunctionalityofApprovalFlow_Dynamic.TC_SN_From_PR_Recall_by_Creator_functionality -->
