<?xml version="1.0" encoding="UTF-8"?>
<!-- Generated by org.testng.reporters.JUnitReportReporter -->
<testsuite skipped="0" hostname="MLJT-2647" name="com.Indent_Creation.TC_07_Indent_Creation_with_multiple_Approvers_with_branching" tests="1" failures="0" timestamp="2025-01-22T16:24:16 IST" time="572.269" errors="0">
  <testcase name="CreateIndentDynamically" time="572.269" classname="com.Indent_Creation.TC_07_Indent_Creation_with_multiple_Approvers_with_branching"/>
  <system-out/>
</testsuite> <!-- com.Indent_Creation.TC_07_Indent_Creation_with_multiple_Approvers_with_branching -->
