<?xml version="1.0" encoding="UTF-8"?>
<!-- Generated by org.testng.reporters.JUnitReportReporter -->
<testsuite skipped="0" hostname="MJLT-2170" name="com.ProductionDefects.Tender_PD_149063" tests="1" failures="0" timestamp="2024-11-28T16:07:22 IST" time="363.797" errors="0">
  <testcase name="ProductionDefect_135540" time="363.797" classname="com.ProductionDefects.Tender_PD_149063"/>
  <system-out/>
</testsuite> <!-- com.ProductionDefects.Tender_PD_149063 -->
