<?xml version="1.0" encoding="UTF-8"?>
<!-- Generated by org.testng.reporters.JUnitReportReporter -->
<testsuite skipped="0" hostname="MJLT-1563" name="com.testScripts_mjunction.TG1_TC_TenderCreation_02_tender_reject_during_tender_approval" tests="1" failures="0" timestamp="2023-01-10T18:13:44 IST" time="326.894" errors="0">
  <testcase name="TenderReject_after_tender_approval_TG1" time="326.894" classname="com.testScripts_mjunction.TG1_TC_TenderCreation_02_tender_reject_during_tender_approval"/>
  <system-out/>
</testsuite> <!-- com.testScripts_mjunction.TG1_TC_TenderCreation_02_tender_reject_during_tender_approval -->
