<?xml version="1.0" encoding="UTF-8"?>
<!-- Generated by org.testng.reporters.JUnitReportReporter -->
<testsuite skipped="0" hostname="MJLT-2170" name="com.VerifyPagesUpAndRunning.VerifyIndentListingPage" tests="1" failures="0" timestamp="2024-05-14T14:56:29 IST" time="87.101" errors="0">
  <testcase name="IndentListingPage" time="87.101" classname="com.VerifyPagesUpAndRunning.VerifyIndentListingPage"/>
  <system-out/>
</testsuite> <!-- com.VerifyPagesUpAndRunning.VerifyIndentListingPage -->
