<?xml version="1.0" encoding="UTF-8"?>
<!-- Generated by org.testng.reporters.JUnitReportReporter -->
<testsuite skipped="0" hostname="MJLT-1411" name="com.testScripts_mjunction.TC_BidSubmission_09_verifying_Withdraw_functionality" tests="1" failures="0" timestamp="06 Jan 2021 08:00:09 GMT" time="1050.197" errors="0">
  <testcase name="Verifying_Withdrawbid_functionality" time="1050.197" classname="com.testScripts_mjunction.TC_BidSubmission_09_verifying_Withdraw_functionality"/>
</testsuite> <!-- com.testScripts_mjunction.TC_BidSubmission_09_verifying_Withdraw_functionality -->
