<?xml version="1.0" encoding="UTF-8"?>
<!-- Generated by org.testng.reporters.JUnitReportReporter -->
<testsuite skipped="0" hostname="MJLT-2170" name="com.ProductionDefects.Tender_PD_138633" tests="1" failures="0" timestamp="2024-11-01T17:32:28 IST" time="1361.479" errors="0">
  <testcase name="ProductionDefect_135540" time="1361.479" classname="com.ProductionDefects.Tender_PD_138633"/>
  <system-out/>
</testsuite> <!-- com.ProductionDefects.Tender_PD_138633 -->
