<?xml version="1.0" encoding="UTF-8"?>
<!-- Generated by org.testng.reporters.JUnitReportReporter -->
<testsuite skipped="0" hostname="MJLT-2170" name="com.ProductionDefects.SN_PD_134093" tests="1" failures="0" timestamp="2025-01-27T13:20:22 IST" time="277.854" errors="0">
  <testcase name="ProductionDefect_134435" time="277.854" classname="com.ProductionDefects.SN_PD_134093"/>
  <system-out/>
</testsuite> <!-- com.ProductionDefects.SN_PD_134093 -->
