<?xml version="1.0" encoding="UTF-8"?>
<!-- Generated by org.testng.reporters.JUnitReportReporter -->
<testsuite skipped="0" hostname="MJLT-1563" name="com.testScripts_mjunction.TG8_TC_Corrigendum_03_DateCorrigendum_withApproval_Livestate" tests="1" failures="0" timestamp="2021-06-03T19:35:49 IST" time="1263.650" errors="0">
  <testcase name="Date_Corrigendum_approval_Live_state_TG8" time="1263.650" classname="com.testScripts_mjunction.TG8_TC_Corrigendum_03_DateCorrigendum_withApproval_Livestate"/>
</testsuite> <!-- com.testScripts_mjunction.TG8_TC_Corrigendum_03_DateCorrigendum_withApproval_Livestate -->
