<?xml version="1.0" encoding="UTF-8"?>
<!-- Generated by org.testng.reporters.JUnitReportReporter -->
<testsuite skipped="0" hostname="MJLT-1563" name="com.testScripts_mjunction.TG8_TC_Indent_04_Mark_for_RFQ_functionality" tests="1" failures="0" timestamp="2021-06-02T14:33:06 IST" time="321.240" errors="0">
  <testcase name="Verifying_indent_MarkForRFQ_functionality_TG8" time="321.240" classname="com.testScripts_mjunction.TG8_TC_Indent_04_Mark_for_RFQ_functionality"/>
</testsuite> <!-- com.testScripts_mjunction.TG8_TC_Indent_04_Mark_for_RFQ_functionality -->
