<?xml version="1.0" encoding="UTF-8"?>
<!-- Generated by org.testng.reporters.JUnitReportReporter -->
<testsuite skipped="0" hostname="MJLT-1411" name="com.testScripts_mjunction.TG4_TC_BidSubmission_07_verifying_Rebid_functionality" tests="1" failures="0" timestamp="05 Apr 2021 15:56:57 GMT" time="777.143" errors="0">
  <testcase name="Verifying_Rebid_functionality_TG4" time="777.143" classname="com.testScripts_mjunction.TG4_TC_BidSubmission_07_verifying_Rebid_functionality"/>
</testsuite> <!-- com.testScripts_mjunction.TG4_TC_BidSubmission_07_verifying_Rebid_functionality -->
