<?xml version="1.0" encoding="UTF-8"?>
<!-- Generated by org.testng.reporters.JUnitReportReporter -->
<testsuite skipped="0" hostname="MJLT-1563" name="com.testScripts_mjunction.TC_EPS_PO_01_No_Approval" tests="1" failures="0" timestamp="2024-02-08T16:33:04 IST" time="369.310" errors="0">
  <testcase name="f" time="369.310" classname="com.testScripts_mjunction.TC_EPS_PO_01_No_Approval"/>
  <system-out/>
</testsuite> <!-- com.testScripts_mjunction.TC_EPS_PO_01_No_Approval -->
