<?xml version="1.0" encoding="UTF-8"?>
<!-- Generated by org.testng.reporters.JUnitReportReporter -->
<testsuite skipped="0" hostname="MJLT-1563" name="com.testScripts_mjunction.TC_SN_03VerifyEndToEndWorkFlowOfSanctionNoteWithPredefineWorkFlowTest" tests="1" failures="0" timestamp="2024-03-02T15:17:00 IST" time="369.079" errors="0">
  <testcase name="f" time="369.079" classname="com.testScripts_mjunction.TC_SN_03VerifyEndToEndWorkFlowOfSanctionNoteWithPredefineWorkFlowTest"/>
  <system-out/>
</testsuite> <!-- com.testScripts_mjunction.TC_SN_03VerifyEndToEndWorkFlowOfSanctionNoteWithPredefineWorkFlowTest -->
