<?xml version="1.0" encoding="UTF-8"?>
<!-- Generated by org.testng.reporters.JUnitReportReporter -->
<testsuite skipped="0" hostname="MJLT-1563" name="com.testScripts_mjunction.TG8_TC_Negotiation_17_Openingapproval_N_Evaluationapproval_N_NegotiateTwobidder_RejectOnebidder" tests="1" failures="0" timestamp="2021-06-10T12:04:47 IST" time="4132.775" errors="0">
  <testcase name="Tender_Evaluation_with_OpeningApproval_N_Evaluationapproval_N_NegotiateTwobidder_RejectOnebidder_TG8" time="4132.775" classname="com.testScripts_mjunction.TG8_TC_Negotiation_17_Openingapproval_N_Evaluationapproval_N_NegotiateTwobidder_RejectOnebidder"/>
</testsuite> <!-- com.testScripts_mjunction.TG8_TC_Negotiation_17_Openingapproval_N_Evaluationapproval_N_NegotiateTwobidder_RejectOnebidder -->
