<?xml version="1.0" encoding="UTF-8"?>
<!-- Generated by org.testng.reporters.JUnitReportReporter -->
<testsuite skipped="0" hostname="MJLT-2170" name="com.ChangeRequest.LOA_01_Issue_LOA_without_approver" tests="1" failures="0" timestamp="2024-09-20T17:17:54 IST" time="131.621" errors="0">
  <testcase name="f" time="131.621" classname="com.ChangeRequest.LOA_01_Issue_LOA_without_approver"/>
  <system-out/>
</testsuite> <!-- com.ChangeRequest.LOA_01_Issue_LOA_without_approver -->
