<?xml version="1.0" encoding="UTF-8"?>
<!-- Generated by org.testng.reporters.JUnitReportReporter -->
<testsuite skipped="0" hostname="MJLT-1563" name="com.testScripts_mjunction.TG1_TC_Indent_02_Creation_with_multiple_Approvers" tests="1" failures="0" timestamp="2024-01-11T23:20:09 IST" time="418.474" errors="0">
  <testcase name="Indent_creation_with_multiapproval" time="418.474" classname="com.testScripts_mjunction.TG1_TC_Indent_02_Creation_with_multiple_Approvers"/>
  <system-out/>
</testsuite> <!-- com.testScripts_mjunction.TG1_TC_Indent_02_Creation_with_multiple_Approvers -->
