<?xml version="1.0" encoding="UTF-8"?>
<!-- Generated by org.testng.reporters.JUnitReportReporter -->
<testsuite skipped="0" hostname="MJLT-2170" name="com.testScripts_mjunction.TG1_TC_Negotiation_13_Openingapproval_N_Evaluationapproval_Y_NegotiateOnebidder_ApproveTwobidder" tests="1" failures="0" timestamp="2024-02-29T14:45:34 IST" time="7625.352" errors="0">
  <testcase name="Tender_Evaluation_with_OpeningApproval_N_Evaluationapproval_Y_NegotiateOnebidder_ApproveTwobidder" time="7625.352" classname="com.testScripts_mjunction.TG1_TC_Negotiation_13_Openingapproval_N_Evaluationapproval_Y_NegotiateOnebidder_ApproveTwobidder"/>
  <system-out/>
</testsuite> <!-- com.testScripts_mjunction.TG1_TC_Negotiation_13_Openingapproval_N_Evaluationapproval_Y_NegotiateOnebidder_ApproveTwobidder -->
