<?xml version="1.0" encoding="UTF-8"?>
<!-- Generated by org.testng.reporters.JUnitReportReporter -->
<testsuite skipped="0" hostname="MJLT-2170" name="com.testScripts_mjunction.TG1_TC_Evaluation_12_Openingapproval_N_Regression_Evaluationapproval_Y" tests="1" failures="0" timestamp="2024-03-07T11:58:48 IST" time="785.911" errors="1">
  <testcase name="Tender_Evaluation_with_OpeningApproval_N_Evaluationapproval_Y_NegotiateOnebidder_ApproveTwobidder" time="785.911" classname="com.testScripts_mjunction.TG1_TC_Evaluation_12_Openingapproval_N_Regression_Evaluationapproval_Y">
    <error type="java.lang.NullPointerException">
      <![CDATA[java.lang.NullPointerException
at java.util.Objects.requireNonNull(Unknown Source)
at java.util.Hashtable.replace(Unknown Source)
at com.components.eTenderComponent.updateDataIntoPropertyFile(eTenderComponent.java:5367)
at com.components.eTenderComponent.tenderIdSave(eTenderComponent.java:749)
at com.testScripts_mjunction.TG1_TC_Evaluation_12_Openingapproval_N_Regression_Evaluationapproval_Y.Tender_Evaluation_with_OpeningApproval_N_Evaluationapproval_Y_NegotiateOnebidder_ApproveTwobidder(TG1_TC_Evaluation_12_Openingapproval_N_Regression_Evaluationapproval_Y.java:110)
at sun.reflect.NativeMethodAccessorImpl.invoke0(Native Method)
at sun.reflect.NativeMethodAccessorImpl.invoke(Unknown Source)
at sun.reflect.DelegatingMethodAccessorImpl.invoke(Unknown Source)
at java.lang.reflect.Method.invoke(Unknown Source)
at org.testng.internal.MethodInvocationHelper.invokeMethod(MethodInvocationHelper.java:132)
at org.testng.internal.TestInvoker.invokeMethod(TestInvoker.java:599)
at org.testng.internal.TestInvoker.invokeTestMethod(TestInvoker.java:174)
at org.testng.internal.MethodRunner.runInSequence(MethodRunner.java:46)
at org.testng.internal.TestInvoker$MethodInvocationAgent.invoke(TestInvoker.java:822)
at org.testng.internal.TestInvoker.invokeTestMethods(TestInvoker.java:147)
at org.testng.internal.TestMethodWorker.invokeTestMethods(TestMethodWorker.java:146)
at org.testng.internal.TestMethodWorker.run(TestMethodWorker.java:128)
at java.util.ArrayList.forEach(Unknown Source)
at org.testng.TestRunner.privateRun(TestRunner.java:764)
at org.testng.TestRunner.run(TestRunner.java:585)
at org.testng.SuiteRunner.runTest(SuiteRunner.java:384)
at org.testng.SuiteRunner.runSequentially(SuiteRunner.java:378)
at org.testng.SuiteRunner.privateRun(SuiteRunner.java:337)
at org.testng.SuiteRunner.run(SuiteRunner.java:286)
at org.testng.SuiteRunnerWorker.runSuite(SuiteRunnerWorker.java:53)
at org.testng.SuiteRunnerWorker.run(SuiteRunnerWorker.java:96)
at org.testng.TestNG.runSuitesSequentially(TestNG.java:1218)
at org.testng.TestNG.runSuitesLocally(TestNG.java:1140)
at org.testng.TestNG.runSuites(TestNG.java:1069)
at org.testng.TestNG.run(TestNG.java:1037)
at org.testng.remote.AbstractRemoteTestNG.run(AbstractRemoteTestNG.java:115)
at org.testng.remote.RemoteTestNG.initAndRun(RemoteTestNG.java:251)
at org.testng.remote.RemoteTestNG.main(RemoteTestNG.java:77)
]]>
    </error>
  </testcase> <!-- Tender_Evaluation_with_OpeningApproval_N_Evaluationapproval_Y_NegotiateOnebidder_ApproveTwobidder -->
  <system-out/>
</testsuite> <!-- com.testScripts_mjunction.TG1_TC_Evaluation_12_Openingapproval_N_Regression_Evaluationapproval_Y -->
