<?xml version="1.0" encoding="UTF-8"?>
<!-- Generated by org.testng.reporters.JUnitReportReporter -->
<testsuite skipped="0" hostname="MJLT-2170" name="com.ProductionDefects.Tender_PD_140916" tests="1" failures="0" timestamp="2024-10-30T15:48:05 IST" time="280.266" errors="0">
  <testcase name="ProductionDefect_135540" time="280.266" classname="com.ProductionDefects.Tender_PD_140916"/>
  <system-out/>
</testsuite> <!-- com.ProductionDefects.Tender_PD_140916 -->
