<?xml version="1.0" encoding="UTF-8"?>
<!-- Generated by org.testng.reporters.JUnitReportReporter -->
<testsuite skipped="0" hostname="MJLT-2643" name="com.Dynamicity.CreateTenderFromPR_Dynamically" tests="1" failures="0" timestamp="2024-05-09T14:57:06 IST" time="163.251" errors="0">
  <testcase name="createTenderFromPR_Dynamically" time="163.251" classname="com.Dynamicity.CreateTenderFromPR_Dynamically"/>
  <system-out/>
</testsuite> <!-- com.Dynamicity.CreateTenderFromPR_Dynamically -->
