<?xml version="1.0" encoding="UTF-8"?>
<!-- Generated by org.testng.reporters.JUnitReportReporter -->
<testsuite skipped="0" hostname="MJLT-2170" name="com.ProductionDefects.PO_PD_135296" tests="1" failures="0" timestamp="2025-01-21T13:55:24 IST" time="50.832" errors="0">
  <testcase name="ProductionDefect_135540" time="50.832" classname="com.ProductionDefects.PO_PD_135296"/>
  <system-out/>
</testsuite> <!-- com.ProductionDefects.PO_PD_135296 -->
