<?xml version="1.0" encoding="UTF-8"?>
<!-- Generated by org.testng.reporters.JUnitReportReporter -->
<testsuite skipped="0" hostname="MJLT-2170" name="com.testScripts_mjunction.TC_EPS_PO_04_Deleted_Test" tests="1" failures="0" timestamp="2024-02-29T21:58:02 IST" time="263.775" errors="0">
  <testcase name="f" time="263.775" classname="com.testScripts_mjunction.TC_EPS_PO_04_Deleted_Test"/>
  <system-out/>
</testsuite> <!-- com.testScripts_mjunction.TC_EPS_PO_04_Deleted_Test -->
