<?xml version="1.0" encoding="UTF-8"?>
<!-- Generated by org.testng.reporters.JUnitReportReporter -->
<testsuite skipped="0" hostname="MJLT-1563" name="com.testScripts_mjunction.TG7_TC_Corrigendum_05_DateCorrigendum_withApprovalReview_Closedstate" tests="1" failures="0" timestamp="2021-05-19T22:12:11 IST" time="1000.795" errors="0">
  <testcase name="Date_Corrigendum_approval_review_closed_state_TG7" time="1000.795" classname="com.testScripts_mjunction.TG7_TC_Corrigendum_05_DateCorrigendum_withApprovalReview_Closedstate"/>
</testsuite> <!-- com.testScripts_mjunction.TG7_TC_Corrigendum_05_DateCorrigendum_withApprovalReview_Closedstate -->
