<?xml version="1.0" encoding="UTF-8"?>
<!-- Generated by org.testng.reporters.JUnitReportReporter -->
<testsuite skipped="0" hostname="MJLT-2170" name="com.ProductionDefects.PO_PD_134446" tests="1" failures="0" timestamp="2025-01-21T13:49:03 IST" time="46.110" errors="0">
  <testcase name="ProductionDefect_135540" time="46.110" classname="com.ProductionDefects.PO_PD_134446"/>
  <system-out/>
</testsuite> <!-- com.ProductionDefects.PO_PD_134446 -->
