<?xml version="1.0" encoding="UTF-8"?>
<!-- Generated by org.testng.reporters.JUnitReportReporter -->
<testsuite skipped="0" hostname="MJLT-2170" name="com.Sanction_Note_Creation.SN_13_Create_MSN_From_Completed_Tender_with_branching" tests="1" failures="0" timestamp="2024-09-26T13:38:38 IST" time="792.556" errors="0">
  <testcase name="CreateFreshTenderDynamically" time="792.556" classname="com.Sanction_Note_Creation.SN_13_Create_MSN_From_Completed_Tender_with_branching"/>
  <system-out/>
</testsuite> <!-- com.Sanction_Note_Creation.SN_13_Create_MSN_From_Completed_Tender_with_branching -->
