<?xml version="1.0" encoding="UTF-8"?>
<!-- Generated by org.testng.reporters.JUnitReportReporter -->
<testsuite skipped="0" hostname="MJLT-2170" name="com.VerifyIndividualFunctionalityofApprovalFlow.TC_SN_Forward_functionality" tests="1" failures="0" timestamp="2024-06-11T12:55:15 IST" time="734.698" errors="0">
  <testcase name="f" time="734.698" classname="com.VerifyIndividualFunctionalityofApprovalFlow.TC_SN_Forward_functionality"/>
  <system-out/>
</testsuite> <!-- com.VerifyIndividualFunctionalityofApprovalFlow.TC_SN_Forward_functionality -->
