<?xml version="1.0" encoding="UTF-8"?>
<!-- Generated by org.testng.reporters.JUnitReportReporter -->
<testsuite skipped="0" hostname="MJLT-1563" name="com.testScripts_mjunction.TG1_TC_Indent_06_Cancel_Indent" tests="1" failures="0" timestamp="2024-02-29T17:34:45 IST" time="733.423" errors="0">
  <testcase name="Indent_creation_with_approval" time="733.423" classname="com.testScripts_mjunction.TG1_TC_Indent_06_Cancel_Indent"/>
  <system-out/>
</testsuite> <!-- com.testScripts_mjunction.TG1_TC_Indent_06_Cancel_Indent -->
