<?xml version="1.0" encoding="UTF-8"?>
<!-- Generated by org.testng.reporters.JUnitReportReporter -->
<testsuite skipped="0" hostname="MJLT-2643" name="com.Sanction_Note_Creation.Create_multiple_SN" tests="1" failures="0" timestamp="2025-01-27T12:55:19 IST" time="123.670" errors="0">
  <testcase name="VerifyMultipleSNCreation" time="123.670" classname="com.Sanction_Note_Creation.Create_multiple_SN"/>
  <system-out/>
</testsuite> <!-- com.Sanction_Note_Creation.Create_multiple_SN -->
