<?xml version="1.0" encoding="UTF-8"?>
<!-- Generated by org.testng.reporters.JUnitReportReporter -->
<testsuite skipped="0" hostname="MJLT-2170" name="com.ChangeRequest.Notesheet_05_Cancel_Notesheet" tests="1" failures="0" timestamp="2024-09-13T13:04:08 IST" time="237.230" errors="0">
  <testcase name="f" time="237.230" classname="com.ChangeRequest.Notesheet_05_Cancel_Notesheet"/>
  <system-out/>
</testsuite> <!-- com.ChangeRequest.Notesheet_05_Cancel_Notesheet -->
