<?xml version="1.0" encoding="UTF-8"?>
<!-- Generated by org.testng.reporters.JUnitReportReporter -->
<testsuite skipped="0" hostname="MJLT-2170" name="com.PO_Purchase_Order.PO_06_Create_Fresh_PO_With_approver" tests="1" failures="0" timestamp="2024-10-21T17:45:42 IST" time="278.316" errors="0">
  <testcase name="createPOFromSN_Dynamically" time="278.316" classname="com.PO_Purchase_Order.PO_06_Create_Fresh_PO_With_approver"/>
  <system-out/>
</testsuite> <!-- com.PO_Purchase_Order.PO_06_Create_Fresh_PO_With_approver -->
