<?xml version="1.0" encoding="UTF-8"?>
<!-- Generated by org.testng.reporters.JUnitReportReporter -->
<testsuite skipped="0" hostname="MJLT-2170" name="com.Tender_Creation.TC_08_Delete_Tender" tests="1" failures="0" timestamp="2024-08-09T13:37:53 IST" time="889.344" errors="0">
  <testcase name="CreateIndentDynamically" time="889.344" classname="com.Tender_Creation.TC_08_Delete_Tender"/>
  <system-out/>
</testsuite> <!-- com.Tender_Creation.TC_08_Delete_Tender -->
