<?xml version="1.0" encoding="UTF-8"?>
<!-- Generated by org.testng.reporters.JUnitReportReporter -->
<testsuite skipped="0" hostname="MJLT-2170" name="com.ProductionDefects.SN_138926" tests="1" failures="0" timestamp="2025-01-22T15:22:10 IST" time="1025.261" errors="0">
  <testcase name="ProductionDefect_134435" time="1025.261" classname="com.ProductionDefects.SN_138926"/>
  <system-out/>
</testsuite> <!-- com.ProductionDefects.SN_138926 -->
