<?xml version="1.0" encoding="UTF-8"?>
<!-- Generated by org.testng.reporters.JUnitReportReporter -->
<testsuite skipped="0" hostname="MJLT-1563" name="com.testScripts_mjunction.TG6_TC_BidSubmission_09_verifying_Withdraw_functionality" tests="1" failures="0" timestamp="2021-05-21T15:27:42 IST" time="642.040" errors="0">
  <testcase name="Verifying_Withdrawbid_functionality_TG6" time="642.040" classname="com.testScripts_mjunction.TG6_TC_BidSubmission_09_verifying_Withdraw_functionality"/>
</testsuite> <!-- com.testScripts_mjunction.TG6_TC_BidSubmission_09_verifying_Withdraw_functionality -->
