<?xml version="1.0" encoding="UTF-8"?>
<!-- Generated by org.testng.reporters.JUnitReportReporter -->
<testsuite skipped="0" hostname="MJLT-2170" name="com.ProductionDefects.Tender_PD_138655" tests="1" failures="0" timestamp="2024-10-09T13:48:15 IST" time="1293.392" errors="0">
  <testcase name="ProductionDefect_135540" time="1293.392" classname="com.ProductionDefects.Tender_PD_138655"/>
  <system-out/>
</testsuite> <!-- com.ProductionDefects.Tender_PD_138655 -->
