<?xml version="1.0" encoding="UTF-8"?>
<!-- Generated by org.testng.reporters.JUnitReportReporter -->
<testsuite skipped="0" hostname="MJLT-1411" name="com.testScripts_mjunction.TC_Negotiation_16_Openingapproval_N_Evaluationapproval_Y_NegotiateOnebidder_ApproveTwobidder" tests="1" failures="0" timestamp="15 Jan 2021 09:25:19 GMT" time="4042.335" errors="0">
  <testcase name="Tender_Evaluation_with_OpeningApproval_N_Evaluationapproval_Y_NegotiateOnebidder_ApproveTwobidder" time="4042.335" classname="com.testScripts_mjunction.TC_Negotiation_16_Openingapproval_N_Evaluationapproval_Y_NegotiateOnebidder_ApproveTwobidder"/>
</testsuite> <!-- com.testScripts_mjunction.TC_Negotiation_16_Openingapproval_N_Evaluationapproval_Y_NegotiateOnebidder_ApproveTwobidder -->
