<?xml version="1.0" encoding="UTF-8"?>
<!-- Generated by org.testng.reporters.JUnitReportReporter -->
<testsuite skipped="0" hostname="MJLT-2643" name="com.Dynamicity.BidSubmissionFor5thSupplier_Dynamically" tests="1" failures="0" timestamp="2024-06-02T14:21:01 IST" time="35.823" errors="1">
  <testcase name="createEvaluationFromPR_Dynamically" time="35.823" classname="com.Dynamicity.BidSubmissionFor5thSupplier_Dynamically">
    <error type="org.json.JSONException" message="A JSONArray text must start with &#039;[&#039; at 4 [character 1 line 4]">
      <![CDATA[org.json.JSONException: A JSONArray text must start with '[' at 4 [character 1 line 4]
at org.json.JSONTokener.syntaxError(JSONTokener.java:507)
at org.json.JSONArray.<init>(JSONArray.java:109)
at org.json.JSONArray.<init>(JSONArray.java:162)
at com.components.API_Component.Login_AfterTenderCreation(API_Component.java:2593)
at com.components.Dynamicity.templateGroupDetails_afterQueryparamCaptured(Dynamicity.java:7960)
at com.Dynamicity.BidSubmissionFor5thSupplier_Dynamically.createEvaluationFromPR_Dynamically(BidSubmissionFor5thSupplier_Dynamically.java:47)
at sun.reflect.NativeMethodAccessorImpl.invoke0(Native Method)
at sun.reflect.NativeMethodAccessorImpl.invoke(Unknown Source)
at sun.reflect.DelegatingMethodAccessorImpl.invoke(Unknown Source)
at java.lang.reflect.Method.invoke(Unknown Source)
at org.testng.internal.MethodInvocationHelper.invokeMethod(MethodInvocationHelper.java:134)
at org.testng.internal.TestInvoker.invokeMethod(TestInvoker.java:597)
at org.testng.internal.TestInvoker.invokeTestMethod(TestInvoker.java:173)
at org.testng.internal.MethodRunner.runInSequence(MethodRunner.java:46)
at org.testng.internal.TestInvoker$MethodInvocationAgent.invoke(TestInvoker.java:816)
at org.testng.internal.TestInvoker.invokeTestMethods(TestInvoker.java:146)
at org.testng.internal.TestMethodWorker.invokeTestMethods(TestMethodWorker.java:146)
at org.testng.internal.TestMethodWorker.run(TestMethodWorker.java:128)
at java.util.concurrent.ThreadPoolExecutor.runWorker(Unknown Source)
at java.util.concurrent.ThreadPoolExecutor$Worker.run(Unknown Source)
at java.lang.Thread.run(Unknown Source)
]]>
    </error>
  </testcase> <!-- createEvaluationFromPR_Dynamically -->
  <system-out/>
</testsuite> <!-- com.Dynamicity.BidSubmissionFor5thSupplier_Dynamically -->
