<?xml version="1.0" encoding="UTF-8"?>
<!-- Generated by org.testng.reporters.JUnitReportReporter -->
<testsuite skipped="0" hostname="MJLT-1411" name="com.testScripts_mjunction.TC_PO_1_E2E_No_Approval" tests="1" failures="0" timestamp="31 Mar 2021 15:52:04 GMT" time="560.802" errors="0">
  <testcase name="f" time="560.802" classname="com.testScripts_mjunction.TC_PO_1_E2E_No_Approval"/>
</testsuite> <!-- com.testScripts_mjunction.TC_PO_1_E2E_No_Approval -->
