<?xml version="1.0" encoding="UTF-8"?>
<!-- Generated by org.testng.reporters.JUnitReportReporter -->
<testsuite skipped="0" hostname="MJLT-1411" name="com.testScripts_mjunction.TC_Corrigendum_05_DateCorrigendum_withApprovalReview_Closedstate" tests="1" failures="0" timestamp="01 Jan 2021 15:47:42 GMT" time="1254.177" errors="0">
  <testcase name="Date_Corrigendum_approval_review_closed_state" time="1254.177" classname="com.testScripts_mjunction.TC_Corrigendum_05_DateCorrigendum_withApprovalReview_Closedstate"/>
</testsuite> <!-- com.testScripts_mjunction.TC_Corrigendum_05_DateCorrigendum_withApprovalReview_Closedstate -->
