<?xml version="1.0" encoding="UTF-8"?>
<!-- Generated by org.testng.reporters.JUnitReportReporter -->
<testsuite skipped="0" hostname="MJLT-2170" name="com.Tender_Creation.TC_02_TenderCreation_with_multiple_approver" tests="1" failures="0" timestamp="2024-07-12T14:41:29 IST" time="95.550" errors="0">
  <testcase name="Tenderpublished_after_tender_approval_TG1" time="95.550" classname="com.Tender_Creation.TC_02_TenderCreation_with_multiple_approver"/>
  <system-out/>
</testsuite> <!-- com.Tender_Creation.TC_02_TenderCreation_with_multiple_approver -->
