<?xml version="1.0" encoding="UTF-8"?>
<!-- Generated by org.testng.reporters.JUnitReportReporter -->
<testsuite skipped="0" hostname="MJLT-2170" name="com.ProductionDefects.Tender_PD_138149" tests="1" failures="0" timestamp="2024-10-30T17:08:31 IST" time="201.606" errors="0">
  <testcase name="ProductionDefect_135540" time="201.606" classname="com.ProductionDefects.Tender_PD_138149"/>
  <system-out/>
</testsuite> <!-- com.ProductionDefects.Tender_PD_138149 -->
