<?xml version="1.0" encoding="UTF-8"?>
<!-- Generated by org.testng.reporters.JUnitReportReporter -->
<testsuite skipped="0" hostname="MJLT-2170" name="com.testScripts_mjunction.TG1_TC_Indent_04_Create_RFQ_from_Indent" tests="1" failures="0" timestamp="2024-02-19T15:06:28 IST" time="617.416" errors="0">
  <testcase name="Verifying_Create_RFQ_from_indent" time="617.416" classname="com.testScripts_mjunction.TG1_TC_Indent_04_Create_RFQ_from_Indent"/>
  <system-out/>
</testsuite> <!-- com.testScripts_mjunction.TG1_TC_Indent_04_Create_RFQ_from_Indent -->
