<?xml version="1.0" encoding="UTF-8"?>
<!-- Generated by org.testng.reporters.JUnitReportReporter -->
<testsuite skipped="0" hostname="MJLT-2170" name="com.FetchField_Details.Tender_Fetch_PR_to_Tender_BidSubmission_FieldDetails" tests="1" failures="0" timestamp="2024-12-05T12:27:10 IST" time="235.196" errors="0">
  <testcase name="Tenderpublished_after_tender_approval_TG1" time="235.196" classname="com.FetchField_Details.Tender_Fetch_PR_to_Tender_BidSubmission_FieldDetails"/>
  <system-out/>
</testsuite> <!-- com.FetchField_Details.Tender_Fetch_PR_to_Tender_BidSubmission_FieldDetails -->
