<?xml version="1.0" encoding="UTF-8"?>
<!-- Generated by org.testng.reporters.JUnitReportReporter -->
<testsuite skipped="0" hostname="MJLT-1563" name="com.testScripts_mjunction.TG6_TC_BidSubmission_08_verifying_Draftbid_functionality" tests="1" failures="0" timestamp="2021-05-21T14:24:06 IST" time="613.213" errors="0">
  <testcase name="Verifying_Draftbid_functionality_TG6" time="613.213" classname="com.testScripts_mjunction.TG6_TC_BidSubmission_08_verifying_Draftbid_functionality"/>
</testsuite> <!-- com.testScripts_mjunction.TG6_TC_BidSubmission_08_verifying_Draftbid_functionality -->
