<?xml version="1.0" encoding="UTF-8"?>
<!-- Generated by org.testng.reporters.JUnitReportReporter -->
<testsuite skipped="0" hostname="MJLT-1411" name="com.testScripts_mjunction.TG5_TC_Negotiation_16_Openingapproval_N_Evaluationapproval_Y_NegotiateOnebidder_ApproveTwobidder" tests="1" failures="0" timestamp="05 May 2021 09:28:03 GMT" time="4198.149" errors="0">
  <testcase name="Tender_Evaluation_with_OpeningApproval_N_Evaluationapproval_Y_NegotiateOnebidder_ApproveTwobidder_TG5" time="4198.149" classname="com.testScripts_mjunction.TG5_TC_Negotiation_16_Openingapproval_N_Evaluationapproval_Y_NegotiateOnebidder_ApproveTwobidder"/>
</testsuite> <!-- com.testScripts_mjunction.TG5_TC_Negotiation_16_Openingapproval_N_Evaluationapproval_Y_NegotiateOnebidder_ApproveTwobidder -->
