<?xml version="1.0" encoding="UTF-8"?>
<!-- Generated by org.testng.reporters.JUnitReportReporter -->
<testsuite skipped="0" hostname="MJLT-1411" name="com.testScripts_mjunction.TG5_TC_Evaluation_14_Openingapproval_Y_Evaluationapproval_N_RejectOnebidder" tests="1" failures="0" timestamp="27 Apr 2021 15:37:57 GMT" time="3534.359" errors="0">
  <testcase name="Tender_Evaluation_with_OpeningApproval_Y_Evaluationapproval_N_RejectOnebidder_TG5" time="3534.359" classname="com.testScripts_mjunction.TG5_TC_Evaluation_14_Openingapproval_Y_Evaluationapproval_N_RejectOnebidder"/>
</testsuite> <!-- com.testScripts_mjunction.TG5_TC_Evaluation_14_Openingapproval_Y_Evaluationapproval_N_RejectOnebidder -->
