<?xml version="1.0" encoding="UTF-8"?>
<!-- Generated by org.testng.reporters.JUnitReportReporter -->
<testsuite skipped="0" hostname="MJLT-2170" name="com.testScripts_mjunction.TG1_TC_GRN_Create3StagesGRN_From_Indent_E2E" tests="1" failures="1" timestamp="2024-03-18T18:55:50 IST" time="156.685" errors="0">
  <testcase name="Create3StagesGRN_WithoutApprovalFlow" time="156.685" classname="com.testScripts_mjunction.TG1_TC_GRN_Create3StagesGRN_From_Indent_E2E">
    <failure type="java.lang.AssertionError" message="Failed Due to Expected condition failed: waiting for visibility of element located by By.xpath: //table[contains(@id,&#039;myTable&#039;)]//tr[@class=&#039;ng-scope&#039;]//td[contains(text(),&#039;1033&#039;)] (tried for 20 second(s) with 500 milliseconds interval)">
      <![CDATA[java.lang.AssertionError: Failed Due to Expected condition failed: waiting for visibility of element located by By.xpath: //table[contains(@id,'myTable')]//tr[@class='ng-scope']//td[contains(text(),'1033')] (tried for 20 second(s) with 500 milliseconds interval)
at org.testng.Assert.fail(Assert.java:99)
at com.components.ASN_GRNComponent.GoToApprovalworkFlowPendingGRNAndSearchTheGRN(ASN_GRNComponent.java:3320)
at com.testScripts_mjunction.TG1_TC_GRN_Create3StagesGRN_From_Indent_E2E.Create3StagesGRN_WithoutApprovalFlow(TG1_TC_GRN_Create3StagesGRN_From_Indent_E2E.java:385)
at sun.reflect.NativeMethodAccessorImpl.invoke0(Native Method)
at sun.reflect.NativeMethodAccessorImpl.invoke(Unknown Source)
at sun.reflect.DelegatingMethodAccessorImpl.invoke(Unknown Source)
at java.lang.reflect.Method.invoke(Unknown Source)
at org.testng.internal.MethodInvocationHelper.invokeMethod(MethodInvocationHelper.java:132)
at org.testng.internal.TestInvoker.invokeMethod(TestInvoker.java:599)
at org.testng.internal.TestInvoker.invokeTestMethod(TestInvoker.java:174)
at org.testng.internal.MethodRunner.runInSequence(MethodRunner.java:46)
at org.testng.internal.TestInvoker$MethodInvocationAgent.invoke(TestInvoker.java:822)
at org.testng.internal.TestInvoker.invokeTestMethods(TestInvoker.java:147)
at org.testng.internal.TestMethodWorker.invokeTestMethods(TestMethodWorker.java:146)
at org.testng.internal.TestMethodWorker.run(TestMethodWorker.java:128)
at java.util.ArrayList.forEach(Unknown Source)
at org.testng.TestRunner.privateRun(TestRunner.java:764)
at org.testng.TestRunner.run(TestRunner.java:585)
at org.testng.SuiteRunner.runTest(SuiteRunner.java:384)
at org.testng.SuiteRunner.runSequentially(SuiteRunner.java:378)
at org.testng.SuiteRunner.privateRun(SuiteRunner.java:337)
at org.testng.SuiteRunner.run(SuiteRunner.java:286)
at org.testng.SuiteRunnerWorker.runSuite(SuiteRunnerWorker.java:53)
at org.testng.SuiteRunnerWorker.run(SuiteRunnerWorker.java:96)
at org.testng.TestNG.runSuitesSequentially(TestNG.java:1218)
at org.testng.TestNG.runSuitesLocally(TestNG.java:1140)
at org.testng.TestNG.runSuites(TestNG.java:1069)
at org.testng.TestNG.run(TestNG.java:1037)
at org.testng.remote.AbstractRemoteTestNG.run(AbstractRemoteTestNG.java:115)
at org.testng.remote.RemoteTestNG.initAndRun(RemoteTestNG.java:251)
at org.testng.remote.RemoteTestNG.main(RemoteTestNG.java:77)
]]>
    </failure>
  </testcase> <!-- Create3StagesGRN_WithoutApprovalFlow -->
  <system-out/>
</testsuite> <!-- com.testScripts_mjunction.TG1_TC_GRN_Create3StagesGRN_From_Indent_E2E -->
