<?xml version="1.0" encoding="UTF-8"?>
<!-- Generated by org.testng.reporters.JUnitReportReporter -->
<testsuite skipped="0" hostname="MJLT-2643" name="com.Dynamicity.CreateIndent_Dynamically" tests="1" failures="0" timestamp="2024-11-14T17:55:35 IST" time="551.111" errors="0">
  <testcase name="CreateIndentDynamically" time="551.111" classname="com.Dynamicity.CreateIndent_Dynamically"/>
  <system-out/>
</testsuite> <!-- com.Dynamicity.CreateIndent_Dynamically -->
