<?xml version="1.0" encoding="UTF-8"?>
<!-- Generated by org.testng.reporters.JUnitReportReporter -->
<testsuite skipped="0" hostname="MJLT-2170" name="com.ProductionDefects.Tender_PD_151631" tests="1" failures="0" timestamp="2024-11-26T16:32:34 IST" time="52.422" errors="0">
  <testcase name="ProductionDefect_135540" time="52.422" classname="com.ProductionDefects.Tender_PD_151631"/>
  <system-out/>
</testsuite> <!-- com.ProductionDefects.Tender_PD_151631 -->
