<?xml version="1.0" encoding="UTF-8"?>
<!-- Generated by org.testng.reporters.JUnitReportReporter -->
<testsuite skipped="0" hostname="MJLT-1563" name="com.testScripts_mjunction.TG1_TC_Indent_07_Creation_with_Predefined_approval" tests="1" failures="0" timestamp="2024-02-29T17:01:58 IST" time="921.317" errors="0">
  <testcase name="Indent_creation_with_approval" time="921.317" classname="com.testScripts_mjunction.TG1_TC_Indent_07_Creation_with_Predefined_approval"/>
  <system-out/>
</testsuite> <!-- com.testScripts_mjunction.TG1_TC_Indent_07_Creation_with_Predefined_approval -->
