<?xml version="1.0" encoding="UTF-8"?>
<!-- Generated by org.testng.reporters.JUnitReportReporter -->
<testsuite skipped="0" hostname="MJLT-2170" name="com.VerifyIndividualFunctionalityofApprovalFlow.TG1_TC_Indent_Forward_functionality" tests="1" failures="0" timestamp="2024-05-20T12:38:42 IST" time="223.345" errors="0">
  <testcase name="Indent_creation_with_approval" time="223.345" classname="com.VerifyIndividualFunctionalityofApprovalFlow.TG1_TC_Indent_Forward_functionality"/>
  <system-out/>
</testsuite> <!-- com.VerifyIndividualFunctionalityofApprovalFlow.TG1_TC_Indent_Forward_functionality -->
