<?xml version="1.0" encoding="UTF-8"?>
<!-- Generated by org.testng.reporters.JUnitReportReporter -->
<testsuite skipped="0" hostname="MJLT-2170" name="com.PO_Purchase_Order.PO_03_Create_Fresh_PO" tests="1" failures="0" timestamp="2024-08-02T17:05:45 IST" time="257.392" errors="0">
  <testcase name="createPOFromSN_Dynamically" time="257.392" classname="com.PO_Purchase_Order.PO_03_Create_Fresh_PO"/>
  <system-out/>
</testsuite> <!-- com.PO_Purchase_Order.PO_03_Create_Fresh_PO -->
