<?xml version="1.0" encoding="UTF-8"?>
<!-- Generated by org.testng.reporters.JUnitReportReporter -->
<testsuite skipped="0" hostname="MJLT-2643" name="com.Dynamicity.Initiate_Corrigendum_Dynamically" tests="1" failures="0" timestamp="2024-09-11T18:55:37 IST" time="215.910" errors="0">
  <testcase name="CreateFreshTenderDynamically" time="215.910" classname="com.Dynamicity.Initiate_Corrigendum_Dynamically"/>
  <system-out/>
</testsuite> <!-- com.Dynamicity.Initiate_Corrigendum_Dynamically -->
