<?xml version="1.0" encoding="UTF-8"?>
<!-- Generated by org.testng.reporters.JUnitReportReporter -->
<testsuite skipped="0" hostname="MJLT-1563" name="com.testScripts_mjunction.TG1_TC_Indent_04_Create_RFQ_from_Indent" tests="1" failures="0" timestamp="2024-01-05T14:08:00 IST" time="635.448" errors="0">
  <testcase name="Verifying_Create_TFQ_from_indent" time="635.448" classname="com.testScripts_mjunction.TG1_TC_Indent_04_Create_RFQ_from_Indent"/>
  <system-out/>
</testsuite> <!-- com.testScripts_mjunction.TG1_TC_Indent_04_Create_RFQ_from_Indent -->
