<?xml version="1.0" encoding="UTF-8"?>
<!-- Generated by org.testng.reporters.JUnitReportReporter -->
<testsuite skipped="0" hostname="MJLT-2643" name="com.FetchField_Details.PO_Fetch_SN_to_PO_FieldDetails" tests="1" failures="0" timestamp="2024-11-21T11:27:06 IST" time="337.765" errors="0">
  <testcase name="createPOFromSN_Dynamically" time="337.765" classname="com.FetchField_Details.PO_Fetch_SN_to_PO_FieldDetails"/>
  <system-out/>
</testsuite> <!-- com.FetchField_Details.PO_Fetch_SN_to_PO_FieldDetails -->
