<?xml version="1.0" encoding="UTF-8"?>
<!-- Generated by org.testng.reporters.JUnitReportReporter -->
<testsuite skipped="0" hostname="MJLT-1563" name="com.testScripts_mjunction.TG7_TC_Negotiation_17_Openingapproval_N_Evaluationapproval_N_NegotiateTwobidder_RejectOnebidder" tests="1" failures="0" timestamp="2021-05-28T18:50:20 IST" time="2866.174" errors="0">
  <testcase name="Tender_Evaluation_with_OpeningApproval_N_Evaluationapproval_N_NegotiateTwobidder_RejectOnebidder_TG7" time="2866.174" classname="com.testScripts_mjunction.TG7_TC_Negotiation_17_Openingapproval_N_Evaluationapproval_N_NegotiateTwobidder_RejectOnebidder"/>
</testsuite> <!-- com.testScripts_mjunction.TG7_TC_Negotiation_17_Openingapproval_N_Evaluationapproval_N_NegotiateTwobidder_RejectOnebidder -->
