<?xml version="1.0" encoding="UTF-8"?>
<!-- Generated by org.testng.reporters.JUnitReportReporter -->
<testsuite skipped="0" hostname="MJLT-1411" name="com.testScripts_mjunction.TG5_TC_Evaluation_13_Openingapproval_N_Evaluationapproval_N" tests="1" failures="0" timestamp="05 May 2021 07:57:49 GMT" time="2658.691" errors="0">
  <testcase name="Tender_Evaluation_with_OpeningApproval_N_Evaluationapproval_N_TG5" time="2658.691" classname="com.testScripts_mjunction.TG5_TC_Evaluation_13_Openingapproval_N_Evaluationapproval_N"/>
</testsuite> <!-- com.testScripts_mjunction.TG5_TC_Evaluation_13_Openingapproval_N_Evaluationapproval_N -->
