<?xml version="1.0" encoding="UTF-8"?>
<!-- Generated by org.testng.reporters.JUnitReportReporter -->
<testsuite skipped="0" hostname="MJLT-1411" name="com.testScripts_mjunction.TC_Evaluation_12_Openingapproval_N_Evaluationapproval_Y" tests="1" failures="0" timestamp="13 Jan 2021 10:17:58 GMT" time="2764.369" errors="0">
  <testcase name="Tender_Evaluation_with_OpeningApproval_N_Evaluationapproval_Y" time="2764.369" classname="com.testScripts_mjunction.TC_Evaluation_12_Openingapproval_N_Evaluationapproval_Y"/>
</testsuite> <!-- com.testScripts_mjunction.TC_Evaluation_12_Openingapproval_N_Evaluationapproval_Y -->
