<?xml version="1.0" encoding="UTF-8"?>
<!-- Generated by org.testng.reporters.JUnitReportReporter -->
<testsuite skipped="0" hostname="MLJT-2647" name="com.FetchField_Details.Tender_Fetch_Indent_to_Tender_FieldDetails" tests="1" failures="0" timestamp="2024-11-08T12:38:23 IST" time="733.106" errors="0">
  <testcase name="CreateIndentDynamically" time="733.106" classname="com.FetchField_Details.Tender_Fetch_Indent_to_Tender_FieldDetails"/>
  <system-out/>
</testsuite> <!-- com.FetchField_Details.Tender_Fetch_Indent_to_Tender_FieldDetails -->
