<?xml version="1.0" encoding="UTF-8"?>
<!-- Generated by org.testng.reporters.JUnitReportReporter -->
<testsuite skipped="0" hostname="MJLT-2170" name="com.VerifyPagesUpAndRunning.VerifySupplierPages" tests="1" failures="0" timestamp="2024-05-14T15:10:12 IST" time="105.943" errors="0">
  <testcase name="SupplierPages" time="105.943" classname="com.VerifyPagesUpAndRunning.VerifySupplierPages"/>
  <system-out/>
</testsuite> <!-- com.VerifyPagesUpAndRunning.VerifySupplierPages -->
