<?xml version="1.0" encoding="UTF-8"?>
<!-- Generated by org.testng.reporters.JUnitReportReporter -->
<testsuite skipped="0" hostname="MJLT-2170" name="com.ProductionDefects.Tender_PD_137733" tests="1" failures="0" timestamp="2024-10-09T23:03:11 IST" time="71.080" errors="0">
  <testcase name="ProductionDefect_135540" time="71.080" classname="com.ProductionDefects.Tender_PD_137733"/>
  <system-out/>
</testsuite> <!-- com.ProductionDefects.Tender_PD_137733 -->
