<?xml version="1.0" encoding="UTF-8"?>
<!-- Generated by org.testng.reporters.JUnitReportReporter -->
<testsuite skipped="0" hostname="MJLT-2643" name="com.Sanction_Note_Creation.SN_09_Create_Saction_from_PR" tests="1" failures="0" timestamp="2025-02-04T09:02:03 IST" time="244.592" errors="0">
  <testcase name="CreateSNFromPRDynamically" time="244.592" classname="com.Sanction_Note_Creation.SN_09_Create_Saction_from_PR"/>
  <system-out/>
</testsuite> <!-- com.Sanction_Note_Creation.SN_09_Create_Saction_from_PR -->
