<?xml version="1.0" encoding="UTF-8"?>
<!-- Generated by org.testng.reporters.JUnitReportReporter -->
<testsuite skipped="0" hostname="MJLT-1563" name="com.testScripts_mjunction.TG1_TC_Indent_05_Assignment_Process_Self_Claim" tests="1" failures="0" timestamp="2023-01-20T21:10:39 IST" time="370.977" errors="0">
  <testcase name="Verifying_indent_AssignmentProcess_selfClaim" time="370.977" classname="com.testScripts_mjunction.TG1_TC_Indent_05_Assignment_Process_Self_Claim"/>
  <system-out/>
</testsuite> <!-- com.testScripts_mjunction.TG1_TC_Indent_05_Assignment_Process_Self_Claim -->
