<?xml version="1.0" encoding="UTF-8"?>
<!-- Generated by org.testng.reporters.JUnitReportReporter -->
<testsuite skipped="0" hostname="MJLT-2170" name="com.ProductionDefects.Tender_PD_138875" tests="1" failures="0" timestamp="2024-10-08T13:09:19 IST" time="128.179" errors="0">
  <testcase name="ProductionDefect_135540" time="128.179" classname="com.ProductionDefects.Tender_PD_138875"/>
  <system-out/>
</testsuite> <!-- com.ProductionDefects.Tender_PD_138875 -->
