<?xml version="1.0" encoding="UTF-8"?>
<!-- Generated by org.testng.reporters.JUnitReportReporter -->
<testsuite skipped="0" hostname="MJLT-1411" name="com.testScripts_mjunction.TG5_TC_Indent_08_Create_RFQ_from_Indent" tests="1" failures="0" timestamp="19 Apr 2021 06:08:27 GMT" time="679.576" errors="0">
  <testcase name="Verifying_Create_TFQ_from_indent_TG5" time="679.576" classname="com.testScripts_mjunction.TG5_TC_Indent_08_Create_RFQ_from_Indent"/>
</testsuite> <!-- com.testScripts_mjunction.TG5_TC_Indent_08_Create_RFQ_from_Indent -->
