<?xml version="1.0" encoding="UTF-8"?>
<!-- Generated by org.testng.reporters.JUnitReportReporter -->
<testsuite skipped="0" hostname="MJLT-2170" name="com.testScripts_mjunction.TG1_TC_TenderCreation_02_tender_publish_with_multiple_approver" tests="1" failures="0" timestamp="2024-04-26T17:10:58 IST" time="109.552" errors="0">
  <testcase name="Tenderpublished_after_tender_approval_TG1" time="109.552" classname="com.testScripts_mjunction.TG1_TC_TenderCreation_02_tender_publish_with_multiple_approver"/>
  <system-out/>
</testsuite> <!-- com.testScripts_mjunction.TG1_TC_TenderCreation_02_tender_publish_with_multiple_approver -->
