<?xml version="1.0" encoding="UTF-8"?>
<!-- Generated by org.testng.reporters.JUnitReportReporter -->
<testsuite skipped="0" hostname="MJLT-2170" name="com.ProductionDefects.Tender_PD_133692" tests="1" failures="0" timestamp="2025-01-28T17:05:43 IST" time="33.487" errors="0">
  <testcase name="ProductionDefect_135540" time="33.487" classname="com.ProductionDefects.Tender_PD_133692"/>
  <system-out/>
</testsuite> <!-- com.ProductionDefects.Tender_PD_133692 -->
