<?xml version="1.0" encoding="UTF-8"?>
<!-- Generated by org.testng.reporters.JUnitReportReporter -->
<testsuite skipped="0" hostname="MJLT-1563" name="com.testScripts_mjunction.TC_GRN_02_Create3StagesGRN_WithApprovalFlow" tests="1" failures="0" timestamp="2024-02-28T21:26:42 IST" time="2058.222" errors="0">
  <testcase name="Create3StagesGRN_WithoutApprovalFlow" time="2058.222" classname="com.testScripts_mjunction.TC_GRN_02_Create3StagesGRN_WithApprovalFlow"/>
  <system-out/>
</testsuite> <!-- com.testScripts_mjunction.TC_GRN_02_Create3StagesGRN_WithApprovalFlow -->
