<?xml version="1.0" encoding="UTF-8"?>
<!-- Generated by org.testng.reporters.JUnitReportReporter -->
<testsuite skipped="0" hostname="MLJT-2647" name="com.testScripts_mjunction.TC_MSN_08_Amend_MSN" tests="1" failures="0" timestamp="2024-07-02T12:22:44 IST" time="3.285" errors="0">
  <testcase name="MSN_01VerifyEndToEndWorkFlowOfSanctionNoteTest" time="3.285" classname="com.testScripts_mjunction.TC_MSN_08_Amend_MSN"/>
  <system-out/>
</testsuite> <!-- com.testScripts_mjunction.TC_MSN_08_Amend_MSN -->
