<?xml version="1.0" encoding="UTF-8"?>
<!-- Generated by org.testng.reporters.JUnitReportReporter -->
<testsuite skipped="0" hostname="MJLT-2170" name="com.VerifyIndividualFunctionalityofApprovalFlow.TG1_TC_Indent_Revert_back_to_previous_approver" tests="1" failures="0" timestamp="2024-05-20T15:47:40 IST" time="1229.107" errors="0">
  <testcase name="Indent_creation_with_approval" time="1229.107" classname="com.VerifyIndividualFunctionalityofApprovalFlow.TG1_TC_Indent_Revert_back_to_previous_approver"/>
  <system-out/>
</testsuite> <!-- com.VerifyIndividualFunctionalityofApprovalFlow.TG1_TC_Indent_Revert_back_to_previous_approver -->
