<?xml version="1.0" encoding="UTF-8"?>
<!-- Generated by org.testng.reporters.JUnitReportReporter -->
<testsuite skipped="0" hostname="MJLT-1563" name="com.testScripts_mjunction.TG8_TC_Indent_02_Creation_with_No_approval" tests="1" failures="0" timestamp="2021-06-02T13:56:40 IST" time="292.849" errors="0">
  <testcase name="Indent_creation_with_No_approval_TG8" time="292.849" classname="com.testScripts_mjunction.TG8_TC_Indent_02_Creation_with_No_approval"/>
</testsuite> <!-- com.testScripts_mjunction.TG8_TC_Indent_02_Creation_with_No_approval -->
