<?xml version="1.0" encoding="UTF-8"?>
<!-- Generated by org.testng.reporters.JUnitReportReporter -->
<testsuite skipped="0" hostname="MJLT-1411" name="com.testScripts_mjunction.TG1_TC_Indent_02_Creation_with_No_approval" tests="1" failures="0" timestamp="05 Feb 2021 06:45:28 GMT" time="318.615" errors="0">
  <testcase name="Indent_creation_with_No_approval" time="318.615" classname="com.testScripts_mjunction.TG1_TC_Indent_02_Creation_with_No_approval"/>
</testsuite> <!-- com.testScripts_mjunction.TG1_TC_Indent_02_Creation_with_No_approval -->
