<?xml version="1.0" encoding="UTF-8"?>
<!-- Generated by org.testng.reporters.JUnitReportReporter -->
<testsuite skipped="0" hostname="MJLT-1563" name="com.testScripts_mjunction.TG1_TC_BidSubmission_08_verifying_Draftbid_functionality" tests="1" failures="0" timestamp="2024-01-26T19:50:50 IST" time="893.441" errors="0">
  <testcase name="Verifying_Draftbid_functionality" time="893.441" classname="com.testScripts_mjunction.TG1_TC_BidSubmission_08_verifying_Draftbid_functionality"/>
  <system-out/>
</testsuite> <!-- com.testScripts_mjunction.TG1_TC_BidSubmission_08_verifying_Draftbid_functionality -->
