<?xml version="1.0" encoding="UTF-8"?>
<!-- Generated by org.testng.reporters.JUnitReportReporter -->
<testsuite skipped="0" hostname="MJLT-2643" name="com.ProductionDefects_QA.SN_PD_134435" tests="1" failures="0" timestamp="2024-04-19T15:29:06 IST" time="401.910" errors="0">
  <testcase name="ProductionDefect_134435" time="401.910" classname="com.ProductionDefects_QA.SN_PD_134435"/>
  <system-out/>
</testsuite> <!-- com.ProductionDefects_QA.SN_PD_134435 -->
