<?xml version="1.0" encoding="UTF-8"?>
<!-- Generated by org.testng.reporters.JUnitReportReporter -->
<testsuite skipped="0" hostname="MJLT-2170" name="com.Indent_Creation.TC_02_Indent_creation_without_approver" tests="1" failures="0" timestamp="2025-01-29T12:21:44 IST" time="355.989" errors="0">
  <testcase name="CreateIndentDynamically" time="355.989" classname="com.Indent_Creation.TC_02_Indent_creation_without_approver"/>
  <system-out/>
</testsuite> <!-- com.Indent_Creation.TC_02_Indent_creation_without_approver -->
