<?xml version="1.0" encoding="UTF-8"?>
<!-- Generated by org.testng.reporters.JUnitReportReporter -->
<testsuite skipped="0" hostname="MJLT-1411" name="com.testScripts_mjunction.TG1_TC_Corrigendum_03_DateCorrigendum_withApproval_Livestate" tests="1" failures="0" timestamp="15 Feb 2021 10:35:20 GMT" time="1491.879" errors="0">
  <testcase name="Date_Corrigendum_approval_Live_state" time="1491.879" classname="com.testScripts_mjunction.TG1_TC_Corrigendum_03_DateCorrigendum_withApproval_Livestate"/>
</testsuite> <!-- com.testScripts_mjunction.TG1_TC_Corrigendum_03_DateCorrigendum_withApproval_Livestate -->
