<?xml version="1.0" encoding="UTF-8"?>
<!-- Generated by org.testng.reporters.JUnitReportReporter -->
<testsuite skipped="0" hostname="MJLT-2170" name="com.VerifyIndividualFunctionalityofApprovalFlow.TC_EPS_PO_Revert_back_to_previous_approver" tests="1" failures="0" timestamp="2024-06-11T12:26:10 IST" time="1028.135" errors="0">
  <testcase name="f" time="1028.135" classname="com.VerifyIndividualFunctionalityofApprovalFlow.TC_EPS_PO_Revert_back_to_previous_approver"/>
  <system-out/>
</testsuite> <!-- com.VerifyIndividualFunctionalityofApprovalFlow.TC_EPS_PO_Revert_back_to_previous_approver -->
