<?xml version="1.0" encoding="UTF-8"?>
<!-- Generated by org.testng.reporters.JUnitReportReporter -->
<testsuite skipped="0" hostname="MJLT-2170" name="com.Sanction_Note_Creation.SN_04_Create_MSN_From_Completed_Tender_Multiple_Approver" tests="1" failures="0" timestamp="2024-12-24T16:24:30 IST" time="34.170" errors="0">
  <testcase name="CreateFreshTenderDynamically" time="34.170" classname="com.Sanction_Note_Creation.SN_04_Create_MSN_From_Completed_Tender_Multiple_Approver"/>
  <system-out/>
</testsuite> <!-- com.Sanction_Note_Creation.SN_04_Create_MSN_From_Completed_Tender_Multiple_Approver -->
