<?xml version="1.0" encoding="UTF-8"?>
<!-- Generated by org.testng.reporters.JUnitReportReporter -->
<testsuite skipped="0" hostname="MJLT-2170" name="com.VerifyIndividualFunctionalityofApprovalFlow_Dynamic.TC_01_Tender_creation_FromPR_Recall_by_creator" tests="1" failures="0" timestamp="2025-01-24T13:46:33 IST" time="353.263" errors="0">
  <testcase name="Tenderpublished_after_tender_approval_TG1" time="353.263" classname="com.VerifyIndividualFunctionalityofApprovalFlow_Dynamic.TC_01_Tender_creation_FromPR_Recall_by_creator"/>
  <system-out/>
</testsuite> <!-- com.VerifyIndividualFunctionalityofApprovalFlow_Dynamic.TC_01_Tender_creation_FromPR_Recall_by_creator -->
