<?xml version="1.0" encoding="UTF-8"?>
<!-- Generated by org.testng.reporters.JUnitReportReporter -->
<testsuite skipped="0" hostname="MJLT-1563" name="com.testScripts_mjunction.TG1_TC_Indent_02_Creation_with_No_approval" tests="1" failures="0" timestamp="2023-01-05T18:39:46 IST" time="5719.682" errors="0">
  <testcase name="Indent_creation_with_No_approval" time="5719.682" classname="com.testScripts_mjunction.TG1_TC_Indent_02_Creation_with_No_approval"/>
  <system-out/>
</testsuite> <!-- com.testScripts_mjunction.TG1_TC_Indent_02_Creation_with_No_approval -->
