<?xml version="1.0" encoding="UTF-8"?>
<!-- Generated by org.testng.reporters.JUnitReportReporter -->
<testsuite skipped="0" hostname="MJLT-2170" name="com.ProductionDefects.PO_PD_135468" tests="1" failures="0" timestamp="2025-01-21T17:51:35 IST" time="494.487" errors="0">
  <testcase name="ProductionDefect_135540" time="494.487" classname="com.ProductionDefects.PO_PD_135468"/>
  <system-out/>
</testsuite> <!-- com.ProductionDefects.PO_PD_135468 -->
