<?xml version="1.0" encoding="UTF-8"?>
<!-- Generated by org.testng.reporters.JUnitReportReporter -->
<testsuite skipped="0" hostname="MJLT-2170" name="com.Tender_Creation.TC_01_Tender_creation_with_approval_FromPR" tests="1" failures="0" timestamp="2024-10-25T17:36:24 IST" time="905.206" errors="0">
  <testcase name="Tenderpublished_after_tender_approval_TG1" time="905.206" classname="com.Tender_Creation.TC_01_Tender_creation_with_approval_FromPR"/>
  <system-out/>
</testsuite> <!-- com.Tender_Creation.TC_01_Tender_creation_with_approval_FromPR -->
