<?xml version="1.0" encoding="UTF-8"?>
<!-- Generated by org.testng.reporters.JUnitReportReporter -->
<testsuite skipped="0" hostname="MJLT-2170" name="com.ProductionDefects.Tender_PD_150746" tests="1" failures="0" timestamp="2024-11-26T15:36:15 IST" time="218.608" errors="0">
  <testcase name="ProductionDefect_135540" time="218.608" classname="com.ProductionDefects.Tender_PD_150746"/>
  <system-out/>
</testsuite> <!-- com.ProductionDefects.Tender_PD_150746 -->
