<?xml version="1.0" encoding="UTF-8"?>
<!-- Generated by org.testng.reporters.JUnitReportReporter -->
<testsuite skipped="0" hostname="MJLT-2170" name="com.testScripts_mjunction_Dynamic.TC_01_Tender_creation_with_approval_FromPR" tests="1" failures="0" timestamp="2024-06-26T15:22:01 IST" time="786.674" errors="0">
  <testcase name="Tenderpublished_after_tender_approval_TG1" time="786.674" classname="com.testScripts_mjunction_Dynamic.TC_01_Tender_creation_with_approval_FromPR"/>
  <system-out/>
</testsuite> <!-- com.testScripts_mjunction_Dynamic.TC_01_Tender_creation_with_approval_FromPR -->
