<?xml version="1.0" encoding="UTF-8"?>
<!-- Generated by org.testng.reporters.JUnitReportReporter -->
<testsuite skipped="0" hostname="MJLT-2170" name="com.VerifyIndividualFunctionalityofApprovalFlow.TG1_TC_Indent_Revert_back_to_creator" tests="1" failures="0" timestamp="2024-05-20T15:15:14 IST" time="265.897" errors="0">
  <testcase name="Indent_creation_with_approval" time="265.897" classname="com.VerifyIndividualFunctionalityofApprovalFlow.TG1_TC_Indent_Revert_back_to_creator"/>
  <system-out/>
</testsuite> <!-- com.VerifyIndividualFunctionalityofApprovalFlow.TG1_TC_Indent_Revert_back_to_creator -->
