<?xml version="1.0" encoding="UTF-8"?>
<!-- Generated by org.testng.reporters.JUnitReportReporter -->
<testsuite skipped="0" hostname="MLJT-2647" name="com.Indent_Creation.TC_05_Indent_Cancel_Indent" tests="1" failures="0" timestamp="2025-01-22T18:15:20 IST" time="391.978" errors="0">
  <testcase name="CreateIndentDynamically" time="391.978" classname="com.Indent_Creation.TC_05_Indent_Cancel_Indent"/>
  <system-out/>
</testsuite> <!-- com.Indent_Creation.TC_05_Indent_Cancel_Indent -->
