<?xml version="1.0" encoding="UTF-8"?>
<!-- Generated by org.testng.reporters.JUnitReportReporter -->
<testsuite skipped="0" hostname="MJLT-2170" name="com.testScripts_mjunction_STG.TG1_TC_Indent_03_Creation_with_No_approval" tests="1" failures="0" timestamp="2024-05-13T15:45:35 IST" time="496.596" errors="0">
  <testcase name="Indent_creation_with_No_approval" time="496.596" classname="com.testScripts_mjunction_STG.TG1_TC_Indent_03_Creation_with_No_approval"/>
  <system-out/>
</testsuite> <!-- com.testScripts_mjunction_STG.TG1_TC_Indent_03_Creation_with_No_approval -->
