<?xml version="1.0" encoding="UTF-8"?>
<!-- Generated by org.testng.reporters.JUnitReportReporter -->
<testsuite skipped="0" hostname="MJLT-1563" name="com.testScripts_mjunction.TG1_TC_Corrigendum_03_DateCorrigendum_withApproval_Livestate" tests="1" failures="0" timestamp="2023-01-12T16:49:03 IST" time="329.359" errors="0">
  <testcase name="Date_Corrigendum_approval_Live_state" time="329.359" classname="com.testScripts_mjunction.TG1_TC_Corrigendum_03_DateCorrigendum_withApproval_Livestate"/>
  <system-out/>
</testsuite> <!-- com.testScripts_mjunction.TG1_TC_Corrigendum_03_DateCorrigendum_withApproval_Livestate -->
