<?xml version="1.0" encoding="UTF-8"?>
<!-- Generated by org.testng.reporters.JUnitReportReporter -->
<testsuite skipped="0" hostname="MJLT-2643" name="com.Dynamicity.CreateFreshTender_Dynamically" tests="1" failures="0" timestamp="2024-11-15T16:02:42 IST" time="334.963" errors="0">
  <testcase name="CreateFreshTenderDynamically" time="334.963" classname="com.Dynamicity.CreateFreshTender_Dynamically"/>
  <system-out/>
</testsuite> <!-- com.Dynamicity.CreateFreshTender_Dynamically -->
