<?xml version="1.0" encoding="UTF-8"?>
<!-- Generated by org.testng.reporters.JUnitReportReporter -->
<testsuite skipped="0" hostname="MLJT-2647" name="com.testScripts_mjunction.TG1_TC_Indent_08_Creation_with_multiple_Approvers_with_branching" tests="1" failures="0" timestamp="2024-06-20T11:04:59 IST" time="1835.996" errors="0">
  <testcase name="Indent_creation_with_approval" time="1835.996" classname="com.testScripts_mjunction.TG1_TC_Indent_08_Creation_with_multiple_Approvers_with_branching"/>
  <system-out/>
</testsuite> <!-- com.testScripts_mjunction.TG1_TC_Indent_08_Creation_with_multiple_Approvers_with_branching -->
