<?xml version="1.0" encoding="UTF-8"?>
<!-- Generated by org.testng.reporters.JUnitReportReporter -->
<testsuite skipped="0" hostname="MJLT-2170" name="com.VerifyPagesUpAndRunning.VerifyLoginDashboardPage" tests="1" failures="0" timestamp="2024-05-14T14:59:55 IST" time="53.860" errors="0">
  <testcase name="LoginDashboardPage" time="53.860" classname="com.VerifyPagesUpAndRunning.VerifyLoginDashboardPage"/>
  <system-out/>
</testsuite> <!-- com.VerifyPagesUpAndRunning.VerifyLoginDashboardPage -->
