<?xml version="1.0" encoding="UTF-8"?>
<!-- Generated by org.testng.reporters.JUnitReportReporter -->
<testsuite skipped="0" hostname="MLJT-2647" name="com.testScripts_mjunction.TG1_TC_Indent_05_Delete_Indent" tests="1" failures="0" timestamp="2024-07-03T13:13:31 IST" time="178.065" errors="0">
  <testcase name="Indent_creation_with_approval" time="178.065" classname="com.testScripts_mjunction.TG1_TC_Indent_05_Delete_Indent"/>
  <system-out/>
</testsuite> <!-- com.testScripts_mjunction.TG1_TC_Indent_05_Delete_Indent -->
