<?xml version="1.0" encoding="UTF-8"?>
<!-- Generated by org.testng.reporters.JUnitReportReporter -->
<testsuite skipped="0" hostname="MJLT-1563" name="com.testScripts_mjunction.TG1_TC_Indent_03_Creation_with_approval_Reviewed_to_creator" tests="1" failures="0" timestamp="2022-12-29T15:11:29 IST" time="434.834" errors="0">
  <testcase name="Indent_creation_with_approval_Reviewed" time="434.834" classname="com.testScripts_mjunction.TG1_TC_Indent_03_Creation_with_approval_Reviewed_to_creator"/>
  <system-out/>
</testsuite> <!-- com.testScripts_mjunction.TG1_TC_Indent_03_Creation_with_approval_Reviewed_to_creator -->
