<?xml version="1.0" encoding="UTF-8"?>
<!-- Generated by org.testng.reporters.JUnitReportReporter -->
<testsuite skipped="0" hostname="MJLT-1563" name="com.testScripts_mjunction.TG1_TC_BidSubmission_07_verifying_Rebid_functionality" tests="1" failures="0" timestamp="2024-01-26T16:20:53 IST" time="587.198" errors="0">
  <testcase name="Verifying_Rebid_functionality" time="587.198" classname="com.testScripts_mjunction.TG1_TC_BidSubmission_07_verifying_Rebid_functionality"/>
  <system-out/>
</testsuite> <!-- com.testScripts_mjunction.TG1_TC_BidSubmission_07_verifying_Rebid_functionality -->
