<?xml version="1.0" encoding="UTF-8"?>
<!-- Generated by org.testng.reporters.JUnitReportReporter -->
<testsuite skipped="0" hostname="MJLT-1411" name="com.testScripts_mjunction.TG5_TC_Indent_01_Creation_with_approval" tests="1" failures="0" timestamp="16 Apr 2021 05:39:27 GMT" time="551.742" errors="0">
  <testcase name="Indent_creation_with_approval_TG5" time="551.742" classname="com.testScripts_mjunction.TG5_TC_Indent_01_Creation_with_approval"/>
</testsuite> <!-- com.testScripts_mjunction.TG5_TC_Indent_01_Creation_with_approval -->
