<?xml version="1.0" encoding="UTF-8"?>
<!-- Generated by org.testng.reporters.JUnitReportReporter -->
<testsuite skipped="0" hostname="MLJT-2647" name="com.VerifyIndividualFunctionalityofApprovalFlow_Dynamic.TC_Corrigendum_Corrigendum_Revert_back_to_previous_approver" tests="1" failures="0" timestamp="2025-01-27T15:40:10 IST" time="517.922" errors="0">
  <testcase name="Date_Corrigendum_approval_Live_state" time="517.922" classname="com.VerifyIndividualFunctionalityofApprovalFlow_Dynamic.TC_Corrigendum_Corrigendum_Revert_back_to_previous_approver"/>
  <system-out/>
</testsuite> <!-- com.VerifyIndividualFunctionalityofApprovalFlow_Dynamic.TC_Corrigendum_Corrigendum_Revert_back_to_previous_approver -->
