<?xml version="1.0" encoding="UTF-8"?>
<!-- Generated by org.testng.reporters.JUnitReportReporter -->
<testsuite skipped="0" hostname="MJLT-1411" name="com.testScripts_mjunction.TC_BidSubmission_07_verifying_Rebid_functionality" tests="1" failures="0" timestamp="05 Jan 2021 07:47:41 GMT" time="1183.936" errors="0">
  <testcase name="Verifying_Rebid_functionality" time="1183.936" classname="com.testScripts_mjunction.TC_BidSubmission_07_verifying_Rebid_functionality"/>
</testsuite> <!-- com.testScripts_mjunction.TC_BidSubmission_07_verifying_Rebid_functionality -->
