<?xml version="1.0" encoding="UTF-8"?>
<!-- Generated by org.testng.reporters.JUnitReportReporter -->
<testsuite skipped="0" hostname="MJLT-1563" name="com.testScripts_mjunction.TG9_TC_Indent_03_Creation_with_approval_Reviewed_to_creator" tests="1" failures="0" timestamp="2021-12-20T18:14:26 IST" time="594.547" errors="0">
  <testcase name="Indent_creation_with_approval_Reviewed_TG8" time="594.547" classname="com.testScripts_mjunction.TG9_TC_Indent_03_Creation_with_approval_Reviewed_to_creator"/>
  <system-out/>
</testsuite> <!-- com.testScripts_mjunction.TG9_TC_Indent_03_Creation_with_approval_Reviewed_to_creator -->
