<?xml version="1.0" encoding="UTF-8"?>
<!-- Generated by org.testng.reporters.JUnitReportReporter -->
<testsuite skipped="0" hostname="MJLT-2170" name="com.ProductionDefects.PR_PD_147180" tests="1" failures="0" timestamp="2025-01-22T11:30:07 IST" time="74.932" errors="0">
  <testcase name="ProductionDefect_135540" time="74.932" classname="com.ProductionDefects.PR_PD_147180"/>
  <system-out/>
</testsuite> <!-- com.ProductionDefects.PR_PD_147180 -->
