<?xml version="1.0" encoding="UTF-8"?>
<!-- Generated by org.testng.reporters.JUnitReportReporter -->
<testsuite skipped="0" hostname="MJLT-1563" name="com.testScripts_mjunction.TG7_TC_BidSubmission_07_verifying_Rebid_functionality" tests="1" failures="0" timestamp="2021-05-21T13:41:21 IST" time="648.267" errors="0">
  <testcase name="Verifying_Rebid_functionality_TG7" time="648.267" classname="com.testScripts_mjunction.TG7_TC_BidSubmission_07_verifying_Rebid_functionality"/>
</testsuite> <!-- com.testScripts_mjunction.TG7_TC_BidSubmission_07_verifying_Rebid_functionality -->
