<?xml version="1.0" encoding="UTF-8"?>
<!-- Generated by org.testng.reporters.JUnitReportReporter -->
<testsuite skipped="0" hostname="MJLT-1411" name="com.testScripts_mjunction.TG4_TC_BidSubmission_06_BidSubmitted_withonebidder" tests="1" failures="0" timestamp="05 Apr 2021 09:51:44 GMT" time="645.195" errors="0">
  <testcase name="Bid_submisison_with_onebidder_TG4" time="645.195" classname="com.testScripts_mjunction.TG4_TC_BidSubmission_06_BidSubmitted_withonebidder"/>
</testsuite> <!-- com.testScripts_mjunction.TG4_TC_BidSubmission_06_BidSubmitted_withonebidder -->
