<?xml version="1.0" encoding="UTF-8"?>
<!-- Generated by org.testng.reporters.JUnitReportReporter -->
<testsuite skipped="0" hostname="MJLT-1411" name="com.testScripts_mjunction.TG1_TC_Evaluation_11_Openingapproval_Y_Evaluationapproval_Y" tests="1" failures="0" timestamp="24 Feb 2021 09:20:44 GMT" time="4148.401" errors="0">
  <testcase name="Tender_Evaluation_with_OpeningApproval_Y_Evaluationapproval_Y" time="4148.401" classname="com.testScripts_mjunction.TG1_TC_Evaluation_11_Openingapproval_Y_Evaluationapproval_Y"/>
</testsuite> <!-- com.testScripts_mjunction.TG1_TC_Evaluation_11_Openingapproval_Y_Evaluationapproval_Y -->
