<?xml version="1.0" encoding="UTF-8"?>
<!-- Generated by org.testng.reporters.JUnitReportReporter -->
<testsuite skipped="0" hostname="MJLT-1563" name="com.testScripts_mjunction.TC_EPS_PO_02UserDefinedApprovalTest" tests="1" failures="0" timestamp="2024-02-09T16:48:37 IST" time="559.569" errors="0">
  <testcase name="f" time="559.569" classname="com.testScripts_mjunction.TC_EPS_PO_02UserDefinedApprovalTest"/>
  <system-out/>
</testsuite> <!-- com.testScripts_mjunction.TC_EPS_PO_02UserDefinedApprovalTest -->
