<?xml version="1.0" encoding="UTF-8"?>
<!-- Generated by org.testng.reporters.JUnitReportReporter -->
<testsuite skipped="0" hostname="MJLT-2170" name="com.ChangeRequest.Notesheet_Notesheet_with_ReinitiateFlow_withoutApprover_3" tests="1" failures="0" timestamp="2024-09-12T13:43:05 IST" time="192.593" errors="0">
  <testcase name="f" time="192.593" classname="com.ChangeRequest.Notesheet_Notesheet_with_ReinitiateFlow_withoutApprover_3"/>
  <system-out/>
</testsuite> <!-- com.ChangeRequest.Notesheet_Notesheet_with_ReinitiateFlow_withoutApprover_3 -->
