<?xml version="1.0" encoding="UTF-8"?>
<!-- Generated by org.testng.reporters.JUnitReportReporter -->
<testsuite skipped="0" hostname="MJLT-2170" name="com.PO_Purchase_Order.PO_03_Create_Fresh_PO_Without_Approver" tests="1" failures="0" timestamp="2024-12-12T17:31:55 IST" time="133.076" errors="0">
  <testcase name="createPOFromSN_Dynamically" time="133.076" classname="com.PO_Purchase_Order.PO_03_Create_Fresh_PO_Without_Approver"/>
  <system-out/>
</testsuite> <!-- com.PO_Purchase_Order.PO_03_Create_Fresh_PO_Without_Approver -->
