<?xml version="1.0" encoding="UTF-8"?>
<!-- Generated by org.testng.reporters.JUnitReportReporter -->
<testsuite skipped="0" hostname="MJLT-2170" name="com.VerifyIndividualFunctionalityofApprovalFlow_Dynamic.TC_SN_Forward_functionality" tests="1" failures="0" timestamp="2024-11-11T23:35:42 IST" time="110.962" errors="0">
  <testcase name="f" time="110.962" classname="com.VerifyIndividualFunctionalityofApprovalFlow_Dynamic.TC_SN_Forward_functionality"/>
  <system-out/>
</testsuite> <!-- com.VerifyIndividualFunctionalityofApprovalFlow_Dynamic.TC_SN_Forward_functionality -->
