<?xml version="1.0" encoding="UTF-8"?>
<!-- Generated by org.testng.reporters.JUnitReportReporter -->
<testsuite skipped="0" hostname="MJLT-2170" name="com.Tender_Creation.TC_05_Tender_Creation_From_Indent_with_multiple_approver" tests="1" failures="0" timestamp="2024-12-19T17:13:11 IST" time="2080.317" errors="0">
  <testcase name="CreateTenderFromIndentDynamically" time="2080.317" classname="com.Tender_Creation.TC_05_Tender_Creation_From_Indent_with_multiple_approver"/>
  <system-out/>
</testsuite> <!-- com.Tender_Creation.TC_05_Tender_Creation_From_Indent_with_multiple_approver -->
