<?xml version="1.0" encoding="UTF-8"?>
<!-- Generated by org.testng.reporters.JUnitReportReporter -->
<testsuite skipped="0" hostname="MJLT-2170" name="com.ChangeRequest.Notesheet_Notesheet_with_User_defined_Approver_2" tests="1" failures="0" timestamp="2024-09-12T12:11:24 IST" time="896.878" errors="0">
  <testcase name="f" time="896.878" classname="com.ChangeRequest.Notesheet_Notesheet_with_User_defined_Approver_2"/>
  <system-out/>
</testsuite> <!-- com.ChangeRequest.Notesheet_Notesheet_with_User_defined_Approver_2 -->
