<?xml version="1.0" encoding="UTF-8"?>
<!-- Generated by org.testng.reporters.JUnitReportReporter -->
<testsuite skipped="0" hostname="MJLT-1563" name="com.testScripts_mjunction.TG9_TC_Indent_06_Assignment_Process_Assign_approver" tests="1" failures="0" timestamp="2021-12-20T22:18:50 IST" time="525.208" errors="0">
  <testcase name="Verifying_indent_AssignmentProcess_assignApprover_TG8" time="525.208" classname="com.testScripts_mjunction.TG9_TC_Indent_06_Assignment_Process_Assign_approver"/>
  <system-out/>
</testsuite> <!-- com.testScripts_mjunction.TG9_TC_Indent_06_Assignment_Process_Assign_approver -->
