<?xml version="1.0" encoding="UTF-8"?>
<!-- Generated by org.testng.reporters.JUnitReportReporter -->
<testsuite skipped="0" hostname="MJLT-2170" name="com.testScripts_mjunction.TC_SN_06_VerifyEndToEndWorkFlowOfSanctionNoteWithUserdefinedWorkFlowMultipleApprover" tests="1" failures="0" timestamp="2024-02-15T23:24:57 IST" time="3393.599" errors="0">
  <testcase name="f" time="3393.599" classname="com.testScripts_mjunction.TC_SN_06_VerifyEndToEndWorkFlowOfSanctionNoteWithUserdefinedWorkFlowMultipleApprover"/>
  <system-out/>
</testsuite> <!-- com.testScripts_mjunction.TC_SN_06_VerifyEndToEndWorkFlowOfSanctionNoteWithUserdefinedWorkFlowMultipleApprover -->
