<?xml version="1.0" encoding="UTF-8"?>
<!-- Generated by org.testng.reporters.JUnitReportReporter -->
<testsuite skipped="0" hostname="MJLT-2643" name="com.Dynamicity.BidSubmission_Dynamically" tests="1" failures="0" timestamp="2025-02-11T13:23:24 IST" time="499.683" errors="0">
  <testcase name="createEvaluationFromPR_Dynamically" time="499.683" classname="com.Dynamicity.BidSubmission_Dynamically"/>
  <system-out/>
</testsuite> <!-- com.Dynamicity.BidSubmission_Dynamically -->
