<?xml version="1.0" encoding="UTF-8"?>
<!-- Generated by org.testng.reporters.JUnitReportReporter -->
<testsuite skipped="0" hostname="MJLT-1563" name="com.testScripts_mjunction.TG9_TC_Indent_07_Assignment_Process_Revert_to_Indent_creator" tests="1" failures="0" timestamp="2021-12-20T22:42:15 IST" time="503.257" errors="0">
  <testcase name="Verifying_indent_AssignmentProcess_selfClaim_Revert_to_Indent_creator_TG8" time="503.257" classname="com.testScripts_mjunction.TG9_TC_Indent_07_Assignment_Process_Revert_to_Indent_creator"/>
  <system-out/>
</testsuite> <!-- com.testScripts_mjunction.TG9_TC_Indent_07_Assignment_Process_Revert_to_Indent_creator -->
