<?xml version="1.0" encoding="UTF-8"?>
<!-- Generated by org.testng.reporters.JUnitReportReporter -->
<testsuite skipped="0" hostname="MJLT-2170" name="com.ProductionDefects.Tender_PD_135562" tests="1" failures="0" timestamp="2025-01-30T12:20:50 IST" time="102.655" errors="0">
  <testcase name="ProductionDefect_135540" time="102.655" classname="com.ProductionDefects.Tender_PD_135562"/>
  <system-out/>
</testsuite> <!-- com.ProductionDefects.Tender_PD_135562 -->
