<?xml version="1.0" encoding="UTF-8"?>
<!-- Generated by org.testng.reporters.JUnitReportReporter -->
<testsuite skipped="0" hostname="MJLT-1563" name="com.testScripts_mjunction.TC_SN_01VerifyEndToEndWorkFlowOfSanctionNoteTest" tests="1" failures="0" timestamp="2023-12-06T16:09:42 IST" time="181.519" errors="0">
  <testcase name="f" time="181.519" classname="com.testScripts_mjunction.TC_SN_01VerifyEndToEndWorkFlowOfSanctionNoteTest"/>
  <system-out/>
</testsuite> <!-- com.testScripts_mjunction.TC_SN_01VerifyEndToEndWorkFlowOfSanctionNoteTest -->
