<?xml version="1.0" encoding="UTF-8"?>
<!-- Generated by org.testng.reporters.JUnitReportReporter -->
<testsuite skipped="0" hostname="MJLT-2170" name="com.VerifyIndividualFunctionalityofApprovalFlow.TC_SN_Revert_back_to_previous_approver" tests="1" failures="0" timestamp="2024-05-22T17:29:12 IST" time="890.788" errors="0">
  <testcase name="f" time="890.788" classname="com.VerifyIndividualFunctionalityofApprovalFlow.TC_SN_Revert_back_to_previous_approver"/>
  <system-out/>
</testsuite> <!-- com.VerifyIndividualFunctionalityofApprovalFlow.TC_SN_Revert_back_to_previous_approver -->
