<?xml version="1.0" encoding="UTF-8"?>
<!-- Generated by org.testng.reporters.JUnitReportReporter -->
<testsuite skipped="0" hostname="MLJT-2647" name="com.Indent_Creation.TC_09_Indent_Creation_delete_branch_user" tests="1" failures="0" timestamp="2025-01-22T17:47:33 IST" time="489.309" errors="0">
  <testcase name="CreateIndentDynamically" time="489.309" classname="com.Indent_Creation.TC_09_Indent_Creation_delete_branch_user"/>
  <system-out/>
</testsuite> <!-- com.Indent_Creation.TC_09_Indent_Creation_delete_branch_user -->
