<?xml version="1.0" encoding="UTF-8"?>
<!-- Generated by org.testng.reporters.JUnitReportReporter -->
<testsuite skipped="0" hostname="MJLT-2170" name="com.PO_Purchase_Order.PO_05_Create_PO_From_SN_with_approver" tests="1" failures="0" timestamp="2024-09-30T12:39:24 IST" time="812.491" errors="0">
  <testcase name="createPOFromSN_Dynamically" time="812.491" classname="com.PO_Purchase_Order.PO_05_Create_PO_From_SN_with_approver"/>
  <system-out/>
</testsuite> <!-- com.PO_Purchase_Order.PO_05_Create_PO_From_SN_with_approver -->
