<?xml version="1.0" encoding="UTF-8"?>
<!-- Generated by org.testng.reporters.JUnitReportReporter -->
<testsuite skipped="0" hostname="MJLT-2170" name="com.ChangeRequest.LOA_02_Issue_LOA_with_multiple_approver" tests="1" failures="0" timestamp="2024-12-20T13:54:58 IST" time="1600.966" errors="0">
  <testcase name="f" time="1600.966" classname="com.ChangeRequest.LOA_02_Issue_LOA_with_multiple_approver"/>
  <system-out/>
</testsuite> <!-- com.ChangeRequest.LOA_02_Issue_LOA_with_multiple_approver -->
