<?xml version="1.0" encoding="UTF-8"?>
<!-- Generated by org.testng.reporters.JUnitReportReporter -->
<testsuite skipped="0" hostname="MJLT-1411" name="com.testScripts_mjunction.TC_Corrigendum_03_DateCorrigendum_withApproval_Livestate" tests="1" failures="0" timestamp="01 Jan 2021 07:45:20 GMT" time="1543.675" errors="0">
  <testcase name="TenderReject_after_tender_approval" time="1543.675" classname="com.testScripts_mjunction.TC_Corrigendum_03_DateCorrigendum_withApproval_Livestate"/>
</testsuite> <!-- com.testScripts_mjunction.TC_Corrigendum_03_DateCorrigendum_withApproval_Livestate -->
