<?xml version="1.0" encoding="UTF-8"?>
<!-- Generated by org.testng.reporters.JUnitReportReporter -->
<testsuite skipped="0" hostname="MJLT-1563" name="com.testScripts_mjunction.TG1_TC_Indent_05_Delete_Indent" tests="1" failures="0" timestamp="2024-02-29T17:21:59 IST" time="126.332" errors="0">
  <testcase name="Indent_creation_with_approval" time="126.332" classname="com.testScripts_mjunction.TG1_TC_Indent_05_Delete_Indent"/>
  <system-out/>
</testsuite> <!-- com.testScripts_mjunction.TG1_TC_Indent_05_Delete_Indent -->
