<?xml version="1.0" encoding="UTF-8"?>
<!-- Generated by org.testng.reporters.JUnitReportReporter -->
<testsuite skipped="0" hostname="MJLT-1563" name="com.testScripts_mjunction.TG7_TC_TenderCreation_02_tender_reject_during_tender_approval" tests="1" failures="0" timestamp="2021-05-19T16:30:52 IST" time="794.287" errors="0">
  <testcase name="TenderReject_after_tender_approval_TG7" time="794.287" classname="com.testScripts_mjunction.TG7_TC_TenderCreation_02_tender_reject_during_tender_approval"/>
</testsuite> <!-- com.testScripts_mjunction.TG7_TC_TenderCreation_02_tender_reject_during_tender_approval -->
