<?xml version="1.0" encoding="UTF-8"?>
<!-- Generated by org.testng.reporters.JUnitReportReporter -->
<testsuite skipped="0" hostname="MJLT-2170" name="com.Corrigendum.TC_03_Corrigendum_with_Multiple_Approver" tests="1" failures="0" timestamp="2024-12-19T18:29:37 IST" time="2243.216" errors="0">
  <testcase name="CreateFreshTenderDynamically" time="2243.216" classname="com.Corrigendum.TC_03_Corrigendum_with_Multiple_Approver"/>
  <system-out/>
</testsuite> <!-- com.Corrigendum.TC_03_Corrigendum_with_Multiple_Approver -->
