<?xml version="1.0" encoding="UTF-8"?>
<!-- Generated by org.testng.reporters.JUnitReportReporter -->
<testsuite skipped="0" hostname="MJLT-1563" name="com.testScripts_mjunction.TG1_TC_Corrigendum_04_DateCorrigendum_withApproval_Closedstate" tests="1" failures="0" timestamp="2023-01-12T17:36:10 IST" time="1120.121" errors="0">
  <testcase name="Date_Corrigendum_approval_closed_state" time="1120.121" classname="com.testScripts_mjunction.TG1_TC_Corrigendum_04_DateCorrigendum_withApproval_Closedstate"/>
  <system-out/>
</testsuite> <!-- com.testScripts_mjunction.TG1_TC_Corrigendum_04_DateCorrigendum_withApproval_Closedstate -->
