<?xml version="1.0" encoding="UTF-8"?>
<!-- Generated by org.testng.reporters.JUnitReportReporter -->
<testsuite skipped="0" hostname="MLJT-2647" name="com.testScripts_mjunction.TC_SN_01VerifyEndToEndWorkFlowOfSanctionNoteTest" tests="1" failures="0" timestamp="2024-07-02T14:13:31 IST" time="177.827" errors="0">
  <testcase name="f" time="177.827" classname="com.testScripts_mjunction.TC_SN_01VerifyEndToEndWorkFlowOfSanctionNoteTest"/>
  <system-out/>
</testsuite> <!-- com.testScripts_mjunction.TC_SN_01VerifyEndToEndWorkFlowOfSanctionNoteTest -->
