<?xml version="1.0" encoding="UTF-8"?>
<!-- Generated by org.testng.reporters.JUnitReportReporter -->
<testsuite skipped="0" hostname="MJLT-2170" name="com.VerifyPagesUpAndRunning.VerifyNotesheetPending_CompletedWFPage" tests="1" failures="0" timestamp="2024-05-14T15:01:32 IST" time="144.956" errors="0">
  <testcase name="NotesheetPending_CompletedWFPage" time="144.956" classname="com.VerifyPagesUpAndRunning.VerifyNotesheetPending_CompletedWFPage"/>
  <system-out/>
</testsuite> <!-- com.VerifyPagesUpAndRunning.VerifyNotesheetPending_CompletedWFPage -->
