<?xml version="1.0" encoding="UTF-8"?>
<!-- Generated by org.testng.reporters.JUnitReportReporter -->
<<<<<<< HEAD
<testsuite skipped="0" hostname="MJLT-2170" name="com.testScripts_mjunction.TC_EPS_PO_01_No_Approval" tests="1" failures="0" timestamp="2024-02-28T18:07:09 IST" time="355.630" errors="0">
  <testcase name="f" time="355.630" classname="com.testScripts_mjunction.TC_EPS_PO_01_No_Approval"/>
=======
<testsuite skipped="0" hostname="MJLT-1563" name="com.testScripts_mjunction.TC_EPS_PO_01_No_Approval" tests="1" failures="0" timestamp="2024-02-28T17:36:50 IST" time="437.016" errors="0">
  <testcase name="f" time="437.016" classname="com.testScripts_mjunction.TC_EPS_PO_01_No_Approval"/>
>>>>>>> c5cc3e91e9e277edd3483ea075bb1516542d3a20
  <system-out/>
</testsuite> <!-- com.testScripts_mjunction.TC_EPS_PO_01_No_Approval -->
