<?xml version="1.0" encoding="UTF-8"?>
<!-- Generated by org.testng.reporters.JUnitReportReporter -->
<testsuite skipped="0" hostname="MLJT-2647" name="com.VerifyIndividualFunctionalityofApprovalFlow_Dynamic.TC_SN_From_PR_Forward_functionality" tests="1" failures="0" timestamp="2024-11-12T17:36:36 IST" time="823.881" errors="0">
  <testcase name="CreateSNFromPRDynamically" time="823.881" classname="com.VerifyIndividualFunctionalityofApprovalFlow_Dynamic.TC_SN_From_PR_Forward_functionality"/>
  <system-out/>
</testsuite> <!-- com.VerifyIndividualFunctionalityofApprovalFlow_Dynamic.TC_SN_From_PR_Forward_functionality -->
