<?xml version="1.0" encoding="UTF-8"?>
<!-- Generated by org.testng.reporters.JUnitReportReporter -->
<testsuite skipped="0" hostname="MLJT-2647" name="com.testScripts_mjunction.TC_MSN_01VerifyEndToEndWorkFlowOfSanctionNoteTest" tests="1" failures="0" timestamp="2024-07-02T16:41:51 IST" time="387.308" errors="0">
  <testcase name="MSN_01VerifyEndToEndWorkFlowOfSanctionNoteTest" time="387.308" classname="com.testScripts_mjunction.TC_MSN_01VerifyEndToEndWorkFlowOfSanctionNoteTest"/>
  <system-out/>
</testsuite> <!-- com.testScripts_mjunction.TC_MSN_01VerifyEndToEndWorkFlowOfSanctionNoteTest -->
