<?xml version="1.0" encoding="UTF-8"?>
<!-- Generated by org.testng.reporters.JUnitReportReporter -->
<testsuite skipped="0" hostname="MJLT-2170" name="com.testScripts_mjunction.TG1_TC_BidSubmission_07_verifying_Rebid_functionality" tests="1" failures="0" timestamp="2024-02-08T11:43:56 IST" time="1450.798" errors="0">
  <testcase name="Verifying_Rebid_functionality" time="1450.798" classname="com.testScripts_mjunction.TG1_TC_BidSubmission_07_verifying_Rebid_functionality"/>
  <system-out/>
</testsuite> <!-- com.testScripts_mjunction.TG1_TC_BidSubmission_07_verifying_Rebid_functionality -->
