<?xml version="1.0" encoding="UTF-8"?>
<!-- Generated by org.testng.reporters.JUnitReportReporter -->
<<<<<<< HEAD
<testsuite skipped="0" hostname="MJLT-2170" name="com.testScripts_mjunction.TG1_TC_Indent_03_Creation_with_No_approval" tests="1" failures="0" timestamp="2024-01-24T16:18:57 IST" time="313.621" errors="0">
  <testcase name="Indent_creation_with_No_approval" time="313.621" classname="com.testScripts_mjunction.TG1_TC_Indent_03_Creation_with_No_approval"/>
=======
<testsuite skipped="0" hostname="MJLT-1563" name="com.testScripts_mjunction.TG1_TC_Indent_03_Creation_with_No_approval" tests="1" failures="0" timestamp="2024-01-18T13:12:32 IST" time="295.017" errors="0">
  <testcase name="Indent_creation_with_No_approval" time="295.017" classname="com.testScripts_mjunction.TG1_TC_Indent_03_Creation_with_No_approval"/>
>>>>>>> 94c02cb56a03c648b9f2ca4ea3c8abe30066a468
  <system-out/>
</testsuite> <!-- com.testScripts_mjunction.TG1_TC_Indent_03_Creation_with_No_approval -->
