<?xml version="1.0" encoding="UTF-8"?>
<!-- Generated by org.testng.reporters.JUnitReportReporter -->
<testsuite skipped="0" hostname="MJLT-2170" name="com.ProductionDefects.PR_PD_139031" tests="1" failures="0" timestamp="2025-01-28T17:53:13 IST" time="102.287" errors="0">
  <testcase name="ProductionDefect_135540" time="102.287" classname="com.ProductionDefects.PR_PD_139031"/>
  <system-out/>
</testsuite> <!-- com.ProductionDefects.PR_PD_139031 -->
