<?xml version="1.0" encoding="UTF-8"?>
<!-- Generated by org.testng.reporters.JUnitReportReporter -->
<testsuite skipped="0" hostname="MJLT-1411" name="com.testScripts_mjunction.TC_TenderCreation_01_tender_publish_with_tender_approval" tests="1" failures="0" timestamp="22 Dec 2020 06:08:49 GMT" time="1415.434" errors="0">
  <testcase name="Tenderpublished_after_tender_approval" time="1415.434" classname="com.testScripts_mjunction.TC_TenderCreation_01_tender_publish_with_tender_approval"/>
</testsuite> <!-- com.testScripts_mjunction.TC_TenderCreation_01_tender_publish_with_tender_approval -->
