<?xml version="1.0" encoding="UTF-8"?>
<!-- Generated by org.testng.reporters.JUnitReportReporter -->
<testsuite skipped="0" hostname="MJLT-2170" name="com.testScripts_mjunction.TG1_TC_Indent_01_Creation_with_approval" tests="1" failures="0" timestamp="2024-01-24T12:53:31 IST" time="513.168" errors="0">
  <testcase name="Indent_creation_with_approval" time="513.168" classname="com.testScripts_mjunction.TG1_TC_Indent_01_Creation_with_approval"/>
  <system-out/>
</testsuite> <!-- com.testScripts_mjunction.TG1_TC_Indent_01_Creation_with_approval -->
