<?xml version="1.0" encoding="UTF-8"?>
<!-- Generated by org.testng.reporters.JUnitReportReporter -->
<testsuite skipped="0" hostname="MJLT-2170" name="com.ProductionDefects.Corrigendum_PD_138636" tests="1" failures="0" timestamp="2024-11-01T17:45:41 IST" time="593.018" errors="0">
  <testcase name="ProductionDefect_135540" time="593.018" classname="com.ProductionDefects.Corrigendum_PD_138636"/>
  <system-out/>
</testsuite> <!-- com.ProductionDefects.Corrigendum_PD_138636 -->
