<?xml version="1.0" encoding="UTF-8"?>
<!-- Generated by org.testng.reporters.JUnitReportReporter -->
<testsuite skipped="0" hostname="MJLT-1563" name="com.testScripts_mjunction.TC_EPS_PO_01_No_Approval" tests="1" failures="0" timestamp="2024-03-04T13:15:36 IST" time="442.750" errors="0">
  <testcase name="f" time="442.750" classname="com.testScripts_mjunction.TC_EPS_PO_01_No_Approval"/>
  <system-out/>
</testsuite> <!-- com.testScripts_mjunction.TC_EPS_PO_01_No_Approval -->
