<?xml version="1.0" encoding="UTF-8"?>
<!-- Generated by org.testng.reporters.JUnitReportReporter -->
<testsuite skipped="0" hostname="MJLT-2170" name="com.ProductionDefects.PO_PD_135773" tests="1" failures="0" timestamp="2025-01-21T17:56:48 IST" time="53.572" errors="0">
  <testcase name="ProductionDefect_135540" time="53.572" classname="com.ProductionDefects.PO_PD_135773"/>
  <system-out/>
</testsuite> <!-- com.ProductionDefects.PO_PD_135773 -->
