<?xml version="1.0" encoding="UTF-8"?>
<!-- Generated by org.testng.reporters.JUnitReportReporter -->
<testsuite skipped="0" hostname="MJLT-2170" name="com.ProductionDefects.Tender_PD_132881" tests="1" failures="0" timestamp="2025-01-28T11:58:14 IST" time="323.708" errors="0">
  <testcase name="ProductionDefect_135540" time="323.708" classname="com.ProductionDefects.Tender_PD_132881"/>
  <system-out/>
</testsuite> <!-- com.ProductionDefects.Tender_PD_132881 -->
