<?xml version="1.0" encoding="UTF-8"?>
<!-- Generated by org.testng.reporters.JUnitReportReporter -->
<testsuite skipped="0" hostname="MJLT-1411" name="com.testScripts_mjunction.Pre_conditionTestStepsForPurchaseOrder_SanctionNoteCreationTest" tests="1" failures="0" timestamp="31 Mar 2021 15:38:40 GMT" time="307.853" errors="0">
  <testcase name="sanctionNoteCreationWorkFlow" time="307.853" classname="com.testScripts_mjunction.Pre_conditionTestStepsForPurchaseOrder_SanctionNoteCreationTest"/>
</testsuite> <!-- com.testScripts_mjunction.Pre_conditionTestStepsForPurchaseOrder_SanctionNoteCreationTest -->
