<?xml version="1.0" encoding="UTF-8"?>
<!-- Generated by org.testng.reporters.JUnitReportReporter -->
<testsuite skipped="0" hostname="MJLT-1563" name="com.testScripts_mjunction.TG1_TC_TenderCreation_01_tender_publish_with_tender_approval" tests="1" failures="0" timestamp="2024-01-10T17:49:00 IST" time="461.443" errors="0">
  <testcase name="Tenderpublished_after_tender_approval_TG1" time="461.443" classname="com.testScripts_mjunction.TG1_TC_TenderCreation_01_tender_publish_with_tender_approval"/>
  <system-out/>
</testsuite> <!-- com.testScripts_mjunction.TG1_TC_TenderCreation_01_tender_publish_with_tender_approval -->
