<?xml version="1.0" encoding="UTF-8"?>
<!-- Generated by org.testng.reporters.JUnitReportReporter -->
<testsuite skipped="0" hostname="MJLT-1411" name="com.testScripts_mjunction.TG4_TC_TenderCreation_01_tender_publish_with_tender_approval" tests="1" failures="0" timestamp="30 Mar 2021 15:39:14 GMT" time="1121.849" errors="0">
  <testcase name="Tenderpublished_after_tender_approval_TG4" time="1121.849" classname="com.testScripts_mjunction.TG4_TC_TenderCreation_01_tender_publish_with_tender_approval"/>
</testsuite> <!-- com.testScripts_mjunction.TG4_TC_TenderCreation_01_tender_publish_with_tender_approval -->
