<?xml version="1.0" encoding="UTF-8"?>
<!-- Generated by org.testng.reporters.JUnitReportReporter -->
<testsuite skipped="0" hostname="MLJT-2647" name="com.testScripts_mjunction.TC_SN_09Ammend_SN" tests="1" failures="0" timestamp="2024-07-02T16:03:11 IST" time="330.070" errors="0">
  <testcase name="f" time="330.070" classname="com.testScripts_mjunction.TC_SN_09Ammend_SN"/>
  <system-out/>
</testsuite> <!-- com.testScripts_mjunction.TC_SN_09Ammend_SN -->
