<?xml version="1.0" encoding="UTF-8"?>
<!-- Generated by org.testng.reporters.JUnitReportReporter -->
<testsuite skipped="0" hostname="MLJT-2647" name="com.VerifyIndividualFunctionalityofApprovalFlow_Dynamic.TC_01_Indent_Approver_Revert_back_to_previous_approver" tests="1" failures="0" timestamp="2024-09-06T12:10:52 IST" time="1335.849" errors="0">
  <testcase name="Indent_creation_with_approval" time="1335.849" classname="com.VerifyIndividualFunctionalityofApprovalFlow_Dynamic.TC_01_Indent_Approver_Revert_back_to_previous_approver"/>
  <system-out/>
</testsuite> <!-- com.VerifyIndividualFunctionalityofApprovalFlow_Dynamic.TC_01_Indent_Approver_Revert_back_to_previous_approver -->
