<?xml version="1.0" encoding="UTF-8"?>
<!-- Generated by org.testng.reporters.JUnitReportReporter -->
<testsuite skipped="0" hostname="MJLT-1411" name="com.testScripts_mjunction.TG5_TC_BidSubmission_08_verifying_Draftbid_functionality" tests="1" failures="0" timestamp="22 Apr 2021 08:47:59 GMT" time="1240.342" errors="0">
  <testcase name="Verifying_Draftbid_functionality_TG5" time="1240.342" classname="com.testScripts_mjunction.TG5_TC_BidSubmission_08_verifying_Draftbid_functionality"/>
</testsuite> <!-- com.testScripts_mjunction.TG5_TC_BidSubmission_08_verifying_Draftbid_functionality -->
