<?xml version="1.0" encoding="UTF-8"?>
<!-- Generated by org.testng.reporters.JUnitReportReporter -->
<testsuite skipped="0" hostname="MJLT-2170" name="com.testScripts_mjunction.TG1_TC_TenderCreation_01_tender_publish_with_tender_approval" tests="1" failures="0" timestamp="2024-02-29T12:56:29 IST" time="1251.648" errors="0">
  <testcase name="Tenderpublished_after_tender_approval_TG1" time="1251.648" classname="com.testScripts_mjunction.TG1_TC_TenderCreation_01_tender_publish_with_tender_approval"/>
  <system-out/>
</testsuite> <!-- com.testScripts_mjunction.TG1_TC_TenderCreation_01_tender_publish_with_tender_approval -->
