<?xml version="1.0" encoding="UTF-8"?>
<!-- Generated by org.testng.reporters.JUnitReportReporter -->
<testsuite skipped="0" hostname="MJLT-1411" name="com.testScripts_mjunction.TG5_TC_Evaluation_10_Openingapproval_Y_Evaluationapproval_N" tests="1" failures="0" timestamp="27 Apr 2021 09:39:16 GMT" time="1314.666" errors="0">
  <testcase name="Tender_Evaluation_with_OpeningApproval_Y_Evaluationapproval_N_TG5" time="1314.666" classname="com.testScripts_mjunction.TG5_TC_Evaluation_10_Openingapproval_Y_Evaluationapproval_N"/>
</testsuite> <!-- com.testScripts_mjunction.TG5_TC_Evaluation_10_Openingapproval_Y_Evaluationapproval_N -->
