<?xml version="1.0" encoding="UTF-8"?>
<!-- Generated by org.testng.reporters.JUnitReportReporter -->
<testsuite skipped="0" hostname="MLJT-2647" name="com.testScripts_mjunction.TC_SN_08_VerifyEndToEndWorkFlowOfSanctionNoteTest_Data_Validation" tests="1" failures="0" timestamp="2024-07-02T15:56:15 IST" time="204.825" errors="0">
  <testcase name="f" time="204.825" classname="com.testScripts_mjunction.TC_SN_08_VerifyEndToEndWorkFlowOfSanctionNoteTest_Data_Validation"/>
  <system-out/>
</testsuite> <!-- com.testScripts_mjunction.TC_SN_08_VerifyEndToEndWorkFlowOfSanctionNoteTest_Data_Validation -->
