<?xml version="1.0" encoding="UTF-8"?>
<!-- Generated by org.testng.reporters.JUnitReportReporter -->
<testsuite skipped="0" hostname="MJLT-2170" name="com.testScripts_mjunction.TG1_TC_Evaluation_13_Openingapproval_Y_Evaluationapproval_Y_DataValidation" tests="1" failures="0" timestamp="2024-04-19T17:01:45 IST" time="204.014" errors="0">
  <testcase name="Tender_Evaluation_with_OpeningApproval_Y_Evaluationapproval_Y" time="204.014" classname="com.testScripts_mjunction.TG1_TC_Evaluation_13_Openingapproval_Y_Evaluationapproval_Y_DataValidation"/>
  <system-out/>
</testsuite> <!-- com.testScripts_mjunction.TG1_TC_Evaluation_13_Openingapproval_Y_Evaluationapproval_Y_DataValidation -->
