<?xml version="1.0" encoding="UTF-8"?>
<!-- Generated by org.testng.reporters.JUnitReportReporter -->
<testsuite skipped="0" hostname="MJLT-2643" name="com.Opening_Evaluation.TC_01_Opening_to_Evaluation" tests="1" failures="0" timestamp="2025-02-04T00:20:38 IST" time="1700.232" errors="0">
  <testcase name="Tender_Evaluation_with_OpeningApproval_Y_Evaluationapproval_Y" time="1700.232" classname="com.Opening_Evaluation.TC_01_Opening_to_Evaluation"/>
  <system-out/>
</testsuite> <!-- com.Opening_Evaluation.TC_01_Opening_to_Evaluation -->
