<?xml version="1.0" encoding="UTF-8"?>
<!-- Generated by org.testng.reporters.JUnitReportReporter -->
<testsuite skipped="0" hostname="MLJT-2647" name="com.testScripts_mjunction.TG1_TC_Indent_03_Creation_with_No_approval" tests="1" failures="0" timestamp="2024-07-03T12:49:37 IST" time="380.224" errors="0">
  <testcase name="Indent_creation_with_No_approval" time="380.224" classname="com.testScripts_mjunction.TG1_TC_Indent_03_Creation_with_No_approval"/>
  <system-out/>
</testsuite> <!-- com.testScripts_mjunction.TG1_TC_Indent_03_Creation_with_No_approval -->
