<?xml version="1.0" encoding="UTF-8"?>
<!-- Generated by org.testng.reporters.JUnitReportReporter -->
<testsuite skipped="0" hostname="MJLT-2643" name="com.ProductionDefects_QA.SN_PD_134123_test" tests="1" failures="0" timestamp="2024-04-19T17:22:36 IST" time="409.872" errors="0">
  <testcase name="ProductionDefect_134123" time="409.872" classname="com.ProductionDefects_QA.SN_PD_134123_test"/>
  <system-out/>
</testsuite> <!-- com.ProductionDefects_QA.SN_PD_134123_test -->
