<?xml version="1.0" encoding="UTF-8"?>
<!-- Generated by org.testng.reporters.JUnitReportReporter -->
<testsuite skipped="0" hostname="MLJT-2647" name="com.VerifyIndividualFunctionalityofApprovalFlow_Dynamic.TC_LOA_Recall_by_creator" tests="1" failures="0" timestamp="2024-12-11T16:32:34 IST" time="320.528" errors="0">
  <testcase name="f" time="320.528" classname="com.VerifyIndividualFunctionalityofApprovalFlow_Dynamic.TC_LOA_Recall_by_creator"/>
  <system-out/>
</testsuite> <!-- com.VerifyIndividualFunctionalityofApprovalFlow_Dynamic.TC_LOA_Recall_by_creator -->
