<?xml version="1.0" encoding="UTF-8"?>
<!-- Generated by org.testng.reporters.JUnitReportReporter -->
<testsuite skipped="0" hostname="MJLT-1411" name="com.testScripts_mjunction.TG1_TC_Corrigendum_04_DateCorrigendum_withApproval_Closedstate" tests="1" failures="0" timestamp="16 Feb 2021 06:09:43 GMT" time="1438.600" errors="0">
  <testcase name="Date_Corrigendum_approval_closed_state" time="1438.600" classname="com.testScripts_mjunction.TG1_TC_Corrigendum_04_DateCorrigendum_withApproval_Closedstate"/>
</testsuite> <!-- com.testScripts_mjunction.TG1_TC_Corrigendum_04_DateCorrigendum_withApproval_Closedstate -->
