<?xml version="1.0" encoding="UTF-8"?>
<!-- Generated by org.testng.reporters.JUnitReportReporter -->
<testsuite skipped="0" hostname="MJLT-2170" name="com.testScripts_mjunction.TC_SN_05VerifyCancelOfSanctionNoteTest" tests="1" failures="0" timestamp="2024-02-12T22:14:14 IST" time="133.769" errors="0">
  <testcase name="f" time="133.769" classname="com.testScripts_mjunction.TC_SN_05VerifyCancelOfSanctionNoteTest"/>
  <system-out/>
</testsuite> <!-- com.testScripts_mjunction.TC_SN_05VerifyCancelOfSanctionNoteTest -->
