<?xml version="1.0" encoding="UTF-8"?>
<!-- Generated by org.testng.reporters.JUnitReportReporter -->
<testsuite skipped="0" hostname="MJLT-2170" name="com.VerifyPagesUpAndRunning.VerifySNPending_CompletedWFPage" tests="1" failures="0" timestamp="2024-05-14T15:06:26 IST" time="139.234" errors="0">
  <testcase name="SNPending_CompletedWFPage" time="139.234" classname="com.VerifyPagesUpAndRunning.VerifySNPending_CompletedWFPage"/>
  <system-out/>
</testsuite> <!-- com.VerifyPagesUpAndRunning.VerifySNPending_CompletedWFPage -->
