<?xml version="1.0" encoding="UTF-8"?>
<!-- Generated by org.testng.reporters.JUnitReportReporter -->
<testsuite skipped="0" hostname="MJLT-1563" name="com.testScripts_mjunction.TC_SN_01VerifyEndToEndWorkFlowOfSanctionNoteTest" tests="1" failures="0" timestamp="2024-01-31T18:04:44 IST" time="130.804" errors="0">
  <testcase name="f" time="130.804" classname="com.testScripts_mjunction.TC_SN_01VerifyEndToEndWorkFlowOfSanctionNoteTest"/>
  <system-out/>
</testsuite> <!-- com.testScripts_mjunction.TC_SN_01VerifyEndToEndWorkFlowOfSanctionNoteTest -->
