<?xml version="1.0" encoding="UTF-8"?>
<!-- Generated by org.testng.reporters.JUnitReportReporter -->
<testsuite skipped="0" hostname="MJLT-2170" name="com.Sanction_Note_Creation.SN_06_Delete_SN_From_Completed_Tender" tests="1" failures="0" timestamp="2024-08-12T13:09:44 IST" time="94.072" errors="0">
  <testcase name="CreateFreshTenderDynamically" time="94.072" classname="com.Sanction_Note_Creation.SN_06_Delete_SN_From_Completed_Tender"/>
  <system-out/>
</testsuite> <!-- com.Sanction_Note_Creation.SN_06_Delete_SN_From_Completed_Tender -->
