<?xml version="1.0" encoding="UTF-8"?>
<!-- Generated by org.testng.reporters.JUnitReportReporter -->
<testsuite skipped="0" hostname="MJLT-1411" name="com.testScripts_mjunction.TG5_TC_BidSubmission_09_verifying_Withdraw_functionality" tests="1" failures="0" timestamp="22 Apr 2021 13:21:44 GMT" time="1257.543" errors="0">
  <testcase name="Verifying_Withdrawbid_functionality_TG5" time="1257.543" classname="com.testScripts_mjunction.TG5_TC_BidSubmission_09_verifying_Withdraw_functionality"/>
</testsuite> <!-- com.testScripts_mjunction.TG5_TC_BidSubmission_09_verifying_Withdraw_functionality -->
