<?xml version="1.0" encoding="UTF-8"?>
<!-- Generated by org.testng.reporters.JUnitReportReporter -->
<testsuite skipped="0" hostname="MJLT-2170" name="com.ProductionDefects.SN_PD_131632_test" tests="1" failures="0" timestamp="2025-01-27T12:44:39 IST" time="257.463" errors="0">
  <testcase name="ProductionDefect_131632" time="257.463" classname="com.ProductionDefects.SN_PD_131632_test"/>
  <system-out/>
</testsuite> <!-- com.ProductionDefects.SN_PD_131632_test -->
