<?xml version="1.0" encoding="UTF-8"?>
<!-- Generated by org.testng.reporters.JUnitReportReporter -->
<testsuite skipped="0" hostname="MLJT-2647" name="com.FetchField_Details.SN_Fetch_Tender_to_SN_FieldDetails" tests="1" failures="0" timestamp="2024-11-07T17:50:00 IST" time="154.356" errors="0">
  <testcase name="CreateFreshTenderDynamically" time="154.356" classname="com.FetchField_Details.SN_Fetch_Tender_to_SN_FieldDetails"/>
  <system-out/>
</testsuite> <!-- com.FetchField_Details.SN_Fetch_Tender_to_SN_FieldDetails -->
