<?xml version="1.0" encoding="UTF-8"?>
<!-- Generated by org.testng.reporters.JUnitReportReporter -->
<testsuite skipped="0" hostname="MJLT-2170" name="com.ProductionDefects.PO_PD_137936" tests="1" failures="0" timestamp="2024-11-01T16:16:24 IST" time="1369.659" errors="0">
  <testcase name="ProductionDefect_135540" time="1369.659" classname="com.ProductionDefects.PO_PD_137936"/>
  <system-out/>
</testsuite> <!-- com.ProductionDefects.PO_PD_137936 -->
