<?xml version="1.0" encoding="UTF-8"?>
<!-- Generated by org.testng.reporters.JUnitReportReporter -->
<testsuite skipped="0" hostname="MLJT-2647" name="com.testScripts_mjunction.TC_MSN_04_Review_all_events_on_the_MSN_list_page" tests="1" failures="0" timestamp="2024-07-02T17:31:28 IST" time="188.941" errors="0">
  <testcase name="MSN_01VerifyEndToEndWorkFlowOfSanctionNoteTest" time="188.941" classname="com.testScripts_mjunction.TC_MSN_04_Review_all_events_on_the_MSN_list_page"/>
  <system-out/>
</testsuite> <!-- com.testScripts_mjunction.TC_MSN_04_Review_all_events_on_the_MSN_list_page -->
