<?xml version="1.0" encoding="UTF-8"?>
<!-- Generated by org.testng.reporters.JUnitReportReporter -->
<testsuite skipped="0" hostname="MJLT-2170" name="com.testScripts_mjunction.TG1_TC_Evaluation_12_Openingapproval_N_Regression_Evaluationapproval_Y" tests="1" failures="1" timestamp="2024-03-28T12:10:17 IST" time="209.750" errors="0">
  <testcase name="Tender_Evaluation_with_OpeningApproval_N_Evaluationapproval_Y_NegotiateOnebidder_ApproveTwobidder" time="209.750" classname="com.testScripts_mjunction.TG1_TC_Evaluation_12_Openingapproval_N_Regression_Evaluationapproval_Y">
    <failure type="java.lang.AssertionError" message="Error Message : Error in clearing the text in element: no such element: Unable to locate element: {&quot;method&quot;:&quot;xpath&quot;,&quot;selector&quot;:&quot;//textarea[@id=&#039;rdcis_quotatn_trms_cnditn.Evaluator_Remarks.0&#039;]&quot;}
  (Session info: chrome=123.0.6312.59)
For documentation on this error, please visit: https://www.seleniumhq.org/exceptions/no_such_element.html
Build info: version: &#039;3.141.59&#039;, revision: &#039;e82be7d358&#039;, time: &#039;2018-11-14T08:17:03&#039;
System info: host: &#039;MJLT-2170&#039;, ip: &#039;172.16.17.39&#039;, os.name: &#039;Windows 10&#039;, os.arch: &#039;amd64&#039;, os.version: &#039;10.0&#039;, java.version: &#039;1.8.0_192&#039;
Driver info: org.openqa.selenium.chrome.ChromeDriver
Capabilities {acceptInsecureCerts: false, browserName: chrome, browserVersion: 123.0.6312.59, chrome: {chromedriverVersion: 123.0.6312.58 (6b4b19e9dfbb..., userDataDir: C:\Users\PAVEL~1.BAI\AppDat...}, fedcm:accounts: true, goog:chromeOptions: {debuggerAddress: localhost:59134}, javascriptEnabled: true, networkConnectionEnabled: false, pageLoadStrategy: normal, platform: WINDOWS, platformName: WINDOWS, proxy: Proxy(), setWindowRect: true, strictFileInteractability: false, timeouts: {implicit: 0, pageLoad: 300000, script: 30000}, unhandledPromptBehavior: dismiss and notify, webauthn:extension:credBlob: true, webauthn:extension:largeBlob: true, webauthn:extension:minPinLength: true, webauthn:extension:prf: true, webauthn:virtualAuthenticators: true}
Session ID: a6cba55ef2e9c81f1490927e6f88cb26
*** Element info: {Using=xpath, value=//textarea[@id=&#039;rdcis_quotatn_trms_cnditn.Evaluator_Remarks.0&#039;]}">
      <![CDATA[java.lang.AssertionError: Error Message : Error in clearing the text in element: no such element: Unable to locate element: {"method":"xpath","selector":"//textarea[@id='rdcis_quotatn_trms_cnditn.Evaluator_Remarks.0']"}
  (Session info: chrome=123.0.6312.59)
For documentation on this error, please visit: https://www.seleniumhq.org/exceptions/no_such_element.html
Build info: version: '3.141.59', revision: 'e82be7d358', time: '2018-11-14T08:17:03'
System info: host: 'MJLT-2170', ip: '172.16.17.39', os.name: 'Windows 10', os.arch: 'amd64', os.version: '10.0', java.version: '1.8.0_192'
Driver info: org.openqa.selenium.chrome.ChromeDriver
Capabilities {acceptInsecureCerts: false, browserName: chrome, browserVersion: 123.0.6312.59, chrome: {chromedriverVersion: 123.0.6312.58 (6b4b19e9dfbb..., userDataDir: C:\Users\PAVEL~1.BAI\AppDat...}, fedcm:accounts: true, goog:chromeOptions: {debuggerAddress: localhost:59134}, javascriptEnabled: true, networkConnectionEnabled: false, pageLoadStrategy: normal, platform: WINDOWS, platformName: WINDOWS, proxy: Proxy(), setWindowRect: true, strictFileInteractability: false, timeouts: {implicit: 0, pageLoad: 300000, script: 30000}, unhandledPromptBehavior: dismiss and notify, webauthn:extension:credBlob: true, webauthn:extension:largeBlob: true, webauthn:extension:minPinLength: true, webauthn:extension:prf: true, webauthn:virtualAuthenticators: true}
Session ID: a6cba55ef2e9c81f1490927e6f88cb26
*** Element info: {Using=xpath, value=//textarea[@id='rdcis_quotatn_trms_cnditn.Evaluator_Remarks.0']}
at com.baseClasses.AutomationException.<init>(AutomationException.java:11)
at com.baseClasses.BaseClass_Web.clear(BaseClass_Web.java:137)
at com.components.eTenderComponent.TG1_EvaluatorRemarks_cover1(eTenderComponent.java:14742)
at com.components.eTenderComponent.evaluateSupplier(eTenderComponent.java:14695)
at com.testScripts_mjunction.TG1_TC_Evaluation_12_Openingapproval_N_Regression_Evaluationapproval_Y.Tender_Evaluation_with_OpeningApproval_N_Evaluationapproval_Y_NegotiateOnebidder_ApproveTwobidder(TG1_TC_Evaluation_12_Openingapproval_N_Regression_Evaluationapproval_Y.java:194)
at sun.reflect.NativeMethodAccessorImpl.invoke0(Native Method)
at sun.reflect.NativeMethodAccessorImpl.invoke(Unknown Source)
at sun.reflect.DelegatingMethodAccessorImpl.invoke(Unknown Source)
at java.lang.reflect.Method.invoke(Unknown Source)
at org.testng.internal.MethodInvocationHelper.invokeMethod(MethodInvocationHelper.java:132)
at org.testng.internal.TestInvoker.invokeMethod(TestInvoker.java:599)
at org.testng.internal.TestInvoker.invokeTestMethod(TestInvoker.java:174)
at org.testng.internal.MethodRunner.runInSequence(MethodRunner.java:46)
at org.testng.internal.TestInvoker$MethodInvocationAgent.invoke(TestInvoker.java:822)
at org.testng.internal.TestInvoker.invokeTestMethods(TestInvoker.java:147)
at org.testng.internal.TestMethodWorker.invokeTestMethods(TestMethodWorker.java:146)
at org.testng.internal.TestMethodWorker.run(TestMethodWorker.java:128)
at java.util.ArrayList.forEach(Unknown Source)
at org.testng.TestRunner.privateRun(TestRunner.java:764)
at org.testng.TestRunner.run(TestRunner.java:585)
at org.testng.SuiteRunner.runTest(SuiteRunner.java:384)
at org.testng.SuiteRunner.runSequentially(SuiteRunner.java:378)
at org.testng.SuiteRunner.privateRun(SuiteRunner.java:337)
at org.testng.SuiteRunner.run(SuiteRunner.java:286)
at org.testng.SuiteRunnerWorker.runSuite(SuiteRunnerWorker.java:53)
at org.testng.SuiteRunnerWorker.run(SuiteRunnerWorker.java:96)
at org.testng.TestNG.runSuitesSequentially(TestNG.java:1218)
at org.testng.TestNG.runSuitesLocally(TestNG.java:1140)
at org.testng.TestNG.runSuites(TestNG.java:1069)
at org.testng.TestNG.run(TestNG.java:1037)
at org.testng.remote.AbstractRemoteTestNG.run(AbstractRemoteTestNG.java:115)
at org.testng.remote.RemoteTestNG.initAndRun(RemoteTestNG.java:251)
at org.testng.remote.RemoteTestNG.main(RemoteTestNG.java:77)
]]>
    </failure>
  </testcase> <!-- Tender_Evaluation_with_OpeningApproval_N_Evaluationapproval_Y_NegotiateOnebidder_ApproveTwobidder -->
  <system-out/>
</testsuite> <!-- com.testScripts_mjunction.TG1_TC_Evaluation_12_Openingapproval_N_Regression_Evaluationapproval_Y -->
