<?xml version="1.0" encoding="UTF-8"?>
<!-- Generated by org.testng.reporters.JUnitReportReporter -->
<testsuite skipped="0" hostname="MLJT-2647" name="com.Indent_Creation.TC_04_Indent_Delete_Indent" tests="1" failures="0" timestamp="2025-01-22T17:01:24 IST" time="73.662" errors="0">
  <testcase name="CreateIndentDynamically" time="73.662" classname="com.Indent_Creation.TC_04_Indent_Delete_Indent"/>
  <system-out/>
</testsuite> <!-- com.Indent_Creation.TC_04_Indent_Delete_Indent -->
