<?xml version="1.0" encoding="UTF-8"?>
<!-- Generated by org.testng.reporters.JUnitReportReporter -->
<testsuite skipped="0" hostname="MJLT-1563" name="com.testScripts_mjunction.TG8_TC_Indent_03_Creation_with_approval_Reviewed_to_creator" tests="1" failures="0" timestamp="2021-06-02T14:12:41 IST" time="559.356" errors="0">
  <testcase name="Indent_creation_with_approval_Reviewed_TG8" time="559.356" classname="com.testScripts_mjunction.TG8_TC_Indent_03_Creation_with_approval_Reviewed_to_creator"/>
</testsuite> <!-- com.testScripts_mjunction.TG8_TC_Indent_03_Creation_with_approval_Reviewed_to_creator -->
