<?xml version="1.0" encoding="UTF-8"?>
<!-- Generated by org.testng.reporters.JUnitReportReporter -->
<testsuite skipped="0" hostname="MJLT-2170" name="com.testScripts_mjunction.TG1_TC_Indent_05_Delete_Indent" tests="1" failures="0" timestamp="2024-01-29T22:21:34 IST" time="125.249" errors="0">
  <testcase name="Indent_creation_with_approval" time="125.249" classname="com.testScripts_mjunction.TG1_TC_Indent_05_Delete_Indent"/>
  <system-out/>
</testsuite> <!-- com.testScripts_mjunction.TG1_TC_Indent_05_Delete_Indent -->
