<?xml version="1.0" encoding="UTF-8"?>
<!-- Generated by org.testng.reporters.JUnitReportReporter -->
<testsuite skipped="0" hostname="MLJT-2647" name="com.FetchField_Details.Tender_Fetch_FreshTender_FieldDetails" tests="1" failures="0" timestamp="2024-11-08T11:45:41 IST" time="109.702" errors="0">
  <testcase name="CreateFreshTenderDynamically" time="109.702" classname="com.FetchField_Details.Tender_Fetch_FreshTender_FieldDetails"/>
  <system-out/>
</testsuite> <!-- com.FetchField_Details.Tender_Fetch_FreshTender_FieldDetails -->
