<?xml version="1.0" encoding="UTF-8"?>
<!-- Generated by org.testng.reporters.JUnitReportReporter -->
<testsuite skipped="0" hostname="MJLT-1411" name="com.testScripts_mjunction.TG6_TC_BidSubmission_06_BidSubmitted_withonebidder" tests="1" failures="0" timestamp="12 May 2021 09:05:42 GMT" time="548.568" errors="0">
  <testcase name="Bid_submisison_with_onebidder_TG6" time="548.568" classname="com.testScripts_mjunction.TG6_TC_BidSubmission_06_BidSubmitted_withonebidder"/>
</testsuite> <!-- com.testScripts_mjunction.TG6_TC_BidSubmission_06_BidSubmitted_withonebidder -->
