<?xml version="1.0" encoding="UTF-8"?>
<!-- Generated by org.testng.reporters.JUnitReportReporter -->
<testsuite skipped="0" hostname="MJLT-2170" name="com.testScripts_mjunction.TC_EPS_PO_09_Release_order" tests="1" failures="0" timestamp="2024-05-24T16:45:24 IST" time="552.277" errors="0">
  <testcase name="f" time="552.277" classname="com.testScripts_mjunction.TC_EPS_PO_09_Release_order"/>
  <system-out/>
</testsuite> <!-- com.testScripts_mjunction.TC_EPS_PO_09_Release_order -->
