<?xml version="1.0" encoding="UTF-8"?>
<!-- Generated by org.testng.reporters.JUnitReportReporter -->
<testsuite skipped="0" hostname="MJLT-2170" name="com.testScripts_mjunction.TC_EPS_PO_03_Cancelled_Test" tests="1" failures="0" timestamp="2024-02-29T21:18:49 IST" time="603.449" errors="0">
  <testcase name="f" time="603.449" classname="com.testScripts_mjunction.TC_EPS_PO_03_Cancelled_Test"/>
  <system-out/>
</testsuite> <!-- com.testScripts_mjunction.TC_EPS_PO_03_Cancelled_Test -->
