<?xml version="1.0" encoding="UTF-8"?>
<!-- Generated by org.testng.reporters.JUnitReportReporter -->
<testsuite skipped="0" hostname="MLJT-2647" name="com.Tender_Creation.TC_06_Tender_Creation_From_Indent_without_approver" tests="1" failures="0" timestamp="2024-11-08T13:03:32 IST" time="1392.271" errors="0">
  <testcase name="CreateIndentDynamically" time="1392.271" classname="com.Tender_Creation.TC_06_Tender_Creation_From_Indent_without_approver"/>
  <system-out/>
</testsuite> <!-- com.Tender_Creation.TC_06_Tender_Creation_From_Indent_without_approver -->
