<?xml version="1.0" encoding="UTF-8"?>
<!-- Generated by org.testng.reporters.JUnitReportReporter -->
<testsuite skipped="0" hostname="MLJT-2647" name="com.Corrigendum.TC_01_Corrigendum_without_approver" tests="1" failures="0" timestamp="2025-01-27T16:05:03 IST" time="90.582" errors="0">
  <testcase name="CreateFreshTenderDynamically" time="90.582" classname="com.Corrigendum.TC_01_Corrigendum_without_approver"/>
  <system-out/>
</testsuite> <!-- com.Corrigendum.TC_01_Corrigendum_without_approver -->
