<?xml version="1.0" encoding="UTF-8"?>
<!-- Generated by org.testng.reporters.JUnitReportReporter -->
<testsuite skipped="0" hostname="MJLT-1563" name="com.testScripts_mjunction.TG1_TC_Evaluation_11_Openingapproval_Y_Evaluationapproval_Y_Backup" tests="1" failures="0" timestamp="2024-01-26T23:11:56 IST" time="343.628" errors="0">
  <testcase name="Tender_Evaluation_with_OpeningApproval_Y_Evaluationapproval_Y" time="343.628" classname="com.testScripts_mjunction.TG1_TC_Evaluation_11_Openingapproval_Y_Evaluationapproval_Y_Backup"/>
  <system-out/>
</testsuite> <!-- com.testScripts_mjunction.TG1_TC_Evaluation_11_Openingapproval_Y_Evaluationapproval_Y_Backup -->
