<?xml version="1.0" encoding="UTF-8"?>
<!-- Generated by org.testng.reporters.JUnitReportReporter -->
<testsuite skipped="0" hostname="MJLT-2170" name="com.Indent_Creation.TC_10_All_ClarificationOrDiscussion" tests="1" failures="0" timestamp="2024-11-04T12:49:56 IST" time="233.564" errors="0">
  <testcase name="CreateIndentDynamically" time="233.564" classname="com.Indent_Creation.TC_10_All_ClarificationOrDiscussion"/>
  <system-out/>
</testsuite> <!-- com.Indent_Creation.TC_10_All_ClarificationOrDiscussion -->
