<?xml version="1.0" encoding="UTF-8"?>
<!-- Generated by org.testng.reporters.JUnitReportReporter -->
<testsuite skipped="0" hostname="MJLT-2170" name="com.testScripts_mjunction.TC_EPS_PO_05_with_multiple_approvers" tests="1" failures="0" timestamp="2024-02-22T11:36:00 IST" time="3284.249" errors="0">
  <testcase name="f" time="3284.249" classname="com.testScripts_mjunction.TC_EPS_PO_05_with_multiple_approvers"/>
  <system-out/>
</testsuite> <!-- com.testScripts_mjunction.TC_EPS_PO_05_with_multiple_approvers -->
