<?xml version="1.0" encoding="UTF-8"?>
<!-- Generated by org.testng.reporters.JUnitReportReporter -->
<testsuite skipped="0" hostname="MJLT-2170" name="com.VerifyIndividualFunctionalityofApprovalFlow.TC_SN_Recall_by_creator" tests="1" failures="0" timestamp="2024-06-11T13:02:44 IST" time="344.683" errors="0">
  <testcase name="f" time="344.683" classname="com.VerifyIndividualFunctionalityofApprovalFlow.TC_SN_Recall_by_creator"/>
  <system-out/>
</testsuite> <!-- com.VerifyIndividualFunctionalityofApprovalFlow.TC_SN_Recall_by_creator -->
