<?xml version="1.0" encoding="UTF-8"?>
<!-- Generated by org.testng.reporters.JUnitReportReporter -->
<testsuite skipped="0" hostname="MJLT-2643" name="com.Dynamicity.CreatePO_FromSN_Dynamically" tests="1" failures="0" timestamp="2024-09-23T23:45:02 IST" time="1061.752" errors="0">
  <testcase name="createPOFromSN_Dynamically" time="1061.752" classname="com.Dynamicity.CreatePO_FromSN_Dynamically"/>
  <system-out/>
</testsuite> <!-- com.Dynamicity.CreatePO_FromSN_Dynamically -->
