<?xml version="1.0" encoding="UTF-8"?>
<!-- Generated by org.testng.reporters.JUnitReportReporter -->
<testsuite skipped="0" hostname="MJLT-2170" name="com.VerifyPagesUpAndRunning.VerifyTenderCorrigendumPending_CompletedWFPage" tests="1" failures="0" timestamp="2024-05-14T15:14:47 IST" time="140.934" errors="0">
  <testcase name="TenderCorrigendumPending_CompletedWFPage" time="140.934" classname="com.VerifyPagesUpAndRunning.VerifyTenderCorrigendumPending_CompletedWFPage"/>
  <system-out/>
</testsuite> <!-- com.VerifyPagesUpAndRunning.VerifyTenderCorrigendumPending_CompletedWFPage -->
