<?xml version="1.0" encoding="UTF-8"?>
<!-- Generated by org.testng.reporters.JUnitReportReporter -->
<testsuite skipped="0" hostname="MJLT-2643" name="com.Tender_Creation.TC_04_Fresh_Tender_Without_approver" tests="1" failures="0" timestamp="2025-01-22T18:32:48 IST" time="224.813" errors="0">
  <testcase name="CreateFreshTenderDynamically" time="224.813" classname="com.Tender_Creation.TC_04_Fresh_Tender_Without_approver"/>
  <system-out/>
</testsuite> <!-- com.Tender_Creation.TC_04_Fresh_Tender_Without_approver -->
