<?xml version="1.0" encoding="UTF-8"?>
<!-- Generated by org.testng.reporters.JUnitReportReporter -->
<testsuite skipped="0" hostname="MJLT-2643" name="com.Dynamicity.BidSubmissionFor2ndSupplier_Dynamically" tests="1" failures="0" timestamp="2024-06-02T14:21:01 IST" time="875.561" errors="0">
  <testcase name="createEvaluationFromPR_Dynamically" time="875.561" classname="com.Dynamicity.BidSubmissionFor2ndSupplier_Dynamically"/>
  <system-out/>
</testsuite> <!-- com.Dynamicity.BidSubmissionFor2ndSupplier_Dynamically -->
