<?xml version="1.0" encoding="UTF-8"?>
<!-- Generated by org.testng.reporters.JUnitReportReporter -->
<testsuite skipped="0" hostname="MJLT-1553" name="com.testScripts_mjunction.TG1_TC_CancelTender_02" tests="1" failures="0" timestamp="2024-04-25T15:49:00 IST" time="1320.431" errors="0">
  <testcase name="Tenderpublished_after_tender_approval_TG1" time="1320.431" classname="com.testScripts_mjunction.TG1_TC_CancelTender_02"/>
  <system-out/>
</testsuite> <!-- com.testScripts_mjunction.TG1_TC_CancelTender_02 -->
