<?xml version="1.0" encoding="UTF-8"?>
<!-- Generated by org.testng.reporters.JUnitReportReporter -->
<testsuite skipped="0" hostname="MJLT-2170" name="com.testScripts_mjunction.TG1_TC_Indent_03_Creation_with_No_approval" tests="1" failures="0" timestamp="2024-02-19T14:45:09 IST" time="309.654" errors="0">
  <testcase name="Indent_creation_with_No_approval" time="309.654" classname="com.testScripts_mjunction.TG1_TC_Indent_03_Creation_with_No_approval"/>
  <system-out/>
</testsuite> <!-- com.testScripts_mjunction.TG1_TC_Indent_03_Creation_with_No_approval -->
