<?xml version="1.0" encoding="UTF-8"?>
<!-- Generated by org.testng.reporters.JUnitReportReporter -->
<testsuite skipped="0" hostname="MJLT-1411" name="com.testScripts_mjunction.TG5_TC_Negotiation_17_Openingapproval_N_Evaluationapproval_N_NegotiateTwobidder_RejectOnebidder" tests="1" failures="0" timestamp="05 May 2021 10:51:55 GMT" time="4124.085" errors="0">
  <testcase name="Tender_Evaluation_with_OpeningApproval_N_Evaluationapproval_N_NegotiateTwobidder_RejectOnebidder_TG5" time="4124.085" classname="com.testScripts_mjunction.TG5_TC_Negotiation_17_Openingapproval_N_Evaluationapproval_N_NegotiateTwobidder_RejectOnebidder"/>
</testsuite> <!-- com.testScripts_mjunction.TG5_TC_Negotiation_17_Openingapproval_N_Evaluationapproval_N_NegotiateTwobidder_RejectOnebidder -->
