<?xml version="1.0" encoding="UTF-8"?>
<!-- Generated by org.testng.reporters.JUnitReportReporter -->
<testsuite skipped="0" hostname="MJLT-1411" name="com.testScripts_mjunction.TG1_TC_BidSubmission_09_verifying_Withdraw_functionality" tests="1" failures="0" timestamp="23 Feb 2021 12:21:48 GMT" time="1217.985" errors="0">
  <testcase name="Verifying_Withdrawbid_functionality" time="1217.985" classname="com.testScripts_mjunction.TG1_TC_BidSubmission_09_verifying_Withdraw_functionality"/>
</testsuite> <!-- com.testScripts_mjunction.TG1_TC_BidSubmission_09_verifying_Withdraw_functionality -->
