<?xml version="1.0" encoding="UTF-8"?>
<!-- Generated by org.testng.reporters.JUnitReportReporter -->
<testsuite skipped="0" hostname="MJLT-2170" name="com.testScripts_mjunction.TC_EPS_PO_07_Amend_PO" tests="1" failures="0" timestamp="2024-06-06T16:09:22 IST" time="1054.952" errors="0">
  <testcase name="f" time="1054.952" classname="com.testScripts_mjunction.TC_EPS_PO_07_Amend_PO"/>
  <system-out/>
</testsuite> <!-- com.testScripts_mjunction.TC_EPS_PO_07_Amend_PO -->
