<?xml version="1.0" encoding="UTF-8"?>
<!-- Generated by org.testng.reporters.JUnitReportReporter -->
<testsuite skipped="0" hostname="MJLT-2170" name="com.testScripts_mjunction.TC_EPS_PO_01_No_Approval" tests="1" failures="0" timestamp="2024-02-28T18:07:09 IST" time="355.630" errors="0">
  <testcase name="f" time="355.630" classname="com.testScripts_mjunction.TC_EPS_PO_01_No_Approval"/>
  <system-out/>
</testsuite> <!-- com.testScripts_mjunction.TC_EPS_PO_01_No_Approval -->
