<?xml version="1.0" encoding="UTF-8"?>
<!-- Generated by org.testng.reporters.JUnitReportReporter -->
<testsuite skipped="0" hostname="MJLT-1563" name="com.testScripts_mjunction.TG8_TC_Indent_08_Create_RFQ_from_Indent" tests="1" failures="0" timestamp="2021-06-03T12:54:48 IST" time="520.188" errors="0">
  <testcase name="Verifying_Create_TFQ_from_indent_TG8" time="520.188" classname="com.testScripts_mjunction.TG8_TC_Indent_08_Create_RFQ_from_Indent"/>
</testsuite> <!-- com.testScripts_mjunction.TG8_TC_Indent_08_Create_RFQ_from_Indent -->
