<?xml version="1.0" encoding="UTF-8"?>
<!-- Generated by org.testng.reporters.JUnitReportReporter -->
<testsuite skipped="0" hostname="MJLT-2170" name="com.ProductionDefects.Tender_PD_134319" tests="1" failures="0" timestamp="2025-01-28T17:15:05 IST" time="38.585" errors="0">
  <testcase name="ProductionDefect_135540" time="38.585" classname="com.ProductionDefects.Tender_PD_134319"/>
  <system-out/>
</testsuite> <!-- com.ProductionDefects.Tender_PD_134319 -->
