<?xml version="1.0" encoding="UTF-8"?>
<!-- Generated by org.testng.reporters.JUnitReportReporter -->
<testsuite skipped="0" hostname="MJLT-2170" name="com.Dynamicity.CreateIndent_test" tests="1" failures="0" timestamp="2024-07-31T18:13:25 IST" time="3.978" errors="0">
  <testcase name="CreateIndentDynamically" time="3.978" classname="com.Dynamicity.CreateIndent_test"/>
  <system-out/>
</testsuite> <!-- com.Dynamicity.CreateIndent_test -->
