<?xml version="1.0" encoding="UTF-8"?>
<!-- Generated by org.testng.reporters.JUnitReportReporter -->
<testsuite skipped="0" hostname="MJLT-1563" name="com.testScripts_mjunction.TG7_TC_BidSubmission_06_BidSubmitted_withonebidder" tests="1" failures="0" timestamp="2021-05-21T11:41:09 IST" time="559.520" errors="0">
  <testcase name="Bid_submisison_with_onebidder_TG7" time="559.520" classname="com.testScripts_mjunction.TG7_TC_BidSubmission_06_BidSubmitted_withonebidder"/>
</testsuite> <!-- com.testScripts_mjunction.TG7_TC_BidSubmission_06_BidSubmitted_withonebidder -->
