<?xml version="1.0" encoding="UTF-8"?>
<!-- Generated by org.testng.reporters.JUnitReportReporter -->
<testsuite skipped="0" hostname="MJLT-2170" name="com.VerifyIndividualFunctionalityofApprovalFlow_Dynamic.TC_LOA_Revert_back_to_creator" tests="1" failures="0" timestamp="2024-12-02T15:34:32 IST" time="1531.746" errors="0">
  <testcase name="f" time="1531.746" classname="com.VerifyIndividualFunctionalityofApprovalFlow_Dynamic.TC_LOA_Revert_back_to_creator"/>
  <system-out/>
</testsuite> <!-- com.VerifyIndividualFunctionalityofApprovalFlow_Dynamic.TC_LOA_Revert_back_to_creator -->
