<?xml version="1.0" encoding="UTF-8"?>
<!-- Generated by org.testng.reporters.JUnitReportReporter -->
<testsuite skipped="0" hostname="MJLT-2170" name="com.testScripts_mjunction.TC_SN_07VerifyEndToEndWorkFlowOfSanctionNoteWith_Team_Workflow" tests="1" failures="0" timestamp="2024-02-21T18:11:15 IST" time="277.252" errors="0">
  <testcase name="f" time="277.252" classname="com.testScripts_mjunction.TC_SN_07VerifyEndToEndWorkFlowOfSanctionNoteWith_Team_Workflow"/>
  <system-out/>
</testsuite> <!-- com.testScripts_mjunction.TC_SN_07VerifyEndToEndWorkFlowOfSanctionNoteWith_Team_Workflow -->
