<?xml version="1.0" encoding="UTF-8"?>
<!-- Generated by org.testng.reporters.JUnitReportReporter -->
<testsuite skipped="0" hostname="MJLT-1563" name="com.testScripts_mjunction.TG7_TC_Evaluation_11_Openingapproval_Y_Evaluationapproval_Y" tests="1" failures="0" timestamp="2021-05-25T18:09:23 IST" time="2454.682" errors="0">
  <testcase name="Tender_Evaluation_with_OpeningApproval_Y_Evaluationapproval_Y_TG7" time="2454.682" classname="com.testScripts_mjunction.TG7_TC_Evaluation_11_Openingapproval_Y_Evaluationapproval_Y"/>
</testsuite> <!-- com.testScripts_mjunction.TG7_TC_Evaluation_11_Openingapproval_Y_Evaluationapproval_Y -->
