<?xml version="1.0" encoding="UTF-8"?>
<!-- Generated by org.testng.reporters.JUnitReportReporter -->
<testsuite skipped="0" hostname="MJLT-2170" name="com.testScripts_mjunction.TC_SN_04VerifyDeleteOfSanctionNoteTest" tests="1" failures="0" timestamp="2024-02-12T21:56:00 IST" time="134.801" errors="0">
  <testcase name="f" time="134.801" classname="com.testScripts_mjunction.TC_SN_04VerifyDeleteOfSanctionNoteTest"/>
  <system-out/>
</testsuite> <!-- com.testScripts_mjunction.TC_SN_04VerifyDeleteOfSanctionNoteTest -->
