<?xml version="1.0" encoding="UTF-8"?>
<!-- Generated by org.testng.reporters.JUnitReportReporter -->
<testsuite skipped="0" hostname="MLJT-2647" name="com.testScripts_mjunction.TC_EPS_PO_03_Cancelled_Test" tests="1" failures="0" timestamp="2024-06-26T13:24:13 IST" time="870.669" errors="0">
  <testcase name="f" time="870.669" classname="com.testScripts_mjunction.TC_EPS_PO_03_Cancelled_Test"/>
  <system-out/>
</testsuite> <!-- com.testScripts_mjunction.TC_EPS_PO_03_Cancelled_Test -->
