<?xml version="1.0" encoding="UTF-8"?>
<!-- Generated by org.testng.reporters.JUnitReportReporter -->
<testsuite skipped="0" hostname="MJLT-1563" name="com.testScripts_mjunction.TG1_TC_Indent_01_Creation_with_approval" tests="1" failures="0" timestamp="2024-02-05T11:34:53 IST" time="485.208" errors="0">
  <testcase name="Indent_creation_with_approval" time="485.208" classname="com.testScripts_mjunction.TG1_TC_Indent_01_Creation_with_approval"/>
  <system-out/>
</testsuite> <!-- com.testScripts_mjunction.TG1_TC_Indent_01_Creation_with_approval -->
