<?xml version="1.0" encoding="UTF-8"?>
<!-- Generated by org.testng.reporters.JUnitReportReporter -->
<testsuite skipped="0" hostname="MJLT-2170" name="com.ChangeRequest.Notesheet_06_Delete_Notesheet" tests="1" failures="0" timestamp="2024-09-13T14:01:59 IST" time="228.740" errors="0">
  <testcase name="f" time="228.740" classname="com.ChangeRequest.Notesheet_06_Delete_Notesheet"/>
  <system-out/>
</testsuite> <!-- com.ChangeRequest.Notesheet_06_Delete_Notesheet -->
