<?xml version="1.0" encoding="UTF-8"?>
<!-- Generated by org.testng.reporters.JUnitReportReporter -->
<testsuite skipped="0" hostname="MJLT-2170" name="com.VerifyIndividualFunctionalityofApprovalFlow.TC_SN_Revert_back_to_creator" tests="1" failures="0" timestamp="2024-06-11T14:47:42 IST" time="1116.381" errors="0">
  <testcase name="f" time="1116.381" classname="com.VerifyIndividualFunctionalityofApprovalFlow.TC_SN_Revert_back_to_creator"/>
  <system-out/>
</testsuite> <!-- com.VerifyIndividualFunctionalityofApprovalFlow.TC_SN_Revert_back_to_creator -->
