<?xml version="1.0" encoding="UTF-8"?>
<!-- Generated by org.testng.reporters.JUnitReportReporter -->
<testsuite skipped="0" hostname="MJLT-1563" name="com.testScripts_mjunction.TG8_TC_BidSubmission_07_verifying_Rebid_functionality" tests="1" failures="0" timestamp="2021-06-08T22:00:39 IST" time="1198.811" errors="0">
  <testcase name="Verifying_Rebid_functionality_TG8" time="1198.811" classname="com.testScripts_mjunction.TG8_TC_BidSubmission_07_verifying_Rebid_functionality"/>
</testsuite> <!-- com.testScripts_mjunction.TG8_TC_BidSubmission_07_verifying_Rebid_functionality -->
