<?xml version="1.0" encoding="UTF-8"?>
<!-- Generated by org.testng.reporters.JUnitReportReporter -->
<testsuite skipped="0" hostname="MJLT-2170" name="com.VerifyPagesUpAndRunning.VerifyTenderPending_CompletedWFPage" tests="1" failures="0" timestamp="2024-05-14T15:18:27 IST" time="140.151" errors="0">
  <testcase name="TenderPending_CompletedWFPage" time="140.151" classname="com.VerifyPagesUpAndRunning.VerifyTenderPending_CompletedWFPage"/>
  <system-out/>
</testsuite> <!-- com.VerifyPagesUpAndRunning.VerifyTenderPending_CompletedWFPage -->
