<?xml version="1.0" encoding="UTF-8"?>
<!-- Generated by org.testng.reporters.JUnitReportReporter -->
<testsuite skipped="0" hostname="MJLT-2170" name="com.VerifyPagesUpAndRunning.VerifySupplierOrderPages" tests="1" failures="0" timestamp="2024-05-14T15:09:56 IST" time="92.325" errors="0">
  <testcase name="SupplierPages" time="92.325" classname="com.VerifyPagesUpAndRunning.VerifySupplierOrderPages"/>
  <system-out/>
</testsuite> <!-- com.VerifyPagesUpAndRunning.VerifySupplierOrderPages -->
