<?xml version="1.0" encoding="UTF-8"?>
<!-- Generated by org.testng.reporters.JUnitReportReporter -->
<testsuite skipped="0" hostname="MJLT-2170" name="com.testScripts_mjunction.TG1_TC_Corrigendum_03_DateCorrigendum_withApproval_Livestate" tests="1" failures="0" timestamp="2024-03-13T15:59:56 IST" time="123.694" errors="0">
  <testcase name="Date_Corrigendum_approval_Live_state" time="123.694" classname="com.testScripts_mjunction.TG1_TC_Corrigendum_03_DateCorrigendum_withApproval_Livestate"/>
  <system-out/>
</testsuite> <!-- com.testScripts_mjunction.TG1_TC_Corrigendum_03_DateCorrigendum_withApproval_Livestate -->
